<?xml version="1.0" encoding="UTF-8"?>
<coverage generated="1658288580299" clover="3.2.0">
  <project timestamp="1658288580299" name="All files">
    <metrics statements="244" coveredstatements="158" conditionals="116" coveredconditionals="83" methods="87" coveredmethods="37" elements="447" coveredelements="278" complexity="0" loc="244" ncloc="244" packages="13" files="28" classes="28"/>
    <package name="app">
      <metrics statements="3" coveredstatements="3" conditionals="2" coveredconditionals="2" methods="3" coveredmethods="3"/>
      <file name="test-utils.jsx" path="/Users/BungBruce/HackReactor/NotNaked/src/app/test-utils.jsx">
        <metrics statements="3" coveredstatements="3" conditionals="2" coveredconditionals="2" methods="3" coveredmethods="3"/>
        <line num="36" count="10" type="stmt"/>
        <line num="43" count="10" type="stmt"/>
        <line num="49" count="10" type="stmt"/>
      </file>
    </package>
    <package name="config">
      <metrics statements="1" coveredstatements="1" conditionals="0" coveredconditionals="0" methods="0" coveredmethods="0"/>
      <file name="config.js" path="/Users/BungBruce/HackReactor/NotNaked/src/config/config.js">
        <metrics statements="1" coveredstatements="1" conditionals="0" coveredconditionals="0" methods="0" coveredmethods="0"/>
        <line num="4" count="1" type="stmt"/>
      </file>
    </package>
    <package name="features.Overview.StyleSelector">
      <metrics statements="4" coveredstatements="3" conditionals="0" coveredconditionals="0" methods="1" coveredmethods="0"/>
      <file name="styleSlice.js" path="/Users/BungBruce/HackReactor/NotNaked/src/features/Overview/StyleSelector/styleSlice.js">
        <metrics statements="4" coveredstatements="3" conditionals="0" coveredconditionals="0" methods="1" coveredmethods="0"/>
        <line num="6" count="1" type="stmt"/>
        <line num="10" count="1" type="stmt"/>
        <line num="15" count="0" type="stmt"/>
        <line num="20" count="1" type="stmt"/>
      </file>
    </package>
    <package name="features.QuestionsAndAnswers">
      <metrics statements="16" coveredstatements="12" conditionals="6" coveredconditionals="5" methods="4" coveredmethods="2"/>
      <file name="QuestionsAndAnswers.jsx" path="/Users/BungBruce/HackReactor/NotNaked/src/features/QuestionsAndAnswers/QuestionsAndAnswers.jsx">
        <metrics statements="2" coveredstatements="2" conditionals="0" coveredconditionals="0" methods="1" coveredmethods="1"/>
        <line num="11" count="5" type="stmt"/>
        <line num="23" count="1" type="stmt"/>
      </file>
      <file name="QuestionsAndAnswers.module.css" path="/Users/BungBruce/HackReactor/NotNaked/src/features/QuestionsAndAnswers/QuestionsAndAnswers.module.css">
        <metrics statements="10" coveredstatements="7" conditionals="6" coveredconditionals="5" methods="2" coveredmethods="1"/>
        <line num="1" count="1" type="stmt"/>
        <line num="3" count="1" type="cond" truecount="3" falsecount="1"/>
        <line num="4" count="1" type="stmt"/>
        <line num="7" count="1" type="stmt"/>
        <line num="9" count="11" type="cond" truecount="2" falsecount="0"/>
        <line num="10" count="10" type="stmt"/>
        <line num="12" count="1" type="stmt"/>
        <line num="16" count="0" type="stmt"/>
        <line num="20" count="0" type="stmt"/>
        <line num="23" count="0" type="stmt"/>
      </file>
      <file name="questionsAndAnswersSlice.jsx" path="/Users/BungBruce/HackReactor/NotNaked/src/features/QuestionsAndAnswers/questionsAndAnswersSlice.jsx">
        <metrics statements="4" coveredstatements="3" conditionals="0" coveredconditionals="0" methods="1" coveredmethods="0"/>
        <line num="4" count="1" type="stmt"/>
        <line num="8" count="1" type="stmt"/>
        <line num="13" count="0" type="stmt"/>
        <line num="18" count="1" type="stmt"/>
      </file>
    </package>
    <package name="features.QuestionsAndAnswers.QAModals">
      <metrics statements="27" coveredstatements="14" conditionals="21" coveredconditionals="15" methods="8" coveredmethods="2"/>
      <file name="AddQA.jsx" path="/Users/BungBruce/HackReactor/NotNaked/src/features/QuestionsAndAnswers/QAModals/AddQA.jsx">
        <metrics statements="17" coveredstatements="7" conditionals="15" coveredconditionals="10" methods="6" coveredmethods="1"/>
        <line num="13" count="5" type="stmt"/>
        <line num="14" count="5" type="stmt"/>
        <line num="15" count="5" type="stmt"/>
        <line num="16" count="5" type="stmt"/>
        <line num="17" count="5" type="stmt"/>
        <line num="19" count="5" type="stmt"/>
        <line num="21" count="0" type="stmt"/>
        <line num="46" count="0" type="stmt"/>
        <line num="47" count="0" type="stmt"/>
        <line num="53" count="0" type="cond" truecount="0" falsecount="2"/>
        <line num="54" count="0" type="stmt"/>
        <line num="56" count="0" type="stmt"/>
        <line num="58" count="0" type="stmt"/>
        <line num="63" count="0" type="stmt"/>
        <line num="69" count="0" type="stmt"/>
        <line num="79" count="0" type="stmt"/>
        <line num="89" count="1" type="stmt"/>
      </file>
      <file name="AddQA.module.css" path="/Users/BungBruce/HackReactor/NotNaked/src/features/QuestionsAndAnswers/QAModals/AddQA.module.css">
        <metrics statements="10" coveredstatements="7" conditionals="6" coveredconditionals="5" methods="2" coveredmethods="1"/>
        <line num="1" count="1" type="stmt"/>
        <line num="3" count="1" type="cond" truecount="3" falsecount="1"/>
        <line num="4" count="1" type="stmt"/>
        <line num="7" count="1" type="stmt"/>
        <line num="9" count="36" type="cond" truecount="2" falsecount="0"/>
        <line num="10" count="35" type="stmt"/>
        <line num="12" count="1" type="stmt"/>
        <line num="16" count="0" type="stmt"/>
        <line num="20" count="0" type="stmt"/>
        <line num="23" count="0" type="stmt"/>
      </file>
    </package>
    <package name="features.QuestionsAndAnswers.QASearch">
      <metrics statements="15" coveredstatements="10" conditionals="6" coveredconditionals="5" methods="6" coveredmethods="3"/>
      <file name="Search.jsx" path="/Users/BungBruce/HackReactor/NotNaked/src/features/QuestionsAndAnswers/QASearch/Search.jsx">
        <metrics statements="5" coveredstatements="3" conditionals="0" coveredconditionals="0" methods="4" coveredmethods="2"/>
        <line num="10" count="5" type="stmt"/>
        <line num="11" count="70" type="stmt"/>
        <line num="13" count="5" type="stmt"/>
        <line num="14" count="0" type="stmt"/>
        <line num="15" count="0" type="stmt"/>
      </file>
      <file name="Search.module.css" path="/Users/BungBruce/HackReactor/NotNaked/src/features/QuestionsAndAnswers/QASearch/Search.module.css">
        <metrics statements="10" coveredstatements="7" conditionals="6" coveredconditionals="5" methods="2" coveredmethods="1"/>
        <line num="1" count="1" type="stmt"/>
        <line num="3" count="1" type="cond" truecount="3" falsecount="1"/>
        <line num="4" count="1" type="stmt"/>
        <line num="7" count="1" type="stmt"/>
        <line num="9" count="16" type="cond" truecount="2" falsecount="0"/>
        <line num="10" count="15" type="stmt"/>
        <line num="12" count="1" type="stmt"/>
        <line num="16" count="0" type="stmt"/>
        <line num="20" count="0" type="stmt"/>
        <line num="23" count="0" type="stmt"/>
      </file>
    </package>
    <package name="features.QuestionsAndAnswers.QuestionsList">
      <metrics statements="38" coveredstatements="30" conditionals="24" coveredconditionals="17" methods="12" coveredmethods="8"/>
      <file name="QuestionsList.jsx" path="/Users/BungBruce/HackReactor/NotNaked/src/features/QuestionsAndAnswers/QuestionsList/QuestionsList.jsx">
        <metrics statements="28" coveredstatements="23" conditionals="18" coveredconditionals="12" methods="10" coveredmethods="7"/>
        <line num="14" count="33" type="stmt"/>
        <line num="15" count="33" type="stmt"/>
        <line num="17" count="78" type="stmt"/>
        <line num="19" count="33" type="cond" truecount="1" falsecount="1"/>
        <line num="20" count="33" type="stmt"/>
        <line num="23" count="33" type="stmt"/>
        <line num="24" count="33" type="stmt"/>
        <line num="26" count="33" type="stmt"/>
        <line num="28" count="33" type="stmt"/>
        <line num="29" count="0" type="stmt"/>
        <line num="33" count="33" type="stmt"/>
        <line num="34" count="90" type="stmt"/>
        <line num="35" count="20" type="cond" truecount="3" falsecount="1"/>
        <line num="36" count="0" type="stmt"/>
        <line num="38" count="20" type="stmt"/>
        <line num="42" count="33" type="stmt"/>
        <line num="43" count="20" type="stmt"/>
        <line num="46" count="33" type="cond" truecount="1" falsecount="1"/>
        <line num="47" count="0" type="stmt"/>
        <line num="50" count="33" type="cond" truecount="2" falsecount="0"/>
        <line num="51" count="21" type="stmt"/>
        <line num="54" count="12" type="cond" truecount="1" falsecount="1"/>
        <line num="55" count="180" type="stmt"/>
        <line num="56" count="12" type="stmt"/>
        <line num="73" count="24" type="stmt"/>
        <line num="79" count="0" type="stmt"/>
        <line num="85" count="0" type="stmt"/>
        <line num="94" count="1" type="stmt"/>
      </file>
      <file name="QuestionsList.module.css" path="/Users/BungBruce/HackReactor/NotNaked/src/features/QuestionsAndAnswers/QuestionsList/QuestionsList.module.css">
        <metrics statements="10" coveredstatements="7" conditionals="6" coveredconditionals="5" methods="2" coveredmethods="1"/>
        <line num="1" count="1" type="stmt"/>
        <line num="3" count="1" type="cond" truecount="3" falsecount="1"/>
        <line num="4" count="1" type="stmt"/>
        <line num="7" count="1" type="stmt"/>
        <line num="9" count="13" type="cond" truecount="2" falsecount="0"/>
        <line num="10" count="12" type="stmt"/>
        <line num="12" count="1" type="stmt"/>
        <line num="16" count="0" type="stmt"/>
        <line num="20" count="0" type="stmt"/>
        <line num="23" count="0" type="stmt"/>
      </file>
    </package>
    <package name="features.QuestionsAndAnswers.QuestionsList.QuestionCard">
      <metrics statements="55" coveredstatements="39" conditionals="35" coveredconditionals="26" methods="15" coveredmethods="6"/>
      <file name="AnswerCard.jsx" path="/Users/BungBruce/HackReactor/NotNaked/src/features/QuestionsAndAnswers/QuestionsList/QuestionCard/AnswerCard.jsx">
        <metrics statements="11" coveredstatements="8" conditionals="6" coveredconditionals="5" methods="4" coveredmethods="2"/>
        <line num="20" count="20" type="stmt"/>
        <line num="21" count="20" type="stmt"/>
        <line num="23" count="20" type="stmt"/>
        <line num="24" count="20" type="stmt"/>
        <line num="25" count="20" type="stmt"/>
        <line num="27" count="20" type="stmt"/>
        <line num="36" count="25" type="stmt"/>
        <line num="49" count="0" type="stmt"/>
        <line num="50" count="0" type="stmt"/>
        <line num="59" count="0" type="stmt"/>
        <line num="66" count="1" type="stmt"/>
      </file>
      <file name="AnswerCard.module.css" path="/Users/BungBruce/HackReactor/NotNaked/src/features/QuestionsAndAnswers/QuestionsList/QuestionCard/AnswerCard.module.css">
        <metrics statements="10" coveredstatements="7" conditionals="6" coveredconditionals="5" methods="2" coveredmethods="1"/>
        <line num="1" count="1" type="stmt"/>
        <line num="3" count="1" type="cond" truecount="3" falsecount="1"/>
        <line num="4" count="1" type="stmt"/>
        <line num="7" count="1" type="stmt"/>
        <line num="9" count="126" type="cond" truecount="2" falsecount="0"/>
        <line num="10" count="125" type="stmt"/>
        <line num="12" count="1" type="stmt"/>
        <line num="16" count="0" type="stmt"/>
        <line num="20" count="0" type="stmt"/>
        <line num="23" count="0" type="stmt"/>
      </file>
      <file name="QuestionCard.jsx" path="/Users/BungBruce/HackReactor/NotNaked/src/features/QuestionsAndAnswers/QuestionsList/QuestionCard/QuestionCard.jsx">
        <metrics statements="24" coveredstatements="17" conditionals="17" coveredconditionals="11" methods="7" coveredmethods="2"/>
        <line num="25" count="32" type="stmt"/>
        <line num="26" count="32" type="stmt"/>
        <line num="27" count="32" type="stmt"/>
        <line num="28" count="32" type="stmt"/>
        <line num="30" count="32" type="stmt"/>
        <line num="31" count="32" type="stmt"/>
        <line num="32" count="32" type="stmt"/>
        <line num="33" count="32" type="stmt"/>
        <line num="35" count="32" type="stmt"/>
        <line num="36" count="0" type="stmt"/>
        <line num="39" count="32" type="cond" truecount="1" falsecount="1"/>
        <line num="40" count="0" type="stmt"/>
        <line num="43" count="32" type="cond" truecount="2" falsecount="0"/>
        <line num="44" count="22" type="stmt"/>
        <line num="47" count="10" type="cond" truecount="1" falsecount="1"/>
        <line num="48" count="10" type="stmt"/>
        <line num="49" count="10" type="stmt"/>
        <line num="71" count="0" type="stmt"/>
        <line num="72" count="0" type="stmt"/>
        <line num="84" count="0" type="stmt"/>
        <line num="93" count="20" type="stmt"/>
        <line num="99" count="0" type="stmt"/>
        <line num="109" count="0" type="stmt"/>
        <line num="121" count="1" type="stmt"/>
      </file>
      <file name="QuestionCard.module.css" path="/Users/BungBruce/HackReactor/NotNaked/src/features/QuestionsAndAnswers/QuestionsList/QuestionCard/QuestionCard.module.css">
        <metrics statements="10" coveredstatements="7" conditionals="6" coveredconditionals="5" methods="2" coveredmethods="1"/>
        <line num="1" count="1" type="stmt"/>
        <line num="3" count="1" type="cond" truecount="3" falsecount="1"/>
        <line num="4" count="1" type="stmt"/>
        <line num="7" count="1" type="stmt"/>
        <line num="9" count="41" type="cond" truecount="2" falsecount="0"/>
        <line num="10" count="40" type="stmt"/>
        <line num="12" count="1" type="stmt"/>
        <line num="16" count="0" type="stmt"/>
        <line num="20" count="0" type="stmt"/>
        <line num="23" count="0" type="stmt"/>
      </file>
    </package>
    <package name="features.RatingsAndReviews.RatingBreakdown">
      <metrics statements="9" coveredstatements="3" conditionals="4" coveredconditionals="0" methods="1" coveredmethods="0"/>
      <file name="ratingBreakdownSlice.js" path="/Users/BungBruce/HackReactor/NotNaked/src/features/RatingsAndReviews/RatingBreakdown/ratingBreakdownSlice.js">
        <metrics statements="9" coveredstatements="3" conditionals="4" coveredconditionals="0" methods="1" coveredmethods="0"/>
        <line num="4" count="1" type="stmt"/>
        <line num="8" count="1" type="stmt"/>
        <line num="13" count="0" type="cond" truecount="0" falsecount="2"/>
        <line num="14" count="0" type="stmt"/>
        <line num="15" count="0" type="cond" truecount="0" falsecount="2"/>
        <line num="16" count="0" type="stmt"/>
        <line num="18" count="0" type="stmt"/>
        <line num="19" count="0" type="stmt"/>
        <line num="25" count="1" type="stmt"/>
      </file>
    </package>
    <package name="features.RatingsAndReviews.SortItems">
      <metrics statements="4" coveredstatements="3" conditionals="0" coveredconditionals="0" methods="1" coveredmethods="0"/>
      <file name="sortItemsSlice.js" path="/Users/BungBruce/HackReactor/NotNaked/src/features/RatingsAndReviews/SortItems/sortItemsSlice.js">
        <metrics statements="4" coveredstatements="3" conditionals="0" coveredconditionals="0" methods="1" coveredmethods="0"/>
        <line num="3" count="1" type="stmt"/>
        <line num="7" count="1" type="stmt"/>
        <line num="12" count="0" type="stmt"/>
        <line num="17" count="1" type="stmt"/>
      </file>
    </package>
    <package name="features.RelatedItemsAndComparison.OutfitList">
      <metrics statements="5" coveredstatements="3" conditionals="0" coveredconditionals="0" methods="2" coveredmethods="0"/>
      <file name="outfitListSlice.jsx" path="/Users/BungBruce/HackReactor/NotNaked/src/features/RelatedItemsAndComparison/OutfitList/outfitListSlice.jsx">
        <metrics statements="5" coveredstatements="3" conditionals="0" coveredconditionals="0" methods="2" coveredmethods="0"/>
        <line num="3" count="1" type="stmt"/>
        <line num="7" count="1" type="stmt"/>
        <line num="12" count="0" type="stmt"/>
        <line num="15" count="0" type="stmt"/>
        <line num="20" count="1" type="stmt"/>
      </file>
    </package>
    <package name="features.UI">
      <metrics statements="34" coveredstatements="21" conditionals="18" coveredconditionals="13" methods="10" coveredmethods="5"/>
      <file name="Button.jsx" path="/Users/BungBruce/HackReactor/NotNaked/src/features/UI/Button.jsx">
        <metrics statements="1" coveredstatements="1" conditionals="0" coveredconditionals="0" methods="1" coveredmethods="1"/>
        <line num="8" count="22" type="stmt"/>
      </file>
      <file name="Button.module.css" path="/Users/BungBruce/HackReactor/NotNaked/src/features/UI/Button.module.css">
        <metrics statements="10" coveredstatements="7" conditionals="6" coveredconditionals="5" methods="2" coveredmethods="1"/>
        <line num="1" count="1" type="stmt"/>
        <line num="3" count="1" type="cond" truecount="3" falsecount="1"/>
        <line num="4" count="1" type="stmt"/>
        <line num="7" count="1" type="stmt"/>
        <line num="9" count="23" type="cond" truecount="2" falsecount="0"/>
        <line num="10" count="22" type="stmt"/>
        <line num="12" count="1" type="stmt"/>
        <line num="16" count="0" type="stmt"/>
        <line num="20" count="0" type="stmt"/>
        <line num="23" count="0" type="stmt"/>
      </file>
      <file name="Card.jsx" path="/Users/BungBruce/HackReactor/NotNaked/src/features/UI/Card.jsx">
        <metrics statements="1" coveredstatements="0" conditionals="0" coveredconditionals="0" methods="1" coveredmethods="0"/>
        <line num="11" count="0" type="stmt"/>
      </file>
      <file name="Card.module.css" path="/Users/BungBruce/HackReactor/NotNaked/src/features/UI/Card.module.css">
        <metrics statements="10" coveredstatements="6" conditionals="6" coveredconditionals="4" methods="2" coveredmethods="1"/>
        <line num="1" count="1" type="stmt"/>
        <line num="3" count="1" type="cond" truecount="3" falsecount="1"/>
        <line num="4" count="1" type="stmt"/>
        <line num="7" count="1" type="stmt"/>
        <line num="9" count="1" type="cond" truecount="1" falsecount="1"/>
        <line num="10" count="0" type="stmt"/>
        <line num="12" count="1" type="stmt"/>
        <line num="16" count="0" type="stmt"/>
        <line num="20" count="0" type="stmt"/>
        <line num="23" count="0" type="stmt"/>
      </file>
      <file name="Modal.jsx" path="/Users/BungBruce/HackReactor/NotNaked/src/features/UI/Modal.jsx">
        <metrics statements="2" coveredstatements="1" conditionals="0" coveredconditionals="0" methods="2" coveredmethods="1"/>
        <line num="10" count="0" type="stmt"/>
        <line num="14" count="10" type="stmt"/>
      </file>
      <file name="Modal.module.css" path="/Users/BungBruce/HackReactor/NotNaked/src/features/UI/Modal.module.css">
        <metrics statements="10" coveredstatements="6" conditionals="6" coveredconditionals="4" methods="2" coveredmethods="1"/>
        <line num="1" count="1" type="stmt"/>
        <line num="3" count="1" type="cond" truecount="3" falsecount="1"/>
        <line num="4" count="1" type="stmt"/>
        <line num="7" count="1" type="stmt"/>
        <line num="9" count="1" type="cond" truecount="1" falsecount="1"/>
        <line num="10" count="0" type="stmt"/>
        <line num="12" count="1" type="stmt"/>
        <line num="16" count="0" type="stmt"/>
        <line num="20" count="0" type="stmt"/>
        <line num="23" count="0" type="stmt"/>
      </file>
    </package>
    <package name="services">
      <metrics statements="33" coveredstatements="16" conditionals="0" coveredconditionals="0" methods="24" coveredmethods="8"/>
      <file name="products.js" path="/Users/BungBruce/HackReactor/NotNaked/src/services/products.js">
        <metrics statements="10" coveredstatements="6" conditionals="0" coveredconditionals="0" methods="7" coveredmethods="3"/>
        <line num="4" count="1" type="stmt"/>
        <line num="9" count="5" type="stmt"/>
        <line num="10" count="5" type="stmt"/>
        <line num="13" count="1" type="stmt"/>
        <line num="15" count="0" type="stmt"/>
        <line num="18" count="0" type="stmt"/>
        <line num="21" count="5" type="stmt"/>
        <line num="24" count="0" type="stmt"/>
        <line num="27" count="0" type="stmt"/>
        <line num="38" count="1" type="stmt"/>
      </file>
      <file name="questions.js" path="/Users/BungBruce/HackReactor/NotNaked/src/services/questions.js">
        <metrics statements="13" coveredstatements="7" conditionals="0" coveredconditionals="0" methods="10" coveredmethods="4"/>
        <line num="4" count="1" type="stmt"/>
        <line num="9" count="15" type="stmt"/>
        <line num="10" count="15" type="stmt"/>
        <line num="14" count="1" type="stmt"/>
        <line num="16" count="5" type="stmt"/>
        <line num="22" count="0" type="stmt"/>
        <line num="35" count="0" type="stmt"/>
        <line num="42" count="0" type="stmt"/>
        <line num="49" count="10" type="stmt"/>
        <line num="55" count="0" type="stmt"/>
        <line num="67" count="0" type="stmt"/>
        <line num="74" count="0" type="stmt"/>
        <line num="92" count="1" type="stmt"/>
      </file>
      <file name="reviews.js" path="/Users/BungBruce/HackReactor/NotNaked/src/services/reviews.js">
        <metrics statements="10" coveredstatements="3" conditionals="0" coveredconditionals="0" methods="7" coveredmethods="1"/>
        <line num="5" count="1" type="stmt"/>
        <line num="10" count="0" type="stmt"/>
        <line num="11" count="0" type="stmt"/>
        <line num="15" count="1" type="stmt"/>
        <line num="17" count="0" type="stmt"/>
        <line num="21" count="0" type="stmt"/>
        <line num="25" count="0" type="stmt"/>
        <line num="33" count="0" type="stmt"/>
        <line num="40" count="0" type="stmt"/>
        <line num="54" count="1" type="stmt"/>
      </file>
    </package>
  </project>
</coverage>
