<?xml version="1.0" encoding="UTF-8"?>
<coverage generated="1658291320689" clover="3.2.0">
  <project timestamp="1658291320689" name="All files">
    <metrics statements="389" coveredstatements="229" conditionals="208" coveredconditionals="98" methods="122" coveredmethods="53" elements="719" coveredelements="380" complexity="0" loc="389" ncloc="389" packages="18" files="44" classes="44"/>
    <package name="app">
      <metrics statements="9" coveredstatements="9" conditionals="2" coveredconditionals="2" methods="6" coveredmethods="5"/>
      <file name="redux-hooks.js" path="/Users/codein92/Desktop/untitled folder/NotNaked/src/app/redux-hooks.js">
        <metrics statements="2" coveredstatements="2" conditionals="0" coveredconditionals="0" methods="1" coveredmethods="1"/>
        <line num="3" count="5" type="stmt"/>
        <line num="4" count="2" type="stmt"/>
      </file>
      <file name="store.js" path="/Users/codein92/Desktop/untitled folder/NotNaked/src/app/store.js">
        <metrics statements="2" coveredstatements="2" conditionals="0" coveredconditionals="0" methods="1" coveredmethods="1"/>
        <line num="13" count="1" type="stmt"/>
        <line num="27" count="1" type="stmt"/>
      </file>
      <file name="test-app.selector.js" path="/Users/codein92/Desktop/untitled folder/NotNaked/src/app/test-app.selector.js">
        <metrics statements="2" coveredstatements="2" conditionals="0" coveredconditionals="0" methods="1" coveredmethods="0"/>
        <line num="1" count="1" type="stmt"/>
        <line num="5" count="1" type="stmt"/>
      </file>
      <file name="test-utils.jsx" path="/Users/codein92/Desktop/untitled folder/NotNaked/src/app/test-utils.jsx">
        <metrics statements="3" coveredstatements="3" conditionals="2" coveredconditionals="2" methods="3" coveredmethods="3"/>
        <line num="36" count="11" type="stmt"/>
        <line num="43" count="11" type="stmt"/>
        <line num="49" count="11" type="stmt"/>
      </file>
    </package>
    <package name="config">
      <metrics statements="1" coveredstatements="1" conditionals="0" coveredconditionals="0" methods="0" coveredmethods="0"/>
      <file name="config.js" path="/Users/codein92/Desktop/untitled folder/NotNaked/src/config/config.js">
        <metrics statements="1" coveredstatements="1" conditionals="0" coveredconditionals="0" methods="0" coveredmethods="0"/>
        <line num="1" count="5" type="stmt"/>
      </file>
    </package>
    <package name="features.Overview.StyleSelector">
      <metrics statements="4" coveredstatements="3" conditionals="0" coveredconditionals="0" methods="1" coveredmethods="0"/>
      <file name="styleSlice.js" path="/Users/codein92/Desktop/untitled folder/NotNaked/src/features/Overview/StyleSelector/styleSlice.js">
        <metrics statements="4" coveredstatements="3" conditionals="0" coveredconditionals="0" methods="1" coveredmethods="0"/>
        <line num="6" count="5" type="stmt"/>
        <line num="10" count="5" type="stmt"/>
        <line num="15" count="0" type="stmt"/>
        <line num="20" count="5" type="stmt"/>
      </file>
    </package>
    <package name="features.QuestionsAndAnswers">
      <metrics statements="16" coveredstatements="12" conditionals="6" coveredconditionals="5" methods="4" coveredmethods="2"/>
      <file name="QuestionsAndAnswers.jsx" path="/Users/codein92/Desktop/untitled folder/NotNaked/src/features/QuestionsAndAnswers/QuestionsAndAnswers.jsx">
        <metrics statements="2" coveredstatements="2" conditionals="0" coveredconditionals="0" methods="1" coveredmethods="1"/>
        <line num="11" count="1" type="stmt"/>
        <line num="23" count="1" type="stmt"/>
      </file>
      <file name="QuestionsAndAnswers.module.css" path="/Users/codein92/Desktop/untitled folder/NotNaked/src/features/QuestionsAndAnswers/QuestionsAndAnswers.module.css">
        <metrics statements="10" coveredstatements="7" conditionals="6" coveredconditionals="5" methods="2" coveredmethods="1"/>
        <line num="1" count="1" type="stmt"/>
        <line num="3" count="1" type="cond" truecount="3" falsecount="1"/>
        <line num="4" count="1" type="stmt"/>
        <line num="7" count="1" type="stmt"/>
        <line num="9" count="3" type="cond" truecount="2" falsecount="0"/>
        <line num="10" count="2" type="stmt"/>
        <line num="12" count="1" type="stmt"/>
        <line num="16" count="0" type="stmt"/>
        <line num="20" count="0" type="stmt"/>
        <line num="23" count="0" type="stmt"/>
      </file>
      <file name="questionsAndAnswersSlice.jsx" path="/Users/codein92/Desktop/untitled folder/NotNaked/src/features/QuestionsAndAnswers/questionsAndAnswersSlice.jsx">
        <metrics statements="4" coveredstatements="3" conditionals="0" coveredconditionals="0" methods="1" coveredmethods="0"/>
        <line num="4" count="5" type="stmt"/>
        <line num="8" count="5" type="stmt"/>
        <line num="13" count="0" type="stmt"/>
        <line num="18" count="5" type="stmt"/>
      </file>
    </package>
    <package name="features.QuestionsAndAnswers.QAModals">
      <metrics statements="27" coveredstatements="7" conditionals="21" coveredconditionals="4" methods="8" coveredmethods="1"/>
      <file name="AddQA.jsx" path="/Users/codein92/Desktop/untitled folder/NotNaked/src/features/QuestionsAndAnswers/QAModals/AddQA.jsx">
        <metrics statements="17" coveredstatements="1" conditionals="15" coveredconditionals="0" methods="6" coveredmethods="0"/>
        <line num="13" count="0" type="stmt"/>
        <line num="14" count="0" type="stmt"/>
        <line num="15" count="0" type="stmt"/>
        <line num="16" count="0" type="stmt"/>
        <line num="17" count="0" type="stmt"/>
        <line num="19" count="0" type="stmt"/>
        <line num="21" count="0" type="stmt"/>
        <line num="46" count="0" type="stmt"/>
        <line num="47" count="0" type="stmt"/>
        <line num="53" count="0" type="cond" truecount="0" falsecount="2"/>
        <line num="54" count="0" type="stmt"/>
        <line num="56" count="0" type="stmt"/>
        <line num="58" count="0" type="stmt"/>
        <line num="63" count="0" type="stmt"/>
        <line num="69" count="0" type="stmt"/>
        <line num="79" count="0" type="stmt"/>
        <line num="89" count="1" type="stmt"/>
      </file>
      <file name="AddQA.module.css" path="/Users/codein92/Desktop/untitled folder/NotNaked/src/features/QuestionsAndAnswers/QAModals/AddQA.module.css">
        <metrics statements="10" coveredstatements="6" conditionals="6" coveredconditionals="4" methods="2" coveredmethods="1"/>
        <line num="1" count="1" type="stmt"/>
        <line num="3" count="1" type="cond" truecount="3" falsecount="1"/>
        <line num="4" count="1" type="stmt"/>
        <line num="7" count="1" type="stmt"/>
        <line num="9" count="1" type="cond" truecount="1" falsecount="1"/>
        <line num="10" count="0" type="stmt"/>
        <line num="12" count="1" type="stmt"/>
        <line num="16" count="0" type="stmt"/>
        <line num="20" count="0" type="stmt"/>
        <line num="23" count="0" type="stmt"/>
      </file>
    </package>
    <package name="features.QuestionsAndAnswers.QASearch">
      <metrics statements="15" coveredstatements="10" conditionals="6" coveredconditionals="5" methods="6" coveredmethods="3"/>
      <file name="Search.jsx" path="/Users/codein92/Desktop/untitled folder/NotNaked/src/features/QuestionsAndAnswers/QASearch/Search.jsx">
        <metrics statements="5" coveredstatements="3" conditionals="0" coveredconditionals="0" methods="4" coveredmethods="2"/>
        <line num="10" count="1" type="stmt"/>
        <line num="11" count="6" type="stmt"/>
        <line num="13" count="1" type="stmt"/>
        <line num="14" count="0" type="stmt"/>
        <line num="15" count="0" type="stmt"/>
      </file>
      <file name="Search.module.css" path="/Users/codein92/Desktop/untitled folder/NotNaked/src/features/QuestionsAndAnswers/QASearch/Search.module.css">
        <metrics statements="10" coveredstatements="7" conditionals="6" coveredconditionals="5" methods="2" coveredmethods="1"/>
        <line num="1" count="1" type="stmt"/>
        <line num="3" count="1" type="cond" truecount="3" falsecount="1"/>
        <line num="4" count="1" type="stmt"/>
        <line num="7" count="1" type="stmt"/>
        <line num="9" count="4" type="cond" truecount="2" falsecount="0"/>
        <line num="10" count="3" type="stmt"/>
        <line num="12" count="1" type="stmt"/>
        <line num="16" count="0" type="stmt"/>
        <line num="20" count="0" type="stmt"/>
        <line num="23" count="0" type="stmt"/>
      </file>
    </package>
    <package name="features.QuestionsAndAnswers.QuestionsList">
      <metrics statements="38" coveredstatements="25" conditionals="24" coveredconditionals="10" methods="12" coveredmethods="5"/>
      <file name="QuestionsList.jsx" path="/Users/codein92/Desktop/untitled folder/NotNaked/src/features/QuestionsAndAnswers/QuestionsList/QuestionsList.jsx">
        <metrics statements="28" coveredstatements="19" conditionals="18" coveredconditionals="6" methods="10" coveredmethods="4"/>
        <line num="14" count="3" type="stmt"/>
        <line num="15" count="3" type="stmt"/>
        <line num="17" count="4" type="stmt"/>
        <line num="19" count="3" type="cond" truecount="1" falsecount="1"/>
        <line num="20" count="3" type="stmt"/>
        <line num="23" count="3" type="stmt"/>
        <line num="24" count="3" type="stmt"/>
        <line num="26" count="3" type="stmt"/>
        <line num="28" count="3" type="stmt"/>
        <line num="29" count="0" type="stmt"/>
        <line num="33" count="3" type="stmt"/>
        <line num="34" count="2" type="stmt"/>
        <line num="35" count="2" type="cond" truecount="3" falsecount="1"/>
        <line num="36" count="0" type="stmt"/>
        <line num="38" count="2" type="stmt"/>
        <line num="42" count="3" type="stmt"/>
        <line num="43" count="2" type="stmt"/>
        <line num="46" count="3" type="cond" truecount="1" falsecount="1"/>
        <line num="47" count="0" type="stmt"/>
        <line num="50" count="3" type="cond" truecount="1" falsecount="1"/>
        <line num="51" count="3" type="stmt"/>
        <line num="54" count="0" type="cond" truecount="0" falsecount="2"/>
        <line num="55" count="0" type="stmt"/>
        <line num="56" count="0" type="stmt"/>
        <line num="73" count="0" type="stmt"/>
        <line num="79" count="0" type="stmt"/>
        <line num="85" count="0" type="stmt"/>
        <line num="94" count="1" type="stmt"/>
      </file>
      <file name="QuestionsList.module.css" path="/Users/codein92/Desktop/untitled folder/NotNaked/src/features/QuestionsAndAnswers/QuestionsList/QuestionsList.module.css">
        <metrics statements="10" coveredstatements="6" conditionals="6" coveredconditionals="4" methods="2" coveredmethods="1"/>
        <line num="1" count="1" type="stmt"/>
        <line num="3" count="1" type="cond" truecount="3" falsecount="1"/>
        <line num="4" count="1" type="stmt"/>
        <line num="7" count="1" type="stmt"/>
        <line num="9" count="1" type="cond" truecount="1" falsecount="1"/>
        <line num="10" count="0" type="stmt"/>
        <line num="12" count="1" type="stmt"/>
        <line num="16" count="0" type="stmt"/>
        <line num="20" count="0" type="stmt"/>
        <line num="23" count="0" type="stmt"/>
      </file>
    </package>
    <package name="features.QuestionsAndAnswers.QuestionsList.QuestionCard">
      <metrics statements="55" coveredstatements="14" conditionals="35" coveredconditionals="8" methods="15" coveredmethods="2"/>
      <file name="AnswerCard.jsx" path="/Users/codein92/Desktop/untitled folder/NotNaked/src/features/QuestionsAndAnswers/QuestionsList/QuestionCard/AnswerCard.jsx">
        <metrics statements="11" coveredstatements="1" conditionals="6" coveredconditionals="0" methods="4" coveredmethods="0"/>
        <line num="20" count="0" type="stmt"/>
        <line num="21" count="0" type="stmt"/>
        <line num="23" count="0" type="stmt"/>
        <line num="24" count="0" type="stmt"/>
        <line num="25" count="0" type="stmt"/>
        <line num="27" count="0" type="stmt"/>
        <line num="36" count="0" type="stmt"/>
        <line num="49" count="0" type="stmt"/>
        <line num="50" count="0" type="stmt"/>
        <line num="59" count="0" type="stmt"/>
        <line num="66" count="1" type="stmt"/>
      </file>
      <file name="AnswerCard.module.css" path="/Users/codein92/Desktop/untitled folder/NotNaked/src/features/QuestionsAndAnswers/QuestionsList/QuestionCard/AnswerCard.module.css">
        <metrics statements="10" coveredstatements="6" conditionals="6" coveredconditionals="4" methods="2" coveredmethods="1"/>
        <line num="1" count="1" type="stmt"/>
        <line num="3" count="1" type="cond" truecount="3" falsecount="1"/>
        <line num="4" count="1" type="stmt"/>
        <line num="7" count="1" type="stmt"/>
        <line num="9" count="1" type="cond" truecount="1" falsecount="1"/>
        <line num="10" count="0" type="stmt"/>
        <line num="12" count="1" type="stmt"/>
        <line num="16" count="0" type="stmt"/>
        <line num="20" count="0" type="stmt"/>
        <line num="23" count="0" type="stmt"/>
      </file>
      <file name="QuestionCard.jsx" path="/Users/codein92/Desktop/untitled folder/NotNaked/src/features/QuestionsAndAnswers/QuestionsList/QuestionCard/QuestionCard.jsx">
        <metrics statements="24" coveredstatements="1" conditionals="17" coveredconditionals="0" methods="7" coveredmethods="0"/>
        <line num="25" count="0" type="stmt"/>
        <line num="26" count="0" type="stmt"/>
        <line num="27" count="0" type="stmt"/>
        <line num="28" count="0" type="stmt"/>
        <line num="30" count="0" type="stmt"/>
        <line num="31" count="0" type="stmt"/>
        <line num="32" count="0" type="stmt"/>
        <line num="33" count="0" type="stmt"/>
        <line num="35" count="0" type="stmt"/>
        <line num="36" count="0" type="stmt"/>
        <line num="39" count="0" type="cond" truecount="0" falsecount="2"/>
        <line num="40" count="0" type="stmt"/>
        <line num="43" count="0" type="cond" truecount="0" falsecount="2"/>
        <line num="44" count="0" type="stmt"/>
        <line num="47" count="0" type="cond" truecount="0" falsecount="2"/>
        <line num="48" count="0" type="stmt"/>
        <line num="49" count="0" type="stmt"/>
        <line num="71" count="0" type="stmt"/>
        <line num="72" count="0" type="stmt"/>
        <line num="84" count="0" type="stmt"/>
        <line num="93" count="0" type="stmt"/>
        <line num="99" count="0" type="stmt"/>
        <line num="109" count="0" type="stmt"/>
        <line num="121" count="1" type="stmt"/>
      </file>
      <file name="QuestionCard.module.css" path="/Users/codein92/Desktop/untitled folder/NotNaked/src/features/QuestionsAndAnswers/QuestionsList/QuestionCard/QuestionCard.module.css">
        <metrics statements="10" coveredstatements="6" conditionals="6" coveredconditionals="4" methods="2" coveredmethods="1"/>
        <line num="1" count="1" type="stmt"/>
        <line num="3" count="1" type="cond" truecount="3" falsecount="1"/>
        <line num="4" count="1" type="stmt"/>
        <line num="7" count="1" type="stmt"/>
        <line num="9" count="1" type="cond" truecount="1" falsecount="1"/>
        <line num="10" count="0" type="stmt"/>
        <line num="12" count="1" type="stmt"/>
        <line num="16" count="0" type="stmt"/>
        <line num="20" count="0" type="stmt"/>
        <line num="23" count="0" type="stmt"/>
      </file>
    </package>
    <package name="features.RatingsAndReviews.RatingBreakdown">
      <metrics statements="9" coveredstatements="3" conditionals="4" coveredconditionals="0" methods="1" coveredmethods="0"/>
      <file name="ratingBreakdownSlice.js" path="/Users/codein92/Desktop/untitled folder/NotNaked/src/features/RatingsAndReviews/RatingBreakdown/ratingBreakdownSlice.js">
        <metrics statements="9" coveredstatements="3" conditionals="4" coveredconditionals="0" methods="1" coveredmethods="0"/>
        <line num="4" count="5" type="stmt"/>
        <line num="8" count="5" type="stmt"/>
        <line num="13" count="0" type="cond" truecount="0" falsecount="2"/>
        <line num="14" count="0" type="stmt"/>
        <line num="15" count="0" type="cond" truecount="0" falsecount="2"/>
        <line num="16" count="0" type="stmt"/>
        <line num="18" count="0" type="stmt"/>
        <line num="19" count="0" type="stmt"/>
        <line num="25" count="5" type="stmt"/>
      </file>
    </package>
    <package name="features.RatingsAndReviews.SortItems">
      <metrics statements="4" coveredstatements="3" conditionals="0" coveredconditionals="0" methods="1" coveredmethods="0"/>
      <file name="sortItemsSlice.js" path="/Users/codein92/Desktop/untitled folder/NotNaked/src/features/RatingsAndReviews/SortItems/sortItemsSlice.js">
        <metrics statements="4" coveredstatements="3" conditionals="0" coveredconditionals="0" methods="1" coveredmethods="0"/>
        <line num="3" count="5" type="stmt"/>
        <line num="7" count="5" type="stmt"/>
        <line num="12" count="0" type="stmt"/>
        <line num="17" count="5" type="stmt"/>
      </file>
    </package>
    <package name="features.RelatedItemsAndComparison.OutfitList">
      <metrics statements="54" coveredstatements="38" conditionals="39" coveredconditionals="15" methods="15" coveredmethods="9"/>
      <file name="OutfitList.jsx" path="/Users/codein92/Desktop/untitled folder/NotNaked/src/features/RelatedItemsAndComparison/OutfitList/OutfitList.jsx">
        <metrics statements="23" coveredstatements="17" conditionals="16" coveredconditionals="6" methods="9" coveredmethods="6"/>
        <line num="13" count="5" type="stmt"/>
        <line num="14" count="5" type="stmt"/>
        <line num="15" count="5" type="stmt"/>
        <line num="16" count="12" type="stmt"/>
        <line num="17" count="5" type="stmt"/>
        <line num="19" count="5" type="stmt"/>
        <line num="20" count="3" type="cond" truecount="2" falsecount="0"/>
        <line num="21" count="2" type="stmt"/>
        <line num="25" count="5" type="stmt"/>
        <line num="26" count="1" type="stmt"/>
        <line num="27" count="1" type="stmt"/>
        <line num="30" count="5" type="stmt"/>
        <line num="31" count="0" type="stmt"/>
        <line num="34" count="5" type="stmt"/>
        <line num="35" count="0" type="cond" truecount="0" falsecount="5"/>
        <line num="36" count="0" type="stmt"/>
        <line num="38" count="0" type="cond" truecount="0" falsecount="5"/>
        <line num="39" count="0" type="stmt"/>
        <line num="43" count="5" type="stmt"/>
        <line num="58" count="1" type="stmt"/>
        <line num="66" count="1" type="stmt"/>
        <line num="70" count="0" type="stmt"/>
        <line num="78" count="1" type="stmt"/>
      </file>
      <file name="OutfitList.module.css" path="/Users/codein92/Desktop/untitled folder/NotNaked/src/features/RelatedItemsAndComparison/OutfitList/OutfitList.module.css">
        <metrics statements="10" coveredstatements="7" conditionals="6" coveredconditionals="5" methods="2" coveredmethods="1"/>
        <line num="1" count="1" type="stmt"/>
        <line num="3" count="1" type="cond" truecount="3" falsecount="1"/>
        <line num="4" count="1" type="stmt"/>
        <line num="7" count="1" type="stmt"/>
        <line num="9" count="5" type="cond" truecount="2" falsecount="0"/>
        <line num="10" count="4" type="stmt"/>
        <line num="12" count="1" type="stmt"/>
        <line num="16" count="0" type="stmt"/>
        <line num="20" count="0" type="stmt"/>
        <line num="23" count="0" type="stmt"/>
      </file>
      <file name="OutfitListItem.jsx" path="/Users/codein92/Desktop/untitled folder/NotNaked/src/features/RelatedItemsAndComparison/OutfitList/OutfitListItem.jsx">
        <metrics statements="10" coveredstatements="8" conditionals="10" coveredconditionals="4" methods="1" coveredmethods="1"/>
        <line num="13" count="2" type="stmt"/>
        <line num="14" count="2" type="stmt"/>
        <line num="15" count="2" type="stmt"/>
        <line num="16" count="2" type="cond" truecount="1" falsecount="2"/>
        <line num="18" count="2" type="cond" truecount="1" falsecount="1"/>
        <line num="19" count="0" type="stmt"/>
        <line num="22" count="2" type="cond" truecount="2" falsecount="3"/>
        <line num="23" count="2" type="stmt"/>
        <line num="26" count="0" type="stmt"/>
        <line num="39" count="1" type="stmt"/>
      </file>
      <file name="outfitListReducer.js" path="/Users/codein92/Desktop/untitled folder/NotNaked/src/features/RelatedItemsAndComparison/OutfitList/outfitListReducer.js">
        <metrics statements="6" coveredstatements="2" conditionals="7" coveredconditionals="0" methods="1" coveredmethods="0"/>
        <line num="1" count="1" type="stmt"/>
        <line num="6" count="1" type="stmt"/>
        <line num="7" count="0" type="cond" truecount="0" falsecount="3"/>
        <line num="9" count="0" type="stmt"/>
        <line num="14" count="0" type="stmt"/>
        <line num="19" count="0" type="stmt"/>
      </file>
      <file name="outfitListSlice.jsx" path="/Users/codein92/Desktop/untitled folder/NotNaked/src/features/RelatedItemsAndComparison/OutfitList/outfitListSlice.jsx">
        <metrics statements="5" coveredstatements="4" conditionals="0" coveredconditionals="0" methods="2" coveredmethods="1"/>
        <line num="3" count="5" type="stmt"/>
        <line num="7" count="5" type="stmt"/>
        <line num="12" count="1" type="stmt"/>
        <line num="15" count="0" type="stmt"/>
        <line num="20" count="5" type="stmt"/>
      </file>
    </package>
    <package name="features.RelatedItemsAndComparison.helpers.ListContainer">
      <metrics statements="13" coveredstatements="8" conditionals="10" coveredconditionals="9" methods="5" coveredmethods="2"/>
      <file name="ListContainer.jsx" path="/Users/codein92/Desktop/untitled folder/NotNaked/src/features/RelatedItemsAndComparison/helpers/ListContainer/ListContainer.jsx">
        <metrics statements="3" coveredstatements="1" conditionals="4" coveredconditionals="4" methods="3" coveredmethods="1"/>
        <line num="15" count="9" type="stmt"/>
        <line num="24" count="0" type="stmt"/>
        <line num="35" count="0" type="stmt"/>
      </file>
      <file name="ListContainer.module.css" path="/Users/codein92/Desktop/untitled folder/NotNaked/src/features/RelatedItemsAndComparison/helpers/ListContainer/ListContainer.module.css">
        <metrics statements="10" coveredstatements="7" conditionals="6" coveredconditionals="5" methods="2" coveredmethods="1"/>
        <line num="1" count="2" type="stmt"/>
        <line num="3" count="2" type="cond" truecount="3" falsecount="1"/>
        <line num="4" count="2" type="stmt"/>
        <line num="7" count="2" type="stmt"/>
        <line num="9" count="35" type="cond" truecount="2" falsecount="0"/>
        <line num="10" count="33" type="stmt"/>
        <line num="12" count="2" type="stmt"/>
        <line num="16" count="0" type="stmt"/>
        <line num="20" count="0" type="stmt"/>
        <line num="23" count="0" type="stmt"/>
      </file>
    </package>
    <package name="features.RelatedItemsAndComparison.helpers.ListItemCard">
      <metrics statements="21" coveredstatements="14" conditionals="10" coveredconditionals="7" methods="4" coveredmethods="2"/>
      <file name="ListItemCard.jsx" path="/Users/codein92/Desktop/untitled folder/NotNaked/src/features/RelatedItemsAndComparison/helpers/ListItemCard/ListItemCard.jsx">
        <metrics statements="11" coveredstatements="7" conditionals="4" coveredconditionals="2" methods="2" coveredmethods="1"/>
        <line num="24" count="2" type="stmt"/>
        <line num="25" count="2" type="stmt"/>
        <line num="26" count="2" type="stmt"/>
        <line num="27" count="2" type="stmt"/>
        <line num="28" count="0" type="stmt"/>
        <line num="29" count="0" type="cond" truecount="0" falsecount="2"/>
        <line num="30" count="0" type="stmt"/>
        <line num="31" count="0" type="stmt"/>
        <line num="34" count="2" type="stmt"/>
        <line num="35" count="2" type="stmt"/>
        <line num="36" count="2" type="stmt"/>
      </file>
      <file name="ListItemCard.module.css" path="/Users/codein92/Desktop/untitled folder/NotNaked/src/features/RelatedItemsAndComparison/helpers/ListItemCard/ListItemCard.module.css">
        <metrics statements="10" coveredstatements="7" conditionals="6" coveredconditionals="5" methods="2" coveredmethods="1"/>
        <line num="1" count="2" type="stmt"/>
        <line num="3" count="2" type="cond" truecount="3" falsecount="1"/>
        <line num="4" count="2" type="stmt"/>
        <line num="7" count="2" type="stmt"/>
        <line num="9" count="21" type="cond" truecount="2" falsecount="0"/>
        <line num="10" count="19" type="stmt"/>
        <line num="12" count="2" type="stmt"/>
        <line num="16" count="0" type="stmt"/>
        <line num="20" count="0" type="stmt"/>
        <line num="23" count="0" type="stmt"/>
      </file>
    </package>
    <package name="features.RelatedItemsAndComparison.helpers.SalePrice">
      <metrics statements="14" coveredstatements="9" conditionals="10" coveredconditionals="6" methods="3" coveredmethods="2"/>
      <file name="SalePrice.jsx" path="/Users/codein92/Desktop/untitled folder/NotNaked/src/features/RelatedItemsAndComparison/helpers/SalePrice/SalePrice.jsx">
        <metrics statements="4" coveredstatements="3" conditionals="4" coveredconditionals="2" methods="1" coveredmethods="1"/>
        <line num="5" count="2" type="cond" truecount="1" falsecount="1"/>
        <line num="6" count="2" type="cond" truecount="1" falsecount="1"/>
        <line num="7" count="0" type="stmt"/>
        <line num="20" count="2" type="stmt"/>
      </file>
      <file name="SalePrice.module.css" path="/Users/codein92/Desktop/untitled folder/NotNaked/src/features/RelatedItemsAndComparison/helpers/SalePrice/SalePrice.module.css">
        <metrics statements="10" coveredstatements="6" conditionals="6" coveredconditionals="4" methods="2" coveredmethods="1"/>
        <line num="1" count="2" type="stmt"/>
        <line num="3" count="2" type="cond" truecount="3" falsecount="1"/>
        <line num="4" count="2" type="stmt"/>
        <line num="7" count="2" type="stmt"/>
        <line num="9" count="2" type="cond" truecount="1" falsecount="1"/>
        <line num="10" count="0" type="stmt"/>
        <line num="12" count="2" type="stmt"/>
        <line num="16" count="0" type="stmt"/>
        <line num="20" count="0" type="stmt"/>
        <line num="23" count="0" type="stmt"/>
      </file>
    </package>
    <package name="features.UI">
      <metrics statements="34" coveredstatements="20" conditionals="18" coveredconditionals="13" methods="10" coveredmethods="4"/>
      <file name="Button.jsx" path="/Users/codein92/Desktop/untitled folder/NotNaked/src/features/UI/Button.jsx">
        <metrics statements="1" coveredstatements="0" conditionals="0" coveredconditionals="0" methods="1" coveredmethods="0"/>
        <line num="8" count="0" type="stmt"/>
      </file>
      <file name="Button.module.css" path="/Users/codein92/Desktop/untitled folder/NotNaked/src/features/UI/Button.module.css">
        <metrics statements="10" coveredstatements="6" conditionals="6" coveredconditionals="4" methods="2" coveredmethods="1"/>
        <line num="1" count="1" type="stmt"/>
        <line num="3" count="1" type="cond" truecount="3" falsecount="1"/>
        <line num="4" count="1" type="stmt"/>
        <line num="7" count="1" type="stmt"/>
        <line num="9" count="1" type="cond" truecount="1" falsecount="1"/>
        <line num="10" count="0" type="stmt"/>
        <line num="12" count="1" type="stmt"/>
        <line num="16" count="0" type="stmt"/>
        <line num="20" count="0" type="stmt"/>
        <line num="23" count="0" type="stmt"/>
      </file>
      <file name="Card.jsx" path="/Users/codein92/Desktop/untitled folder/NotNaked/src/features/UI/Card.jsx">
        <metrics statements="1" coveredstatements="1" conditionals="0" coveredconditionals="0" methods="1" coveredmethods="1"/>
        <line num="11" count="3" type="stmt"/>
      </file>
      <file name="Card.module.css" path="/Users/codein92/Desktop/untitled folder/NotNaked/src/features/UI/Card.module.css">
        <metrics statements="10" coveredstatements="7" conditionals="6" coveredconditionals="5" methods="2" coveredmethods="1"/>
        <line num="1" count="3" type="stmt"/>
        <line num="3" count="3" type="cond" truecount="3" falsecount="1"/>
        <line num="4" count="3" type="stmt"/>
        <line num="7" count="3" type="stmt"/>
        <line num="9" count="6" type="cond" truecount="2" falsecount="0"/>
        <line num="10" count="3" type="stmt"/>
        <line num="12" count="3" type="stmt"/>
        <line num="16" count="0" type="stmt"/>
        <line num="20" count="0" type="stmt"/>
        <line num="23" count="0" type="stmt"/>
      </file>
      <file name="Modal.jsx" path="/Users/codein92/Desktop/untitled folder/NotNaked/src/features/UI/Modal.jsx">
        <metrics statements="2" coveredstatements="0" conditionals="0" coveredconditionals="0" methods="2" coveredmethods="0"/>
        <line num="10" count="0" type="stmt"/>
        <line num="14" count="0" type="stmt"/>
      </file>
      <file name="Modal.module.css" path="/Users/codein92/Desktop/untitled folder/NotNaked/src/features/UI/Modal.module.css">
        <metrics statements="10" coveredstatements="6" conditionals="6" coveredconditionals="4" methods="2" coveredmethods="1"/>
        <line num="1" count="1" type="stmt"/>
        <line num="3" count="1" type="cond" truecount="3" falsecount="1"/>
        <line num="4" count="1" type="stmt"/>
        <line num="7" count="1" type="stmt"/>
        <line num="9" count="1" type="cond" truecount="1" falsecount="1"/>
        <line num="10" count="0" type="stmt"/>
        <line num="12" count="1" type="stmt"/>
        <line num="16" count="0" type="stmt"/>
        <line num="20" count="0" type="stmt"/>
        <line num="23" count="0" type="stmt"/>
      </file>
    </package>
    <package name="helpers">
      <metrics statements="35" coveredstatements="27" conditionals="23" coveredconditionals="14" methods="6" coveredmethods="5"/>
      <file name="RatingToDuckFeet.jsx" path="/Users/codein92/Desktop/untitled folder/NotNaked/src/helpers/RatingToDuckFeet.jsx">
        <metrics statements="25" coveredstatements="20" conditionals="17" coveredconditionals="9" methods="4" coveredmethods="4"/>
        <line num="12" count="20" type="cond" truecount="1" falsecount="0"/>
        <line num="14" count="4" type="stmt"/>
        <line num="15" count="4" type="stmt"/>
        <line num="16" count="4" type="stmt"/>
        <line num="18" count="4" type="stmt"/>
        <line num="19" count="4" type="cond" truecount="1" falsecount="5"/>
        <line num="21" count="0" type="stmt"/>
        <line num="23" count="4" type="stmt"/>
        <line num="25" count="0" type="stmt"/>
        <line num="27" count="0" type="stmt"/>
        <line num="29" count="0" type="stmt"/>
        <line num="31" count="0" type="stmt"/>
        <line num="35" count="4" type="stmt"/>
        <line num="37" count="4" type="cond" truecount="1" falsecount="1"/>
        <line num="38" count="4" type="stmt"/>
        <line num="39" count="12" type="stmt"/>
        <line num="42" count="4" type="stmt"/>
        <line num="44" count="4" type="cond" truecount="1" falsecount="1"/>
        <line num="45" count="4" type="stmt"/>
        <line num="48" count="4" type="cond" truecount="5" falsecount="1"/>
        <line num="49" count="4" type="stmt"/>
        <line num="50" count="4" type="stmt"/>
        <line num="54" count="4" type="stmt"/>
        <line num="56" count="20" type="stmt"/>
        <line num="61" count="3" type="stmt"/>
      </file>
      <file name="RatingToDuckFeet.module.css" path="/Users/codein92/Desktop/untitled folder/NotNaked/src/helpers/RatingToDuckFeet.module.css">
        <metrics statements="10" coveredstatements="7" conditionals="6" coveredconditionals="5" methods="2" coveredmethods="1"/>
        <line num="1" count="3" type="stmt"/>
        <line num="3" count="3" type="cond" truecount="3" falsecount="1"/>
        <line num="4" count="3" type="stmt"/>
        <line num="7" count="3" type="stmt"/>
        <line num="9" count="27" type="cond" truecount="2" falsecount="0"/>
        <line num="10" count="24" type="stmt"/>
        <line num="12" count="3" type="stmt"/>
        <line num="16" count="0" type="stmt"/>
        <line num="20" count="0" type="stmt"/>
        <line num="23" count="0" type="stmt"/>
      </file>
    </package>
    <package name="helpers.getAverageRating">
      <metrics statements="7" coveredstatements="7" conditionals="0" coveredconditionals="0" methods="1" coveredmethods="1"/>
      <file name="getAverageRating.js" path="/Users/codein92/Desktop/untitled folder/NotNaked/src/helpers/getAverageRating/getAverageRating.js">
        <metrics statements="7" coveredstatements="7" conditionals="0" coveredconditionals="0" methods="1" coveredmethods="1"/>
        <line num="1" count="3" type="stmt"/>
        <line num="2" count="4" type="stmt"/>
        <line num="3" count="4" type="stmt"/>
        <line num="4" count="4" type="stmt"/>
        <line num="5" count="20" type="stmt"/>
        <line num="6" count="20" type="stmt"/>
        <line num="8" count="4" type="stmt"/>
      </file>
    </package>
    <package name="services">
      <metrics statements="33" coveredstatements="19" conditionals="0" coveredconditionals="0" methods="24" coveredmethods="10"/>
      <file name="products.js" path="/Users/codein92/Desktop/untitled folder/NotNaked/src/services/products.js">
        <metrics statements="10" coveredstatements="7" conditionals="0" coveredconditionals="0" methods="7" coveredmethods="4"/>
        <line num="4" count="5" type="stmt"/>
        <line num="9" count="3" type="stmt"/>
        <line num="10" count="3" type="stmt"/>
        <line num="13" count="5" type="stmt"/>
        <line num="15" count="0" type="stmt"/>
        <line num="18" count="0" type="stmt"/>
        <line num="21" count="2" type="stmt"/>
        <line num="24" count="0" type="stmt"/>
        <line num="27" count="1" type="stmt"/>
        <line num="38" count="5" type="stmt"/>
      </file>
      <file name="questions.js" path="/Users/codein92/Desktop/untitled folder/NotNaked/src/services/questions.js">
        <metrics statements="13" coveredstatements="6" conditionals="0" coveredconditionals="0" methods="10" coveredmethods="3"/>
        <line num="4" count="5" type="stmt"/>
        <line num="9" count="1" type="stmt"/>
        <line num="10" count="1" type="stmt"/>
        <line num="14" count="5" type="stmt"/>
        <line num="16" count="1" type="stmt"/>
        <line num="22" count="0" type="stmt"/>
        <line num="35" count="0" type="stmt"/>
        <line num="42" count="0" type="stmt"/>
        <line num="49" count="0" type="stmt"/>
        <line num="55" count="0" type="stmt"/>
        <line num="67" count="0" type="stmt"/>
        <line num="74" count="0" type="stmt"/>
        <line num="92" count="5" type="stmt"/>
      </file>
      <file name="reviews.js" path="/Users/codein92/Desktop/untitled folder/NotNaked/src/services/reviews.js">
        <metrics statements="10" coveredstatements="6" conditionals="0" coveredconditionals="0" methods="7" coveredmethods="3"/>
        <line num="5" count="5" type="stmt"/>
        <line num="10" count="1" type="stmt"/>
        <line num="11" count="1" type="stmt"/>
        <line num="15" count="5" type="stmt"/>
        <line num="17" count="0" type="stmt"/>
        <line num="21" count="1" type="stmt"/>
        <line num="25" count="0" type="stmt"/>
        <line num="33" count="0" type="stmt"/>
        <line num="40" count="0" type="stmt"/>
        <line num="54" count="5" type="stmt"/>
      </file>
    </package>
  </project>
</coverage>
