{"/Users/codein92/Desktop/untitled folder/NotNaked/src/app/redux-hooks.js": {"path":"/Users/codein92/Desktop/untitled folder/NotNaked/src/app/redux-hooks.js","statementMap":{"0":{"start":{"line":3,"column":30},"end":{"line":3,"column":49}},"1":{"start":{"line":3,"column":36},"end":{"line":3,"column":49}},"2":{"start":{"line":4,"column":30},"end":{"line":4,"column":41}}},"fnMap":{"0":{"name":"(anonymous_0)","decl":{"start":{"line":3,"column":30},"end":{"line":3,"column":31}},"loc":{"start":{"line":3,"column":36},"end":{"line":3,"column":49}},"line":3}},"branchMap":{},"s":{"0":2,"1":5,"2":2},"f":{"0":5},"b":{},"_coverageSchema":"1a1c01bbd47fc00a2c39e90264f33305004495a9","hash":"25f0a91833e4a7f93c92dd7839c9b01ae0406542"}
,"/Users/codein92/Desktop/untitled folder/NotNaked/src/app/store.js": {"path":"/Users/codein92/Desktop/untitled folder/NotNaked/src/app/store.js","statementMap":{"0":{"start":{"line":13,"column":14},"end":{"line":29,"column":2}},"1":{"start":{"line":27,"column":40},"end":{"line":28,"column":83}}},"fnMap":{"0":{"name":"(anonymous_0)","decl":{"start":{"line":27,"column":14},"end":{"line":27,"column":15}},"loc":{"start":{"line":27,"column":40},"end":{"line":28,"column":83}},"line":27}},"branchMap":{},"s":{"0":1,"1":1},"f":{"0":1},"b":{},"_coverageSchema":"1a1c01bbd47fc00a2c39e90264f33305004495a9","hash":"2e6886299140de461384191d3c40037a0a5f1eae"}
,"/Users/codein92/Desktop/untitled folder/NotNaked/src/app/test-app.selector.js": {"path":"/Users/codein92/Desktop/untitled folder/NotNaked/src/app/test-app.selector.js","statementMap":{"0":{"start":{"line":1,"column":14},"end":{"line":3,"column":1}},"1":{"start":{"line":5,"column":33},"end":{"line":5,"column":48}},"2":{"start":{"line":5,"column":40},"end":{"line":5,"column":48}}},"fnMap":{"0":{"name":"(anonymous_0)","decl":{"start":{"line":5,"column":33},"end":{"line":5,"column":34}},"loc":{"start":{"line":5,"column":40},"end":{"line":5,"column":48}},"line":5}},"branchMap":{},"s":{"0":1,"1":1,"2":0},"f":{"0":0},"b":{},"_coverageSchema":"1a1c01bbd47fc00a2c39e90264f33305004495a9","hash":"64242fdc8ecf6f747e71104b8fc642177f737756"}
,"/Users/codein92/Desktop/untitled folder/NotNaked/src/app/test-utils.jsx": {"path":"/Users/codein92/Desktop/untitled folder/NotNaked/src/app/test-utils.jsx","statementMap":{"0":{"start":{"line":36,"column":44},"end":{"line":37,"column":87}},"1":{"start":{"line":43,"column":4},"end":{"line":47,"column":6}},"2":{"start":{"line":49,"column":2},"end":{"line":49,"column":63}}},"fnMap":{"0":{"name":"reducer","decl":{"start":{"line":20,"column":9},"end":{"line":20,"column":16}},"loc":{"start":{"line":41,"column":2},"end":{"line":50,"column":1}},"line":41},"1":{"name":"(anonymous_1)","decl":{"start":{"line":36,"column":18},"end":{"line":36,"column":19}},"loc":{"start":{"line":36,"column":44},"end":{"line":37,"column":87}},"line":36},"2":{"name":"Wrapper","decl":{"start":{"line":42,"column":11},"end":{"line":42,"column":18}},"loc":{"start":{"line":42,"column":33},"end":{"line":48,"column":3}},"line":42}},"branchMap":{"0":{"loc":{"start":{"line":22,"column":2},"end":{"line":40,"column":8}},"type":"default-arg","locations":[{"start":{"line":40,"column":6},"end":{"line":40,"column":8}}],"line":22},"1":{"loc":{"start":{"line":24,"column":4},"end":{"line":38,"column":6}},"type":"default-arg","locations":[{"start":{"line":24,"column":12},"end":{"line":38,"column":6}}],"line":24}},"s":{"0":11,"1":11,"2":11},"f":{"0":11,"1":11,"2":11},"b":{"0":[11],"1":[11]},"_coverageSchema":"1a1c01bbd47fc00a2c39e90264f33305004495a9","hash":"4024c1ae01569b7460da0db943c163379588bf88"}
,"/Users/codein92/Desktop/untitled folder/NotNaked/src/config/config.js": {"path":"/Users/codein92/Desktop/untitled folder/NotNaked/src/config/config.js","statementMap":{"0":{"start":{"line":1,"column":23},"end":{"line":1,"column":65}}},"fnMap":{},"branchMap":{},"s":{"0":5},"f":{},"b":{},"_coverageSchema":"1a1c01bbd47fc00a2c39e90264f33305004495a9","hash":"4eb3ca414ce5b791d7ce04c3a33013f46c0e32c4"}
,"/Users/codein92/Desktop/untitled folder/NotNaked/src/features/Overview/StyleSelector/styleSlice.js": {"path":"/Users/codein92/Desktop/untitled folder/NotNaked/src/features/Overview/StyleSelector/styleSlice.js","statementMap":{"0":{"start":{"line":6,"column":21},"end":{"line":8,"column":1}},"1":{"start":{"line":10,"column":33},"end":{"line":18,"column":2}},"2":{"start":{"line":15,"column":6},"end":{"line":15,"column":43}},"3":{"start":{"line":20,"column":35},"end":{"line":20,"column":60}}},"fnMap":{"0":{"name":"(anonymous_0)","decl":{"start":{"line":14,"column":21},"end":{"line":14,"column":22}},"loc":{"start":{"line":14,"column":40},"end":{"line":16,"column":5}},"line":14}},"branchMap":{},"s":{"0":5,"1":5,"2":0,"3":5},"f":{"0":0},"b":{},"_coverageSchema":"1a1c01bbd47fc00a2c39e90264f33305004495a9","hash":"7fc2c12309c89a02c97c3954882c80427c4366f9"}
,"/Users/codein92/Desktop/untitled folder/NotNaked/src/features/QuestionsAndAnswers/QuestionsAndAnswers.jsx": {"path":"/Users/codein92/Desktop/untitled folder/NotNaked/src/features/QuestionsAndAnswers/QuestionsAndAnswers.jsx","statementMap":{"0":{"start":{"line":11,"column":2},"end":{"line":20,"column":4}},"1":{"start":{"line":23,"column":0},"end":{"line":25,"column":2}}},"fnMap":{"0":{"name":"QuestionsAndAnswers","decl":{"start":{"line":10,"column":24},"end":{"line":10,"column":43}},"loc":{"start":{"line":10,"column":67},"end":{"line":21,"column":1}},"line":10}},"branchMap":{},"s":{"0":1,"1":1},"f":{"0":1},"b":{},"_coverageSchema":"1a1c01bbd47fc00a2c39e90264f33305004495a9","hash":"4ddba58957419b3551ba2a6bd43b324f5382f660"}
,"/Users/codein92/Desktop/untitled folder/NotNaked/src/features/QuestionsAndAnswers/QuestionsAndAnswers.module.css": {"path":"/Users/codein92/Desktop/untitled folder/NotNaked/src/features/QuestionsAndAnswers/QuestionsAndAnswers.module.css","statementMap":{"0":{"start":{"line":1,"column":13},"end":{"line":1,"column":44}},"1":{"start":{"line":3,"column":4},"end":{"line":24,"column":5}},"2":{"start":{"line":4,"column":8},"end":{"line":6,"column":11}},"3":{"start":{"line":7,"column":8},"end":{"line":18,"column":11}},"4":{"start":{"line":9,"column":16},"end":{"line":11,"column":17}},"5":{"start":{"line":10,"column":20},"end":{"line":10,"column":34}},"6":{"start":{"line":12,"column":16},"end":{"line":12,"column":36}},"7":{"start":{"line":16,"column":16},"end":{"line":16,"column":30}},"8":{"start":{"line":20,"column":8},"end":{"line":22,"column":11}},"9":{"start":{"line":23,"column":8},"end":{"line":23,"column":31}}},"fnMap":{"0":{"name":"(anonymous_0)","decl":{"start":{"line":8,"column":12},"end":{"line":8,"column":13}},"loc":{"start":{"line":8,"column":30},"end":{"line":13,"column":13}},"line":8},"1":{"name":"(anonymous_1)","decl":{"start":{"line":15,"column":12},"end":{"line":15,"column":13}},"loc":{"start":{"line":15,"column":29},"end":{"line":17,"column":13}},"line":15}},"branchMap":{"0":{"loc":{"start":{"line":3,"column":4},"end":{"line":24,"column":5}},"type":"if","locations":[{"start":{"line":3,"column":4},"end":{"line":24,"column":5}},{"start":{"line":19,"column":11},"end":{"line":24,"column":5}}],"line":3},"1":{"loc":{"start":{"line":3,"column":8},"end":{"line":3,"column":44}},"type":"binary-expr","locations":[{"start":{"line":3,"column":8},"end":{"line":3,"column":34}},{"start":{"line":3,"column":38},"end":{"line":3,"column":44}}],"line":3},"2":{"loc":{"start":{"line":9,"column":16},"end":{"line":11,"column":17}},"type":"if","locations":[{"start":{"line":9,"column":16},"end":{"line":11,"column":17}},{"start":{},"end":{}}],"line":9}},"s":{"0":1,"1":1,"2":1,"3":1,"4":3,"5":2,"6":1,"7":0,"8":0,"9":0},"f":{"0":3,"1":0},"b":{"0":[1,0],"1":[1,1],"2":[2,1]},"_coverageSchema":"1a1c01bbd47fc00a2c39e90264f33305004495a9","hash":"dddbaeeb2ebf48b37dd24681afdd6eec311772e9"}
,"/Users/codein92/Desktop/untitled folder/NotNaked/src/features/QuestionsAndAnswers/questionsAndAnswersSlice.jsx": {"path":"/Users/codein92/Desktop/untitled folder/NotNaked/src/features/QuestionsAndAnswers/questionsAndAnswersSlice.jsx","statementMap":{"0":{"start":{"line":4,"column":21},"end":{"line":6,"column":1}},"1":{"start":{"line":8,"column":40},"end":{"line":16,"column":2}},"2":{"start":{"line":13,"column":6},"end":{"line":13,"column":36}},"3":{"start":{"line":18,"column":29},"end":{"line":18,"column":61}}},"fnMap":{"0":{"name":"(anonymous_0)","decl":{"start":{"line":12,"column":15},"end":{"line":12,"column":16}},"loc":{"start":{"line":12,"column":34},"end":{"line":14,"column":5}},"line":12}},"branchMap":{},"s":{"0":5,"1":5,"2":0,"3":5},"f":{"0":0},"b":{},"_coverageSchema":"1a1c01bbd47fc00a2c39e90264f33305004495a9","hash":"c2f7ab01582ff4fdc148991c9f7dbf0c359a2c79"}
,"/Users/codein92/Desktop/untitled folder/NotNaked/src/features/QuestionsAndAnswers/QAModals/AddQA.jsx": {"path":"/Users/codein92/Desktop/untitled folder/NotNaked/src/features/QuestionsAndAnswers/QAModals/AddQA.jsx","statementMap":{"0":{"start":{"line":13,"column":22},"end":{"line":13,"column":44}},"1":{"start":{"line":14,"column":24},"end":{"line":14,"column":48}},"2":{"start":{"line":15,"column":26},"end":{"line":15,"column":38}},"3":{"start":{"line":16,"column":26},"end":{"line":16,"column":38}},"4":{"start":{"line":17,"column":28},"end":{"line":17,"column":40}},"5":{"start":{"line":19,"column":2},"end":{"line":86,"column":4}},"6":{"start":{"line":21,"column":68},"end":{"line":21,"column":87}},"7":{"start":{"line":46,"column":10},"end":{"line":46,"column":29}},"8":{"start":{"line":47,"column":27},"end":{"line":52,"column":11}},"9":{"start":{"line":53,"column":10},"end":{"line":57,"column":11}},"10":{"start":{"line":54,"column":12},"end":{"line":54,"column":32}},"11":{"start":{"line":56,"column":12},"end":{"line":56,"column":34}},"12":{"start":{"line":58,"column":10},"end":{"line":58,"column":30}},"13":{"start":{"line":63,"column":32},"end":{"line":63,"column":55}},"14":{"start":{"line":69,"column":32},"end":{"line":69,"column":56}},"15":{"start":{"line":79,"column":35},"end":{"line":79,"column":58}},"16":{"start":{"line":89,"column":0},"end":{"line":95,"column":2}}},"fnMap":{"0":{"name":"AddQA","decl":{"start":{"line":10,"column":24},"end":{"line":10,"column":29}},"loc":{"start":{"line":12,"column":3},"end":{"line":87,"column":1}},"line":12},"1":{"name":"(anonymous_1)","decl":{"start":{"line":21,"column":62},"end":{"line":21,"column":63}},"loc":{"start":{"line":21,"column":68},"end":{"line":21,"column":87}},"line":21},"2":{"name":"(anonymous_2)","decl":{"start":{"line":45,"column":18},"end":{"line":45,"column":19}},"loc":{"start":{"line":45,"column":25},"end":{"line":59,"column":9}},"line":45},"3":{"name":"(anonymous_3)","decl":{"start":{"line":63,"column":25},"end":{"line":63,"column":26}},"loc":{"start":{"line":63,"column":32},"end":{"line":63,"column":55}},"line":63},"4":{"name":"(anonymous_4)","decl":{"start":{"line":69,"column":25},"end":{"line":69,"column":26}},"loc":{"start":{"line":69,"column":32},"end":{"line":69,"column":56}},"line":69},"5":{"name":"(anonymous_5)","decl":{"start":{"line":79,"column":28},"end":{"line":79,"column":29}},"loc":{"start":{"line":79,"column":35},"end":{"line":79,"column":58}},"line":79}},"branchMap":{"0":{"loc":{"start":{"line":11,"column":25},"end":{"line":11,"column":49}},"type":"default-arg","locations":[{"start":{"line":11,"column":40},"end":{"line":11,"column":49}}],"line":11},"1":{"loc":{"start":{"line":24,"column":7},"end":{"line":25,"column":61}},"type":"binary-expr","locations":[{"start":{"line":24,"column":7},"end":{"line":24,"column":33}},{"start":{"line":25,"column":9},"end":{"line":25,"column":61}}],"line":24},"2":{"loc":{"start":{"line":26,"column":7},"end":{"line":34,"column":7}},"type":"binary-expr","locations":[{"start":{"line":26,"column":7},"end":{"line":26,"column":33}},{"start":{"line":28,"column":6},"end":{"line":33,"column":11}}],"line":26},"3":{"loc":{"start":{"line":35,"column":7},"end":{"line":36,"column":60}},"type":"binary-expr","locations":[{"start":{"line":35,"column":7},"end":{"line":35,"column":33}},{"start":{"line":36,"column":9},"end":{"line":36,"column":60}}],"line":35},"4":{"loc":{"start":{"line":37,"column":7},"end":{"line":43,"column":7}},"type":"binary-expr","locations":[{"start":{"line":37,"column":7},"end":{"line":37,"column":33}},{"start":{"line":39,"column":6},"end":{"line":42,"column":11}}],"line":37},"5":{"loc":{"start":{"line":53,"column":10},"end":{"line":57,"column":11}},"type":"if","locations":[{"start":{"line":53,"column":10},"end":{"line":57,"column":11}},{"start":{"line":55,"column":17},"end":{"line":57,"column":11}}],"line":53},"6":{"loc":{"start":{"line":74,"column":9},"end":{"line":75,"column":30}},"type":"binary-expr","locations":[{"start":{"line":74,"column":9},"end":{"line":74,"column":35}},{"start":{"line":75,"column":9},"end":{"line":75,"column":30}}],"line":74},"7":{"loc":{"start":{"line":76,"column":9},"end":{"line":77,"column":32}},"type":"binary-expr","locations":[{"start":{"line":76,"column":9},"end":{"line":76,"column":35}},{"start":{"line":77,"column":9},"end":{"line":77,"column":32}}],"line":76}},"s":{"0":0,"1":0,"2":0,"3":0,"4":0,"5":0,"6":0,"7":0,"8":0,"9":0,"10":0,"11":0,"12":0,"13":0,"14":0,"15":0,"16":1},"f":{"0":0,"1":0,"2":0,"3":0,"4":0,"5":0},"b":{"0":[0],"1":[0,0],"2":[0,0],"3":[0,0],"4":[0,0],"5":[0,0],"6":[0,0],"7":[0,0]},"_coverageSchema":"1a1c01bbd47fc00a2c39e90264f33305004495a9","hash":"e05dfeecae4f7d9da27c32568afb40739806863b"}
,"/Users/codein92/Desktop/untitled folder/NotNaked/src/features/QuestionsAndAnswers/QAModals/AddQA.module.css": {"path":"/Users/codein92/Desktop/untitled folder/NotNaked/src/features/QuestionsAndAnswers/QAModals/AddQA.module.css","statementMap":{"0":{"start":{"line":1,"column":13},"end":{"line":1,"column":122}},"1":{"start":{"line":3,"column":4},"end":{"line":24,"column":5}},"2":{"start":{"line":4,"column":8},"end":{"line":6,"column":11}},"3":{"start":{"line":7,"column":8},"end":{"line":18,"column":11}},"4":{"start":{"line":9,"column":16},"end":{"line":11,"column":17}},"5":{"start":{"line":10,"column":20},"end":{"line":10,"column":34}},"6":{"start":{"line":12,"column":16},"end":{"line":12,"column":36}},"7":{"start":{"line":16,"column":16},"end":{"line":16,"column":30}},"8":{"start":{"line":20,"column":8},"end":{"line":22,"column":11}},"9":{"start":{"line":23,"column":8},"end":{"line":23,"column":31}}},"fnMap":{"0":{"name":"(anonymous_0)","decl":{"start":{"line":8,"column":12},"end":{"line":8,"column":13}},"loc":{"start":{"line":8,"column":30},"end":{"line":13,"column":13}},"line":8},"1":{"name":"(anonymous_1)","decl":{"start":{"line":15,"column":12},"end":{"line":15,"column":13}},"loc":{"start":{"line":15,"column":29},"end":{"line":17,"column":13}},"line":15}},"branchMap":{"0":{"loc":{"start":{"line":3,"column":4},"end":{"line":24,"column":5}},"type":"if","locations":[{"start":{"line":3,"column":4},"end":{"line":24,"column":5}},{"start":{"line":19,"column":11},"end":{"line":24,"column":5}}],"line":3},"1":{"loc":{"start":{"line":3,"column":8},"end":{"line":3,"column":44}},"type":"binary-expr","locations":[{"start":{"line":3,"column":8},"end":{"line":3,"column":34}},{"start":{"line":3,"column":38},"end":{"line":3,"column":44}}],"line":3},"2":{"loc":{"start":{"line":9,"column":16},"end":{"line":11,"column":17}},"type":"if","locations":[{"start":{"line":9,"column":16},"end":{"line":11,"column":17}},{"start":{},"end":{}}],"line":9}},"s":{"0":1,"1":1,"2":1,"3":1,"4":1,"5":0,"6":1,"7":0,"8":0,"9":0},"f":{"0":1,"1":0},"b":{"0":[1,0],"1":[1,1],"2":[0,1]},"_coverageSchema":"1a1c01bbd47fc00a2c39e90264f33305004495a9","hash":"5f7be200efa656503a429dbf2f85ddd0bc219a26"}
,"/Users/codein92/Desktop/untitled folder/NotNaked/src/features/QuestionsAndAnswers/QASearch/Search.jsx": {"path":"/Users/codein92/Desktop/untitled folder/NotNaked/src/features/QuestionsAndAnswers/QASearch/Search.jsx","statementMap":{"0":{"start":{"line":10,"column":19},"end":{"line":10,"column":32}},"1":{"start":{"line":11,"column":17},"end":{"line":11,"column":73}},"2":{"start":{"line":11,"column":40},"end":{"line":11,"column":72}},"3":{"start":{"line":13,"column":2},"end":{"line":18,"column":4}},"4":{"start":{"line":14,"column":27},"end":{"line":14,"column":45}},"5":{"start":{"line":15,"column":30},"end":{"line":15,"column":65}}},"fnMap":{"0":{"name":"Search","decl":{"start":{"line":9,"column":24},"end":{"line":9,"column":30}},"loc":{"start":{"line":9,"column":33},"end":{"line":19,"column":1}},"line":9},"1":{"name":"(anonymous_1)","decl":{"start":{"line":11,"column":29},"end":{"line":11,"column":30}},"loc":{"start":{"line":11,"column":40},"end":{"line":11,"column":72}},"line":11},"2":{"name":"(anonymous_2)","decl":{"start":{"line":14,"column":20},"end":{"line":14,"column":21}},"loc":{"start":{"line":14,"column":27},"end":{"line":14,"column":45}},"line":14},"3":{"name":"(anonymous_3)","decl":{"start":{"line":15,"column":23},"end":{"line":15,"column":24}},"loc":{"start":{"line":15,"column":30},"end":{"line":15,"column":65}},"line":15}},"branchMap":{},"s":{"0":1,"1":1,"2":6,"3":1,"4":0,"5":0},"f":{"0":1,"1":6,"2":0,"3":0},"b":{},"_coverageSchema":"1a1c01bbd47fc00a2c39e90264f33305004495a9","hash":"7042d9420b7ad97fd74a8b406e354b424f3501a8"}
,"/Users/codein92/Desktop/untitled folder/NotNaked/src/features/QuestionsAndAnswers/QASearch/Search.module.css": {"path":"/Users/codein92/Desktop/untitled folder/NotNaked/src/features/QuestionsAndAnswers/QASearch/Search.module.css","statementMap":{"0":{"start":{"line":1,"column":13},"end":{"line":1,"column":58}},"1":{"start":{"line":3,"column":4},"end":{"line":24,"column":5}},"2":{"start":{"line":4,"column":8},"end":{"line":6,"column":11}},"3":{"start":{"line":7,"column":8},"end":{"line":18,"column":11}},"4":{"start":{"line":9,"column":16},"end":{"line":11,"column":17}},"5":{"start":{"line":10,"column":20},"end":{"line":10,"column":34}},"6":{"start":{"line":12,"column":16},"end":{"line":12,"column":36}},"7":{"start":{"line":16,"column":16},"end":{"line":16,"column":30}},"8":{"start":{"line":20,"column":8},"end":{"line":22,"column":11}},"9":{"start":{"line":23,"column":8},"end":{"line":23,"column":31}}},"fnMap":{"0":{"name":"(anonymous_0)","decl":{"start":{"line":8,"column":12},"end":{"line":8,"column":13}},"loc":{"start":{"line":8,"column":30},"end":{"line":13,"column":13}},"line":8},"1":{"name":"(anonymous_1)","decl":{"start":{"line":15,"column":12},"end":{"line":15,"column":13}},"loc":{"start":{"line":15,"column":29},"end":{"line":17,"column":13}},"line":15}},"branchMap":{"0":{"loc":{"start":{"line":3,"column":4},"end":{"line":24,"column":5}},"type":"if","locations":[{"start":{"line":3,"column":4},"end":{"line":24,"column":5}},{"start":{"line":19,"column":11},"end":{"line":24,"column":5}}],"line":3},"1":{"loc":{"start":{"line":3,"column":8},"end":{"line":3,"column":44}},"type":"binary-expr","locations":[{"start":{"line":3,"column":8},"end":{"line":3,"column":34}},{"start":{"line":3,"column":38},"end":{"line":3,"column":44}}],"line":3},"2":{"loc":{"start":{"line":9,"column":16},"end":{"line":11,"column":17}},"type":"if","locations":[{"start":{"line":9,"column":16},"end":{"line":11,"column":17}},{"start":{},"end":{}}],"line":9}},"s":{"0":1,"1":1,"2":1,"3":1,"4":4,"5":3,"6":1,"7":0,"8":0,"9":0},"f":{"0":4,"1":0},"b":{"0":[1,0],"1":[1,1],"2":[3,1]},"_coverageSchema":"1a1c01bbd47fc00a2c39e90264f33305004495a9","hash":"d3b727cd155f162be2c735d3e62ef873a46de3b0"}
,"/Users/codein92/Desktop/untitled folder/NotNaked/src/features/QuestionsAndAnswers/QuestionsList/QuestionsList.jsx": {"path":"/Users/codein92/Desktop/untitled folder/NotNaked/src/features/QuestionsAndAnswers/QuestionsList/QuestionsList.jsx","statementMap":{"0":{"start":{"line":14,"column":37},"end":{"line":14,"column":76}},"1":{"start":{"line":15,"column":28},"end":{"line":15,"column":77}},"2":{"start":{"line":17,"column":15},"end":{"line":17,"column":85}},"3":{"start":{"line":17,"column":38},"end":{"line":17,"column":70}},"4":{"start":{"line":19,"column":2},"end":{"line":21,"column":3}},"5":{"start":{"line":20,"column":4},"end":{"line":20,"column":16}},"6":{"start":{"line":23,"column":52},"end":{"line":23,"column":63}},"7":{"start":{"line":24,"column":70},"end":{"line":24,"column":85}},"8":{"start":{"line":26,"column":40},"end":{"line":26,"column":55}},"9":{"start":{"line":28,"column":28},"end":{"line":30,"column":3}},"10":{"start":{"line":29,"column":4},"end":{"line":29,"column":33}},"11":{"start":{"line":33,"column":25},"end":{"line":40,"column":3}},"12":{"start":{"line":34,"column":17},"end":{"line":34,"column":91}},"13":{"start":{"line":34,"column":48},"end":{"line":34,"column":83}},"14":{"start":{"line":35,"column":4},"end":{"line":39,"column":5}},"15":{"start":{"line":36,"column":6},"end":{"line":36,"column":42}},"16":{"start":{"line":38,"column":6},"end":{"line":38,"column":43}},"17":{"start":{"line":42,"column":2},"end":{"line":44,"column":42}},"18":{"start":{"line":43,"column":4},"end":{"line":43,"column":21}},"19":{"start":{"line":46,"column":2},"end":{"line":48,"column":3}},"20":{"start":{"line":47,"column":4},"end":{"line":47,"column":42}},"21":{"start":{"line":50,"column":2},"end":{"line":52,"column":3}},"22":{"start":{"line":51,"column":4},"end":{"line":51,"column":27}},"23":{"start":{"line":54,"column":2},"end":{"line":91,"column":3}},"24":{"start":{"line":55,"column":22},"end":{"line":55,"column":88}},"25":{"start":{"line":55,"column":52},"end":{"line":55,"column":87}},"26":{"start":{"line":56,"column":4},"end":{"line":90,"column":6}},"27":{"start":{"line":73,"column":22},"end":{"line":73,"column":86}},"28":{"start":{"line":79,"column":14},"end":{"line":79,"column":58}},"29":{"start":{"line":85,"column":31},"end":{"line":85,"column":50}},"30":{"start":{"line":94,"column":0},"end":{"line":96,"column":2}}},"fnMap":{"0":{"name":"QuestionsList","decl":{"start":{"line":13,"column":24},"end":{"line":13,"column":37}},"loc":{"start":{"line":13,"column":61},"end":{"line":92,"column":1}},"line":13},"1":{"name":"(anonymous_1)","decl":{"start":{"line":17,"column":27},"end":{"line":17,"column":28}},"loc":{"start":{"line":17,"column":38},"end":{"line":17,"column":70}},"line":17},"2":{"name":"(anonymous_2)","decl":{"start":{"line":28,"column":28},"end":{"line":28,"column":29}},"loc":{"start":{"line":28,"column":34},"end":{"line":30,"column":3}},"line":28},"3":{"name":"(anonymous_3)","decl":{"start":{"line":33,"column":25},"end":{"line":33,"column":26}},"loc":{"start":{"line":33,"column":31},"end":{"line":40,"column":3}},"line":33},"4":{"name":"(anonymous_4)","decl":{"start":{"line":34,"column":38},"end":{"line":34,"column":39}},"loc":{"start":{"line":34,"column":48},"end":{"line":34,"column":83}},"line":34},"5":{"name":"(anonymous_5)","decl":{"start":{"line":42,"column":12},"end":{"line":42,"column":13}},"loc":{"start":{"line":42,"column":18},"end":{"line":44,"column":3}},"line":42},"6":{"name":"(anonymous_6)","decl":{"start":{"line":55,"column":42},"end":{"line":55,"column":43}},"loc":{"start":{"line":55,"column":52},"end":{"line":55,"column":87}},"line":55},"7":{"name":"(anonymous_7)","decl":{"start":{"line":73,"column":15},"end":{"line":73,"column":16}},"loc":{"start":{"line":73,"column":22},"end":{"line":73,"column":86}},"line":73},"8":{"name":"(anonymous_8)","decl":{"start":{"line":78,"column":21},"end":{"line":78,"column":22}},"loc":{"start":{"line":78,"column":27},"end":{"line":80,"column":13}},"line":78},"9":{"name":"(anonymous_9)","decl":{"start":{"line":85,"column":25},"end":{"line":85,"column":26}},"loc":{"start":{"line":85,"column":31},"end":{"line":85,"column":50}},"line":85}},"branchMap":{"0":{"loc":{"start":{"line":19,"column":2},"end":{"line":21,"column":3}},"type":"if","locations":[{"start":{"line":19,"column":2},"end":{"line":21,"column":3}},{"start":{},"end":{}}],"line":19},"1":{"loc":{"start":{"line":35,"column":4},"end":{"line":39,"column":5}},"type":"if","locations":[{"start":{"line":35,"column":4},"end":{"line":39,"column":5}},{"start":{"line":37,"column":11},"end":{"line":39,"column":5}}],"line":35},"2":{"loc":{"start":{"line":35,"column":8},"end":{"line":35,"column":46}},"type":"binary-expr","locations":[{"start":{"line":35,"column":8},"end":{"line":35,"column":33}},{"start":{"line":35,"column":37},"end":{"line":35,"column":46}}],"line":35},"3":{"loc":{"start":{"line":46,"column":2},"end":{"line":48,"column":3}},"type":"if","locations":[{"start":{"line":46,"column":2},"end":{"line":48,"column":3}},{"start":{},"end":{}}],"line":46},"4":{"loc":{"start":{"line":50,"column":2},"end":{"line":52,"column":3}},"type":"if","locations":[{"start":{"line":50,"column":2},"end":{"line":52,"column":3}},{"start":{},"end":{}}],"line":50},"5":{"loc":{"start":{"line":54,"column":2},"end":{"line":91,"column":3}},"type":"if","locations":[{"start":{"line":54,"column":2},"end":{"line":91,"column":3}},{"start":{},"end":{}}],"line":54},"6":{"loc":{"start":{"line":58,"column":9},"end":{"line":64,"column":9}},"type":"binary-expr","locations":[{"start":{"line":58,"column":9},"end":{"line":58,"column":20}},{"start":{"line":59,"column":10},"end":{"line":63,"column":12}}],"line":58},"7":{"loc":{"start":{"line":65,"column":9},"end":{"line":70,"column":13}},"type":"binary-expr","locations":[{"start":{"line":65,"column":9},"end":{"line":65,"column":31}},{"start":{"line":66,"column":10},"end":{"line":70,"column":13}}],"line":65},"8":{"loc":{"start":{"line":75,"column":9},"end":{"line":84,"column":9}},"type":"binary-expr","locations":[{"start":{"line":75,"column":9},"end":{"line":75,"column":36}},{"start":{"line":77,"column":10},"end":{"line":83,"column":19}}],"line":75}},"s":{"0":3,"1":3,"2":3,"3":4,"4":3,"5":3,"6":3,"7":3,"8":3,"9":3,"10":0,"11":3,"12":2,"13":0,"14":2,"15":0,"16":2,"17":3,"18":2,"19":3,"20":0,"21":3,"22":3,"23":0,"24":0,"25":0,"26":0,"27":0,"28":0,"29":0,"30":1},"f":{"0":3,"1":4,"2":0,"3":2,"4":0,"5":2,"6":0,"7":0,"8":0,"9":0},"b":{"0":[3,0],"1":[0,2],"2":[2,2],"3":[0,3],"4":[3,0],"5":[0,0],"6":[0,0],"7":[0,0],"8":[0,0]},"_coverageSchema":"1a1c01bbd47fc00a2c39e90264f33305004495a9","hash":"483603225b2b870285838f077a598eec29983088"}
,"/Users/codein92/Desktop/untitled folder/NotNaked/src/features/QuestionsAndAnswers/QuestionsList/QuestionsList.module.css": {"path":"/Users/codein92/Desktop/untitled folder/NotNaked/src/features/QuestionsAndAnswers/QuestionsList/QuestionsList.module.css","statementMap":{"0":{"start":{"line":1,"column":13},"end":{"line":1,"column":28}},"1":{"start":{"line":3,"column":4},"end":{"line":24,"column":5}},"2":{"start":{"line":4,"column":8},"end":{"line":6,"column":11}},"3":{"start":{"line":7,"column":8},"end":{"line":18,"column":11}},"4":{"start":{"line":9,"column":16},"end":{"line":11,"column":17}},"5":{"start":{"line":10,"column":20},"end":{"line":10,"column":34}},"6":{"start":{"line":12,"column":16},"end":{"line":12,"column":36}},"7":{"start":{"line":16,"column":16},"end":{"line":16,"column":30}},"8":{"start":{"line":20,"column":8},"end":{"line":22,"column":11}},"9":{"start":{"line":23,"column":8},"end":{"line":23,"column":31}}},"fnMap":{"0":{"name":"(anonymous_0)","decl":{"start":{"line":8,"column":12},"end":{"line":8,"column":13}},"loc":{"start":{"line":8,"column":30},"end":{"line":13,"column":13}},"line":8},"1":{"name":"(anonymous_1)","decl":{"start":{"line":15,"column":12},"end":{"line":15,"column":13}},"loc":{"start":{"line":15,"column":29},"end":{"line":17,"column":13}},"line":15}},"branchMap":{"0":{"loc":{"start":{"line":3,"column":4},"end":{"line":24,"column":5}},"type":"if","locations":[{"start":{"line":3,"column":4},"end":{"line":24,"column":5}},{"start":{"line":19,"column":11},"end":{"line":24,"column":5}}],"line":3},"1":{"loc":{"start":{"line":3,"column":8},"end":{"line":3,"column":44}},"type":"binary-expr","locations":[{"start":{"line":3,"column":8},"end":{"line":3,"column":34}},{"start":{"line":3,"column":38},"end":{"line":3,"column":44}}],"line":3},"2":{"loc":{"start":{"line":9,"column":16},"end":{"line":11,"column":17}},"type":"if","locations":[{"start":{"line":9,"column":16},"end":{"line":11,"column":17}},{"start":{},"end":{}}],"line":9}},"s":{"0":1,"1":1,"2":1,"3":1,"4":1,"5":0,"6":1,"7":0,"8":0,"9":0},"f":{"0":1,"1":0},"b":{"0":[1,0],"1":[1,1],"2":[0,1]},"_coverageSchema":"1a1c01bbd47fc00a2c39e90264f33305004495a9","hash":"8724e6e9dff3150744524617d1e1902bc946d27d"}
,"/Users/codein92/Desktop/untitled folder/NotNaked/src/features/QuestionsAndAnswers/QuestionsList/QuestionCard/AnswerCard.jsx": {"path":"/Users/codein92/Desktop/untitled folder/NotNaked/src/features/QuestionsAndAnswers/QuestionsList/QuestionCard/AnswerCard.jsx","statementMap":{"0":{"start":{"line":20,"column":23},"end":{"line":20,"column":52}},"1":{"start":{"line":21,"column":25},"end":{"line":21,"column":50}},"2":{"start":{"line":23,"column":38},"end":{"line":23,"column":53}},"3":{"start":{"line":24,"column":22},"end":{"line":24,"column":72}},"4":{"start":{"line":25,"column":15},"end":{"line":25,"column":67}},"5":{"start":{"line":27,"column":2},"end":{"line":63,"column":4}},"6":{"start":{"line":36,"column":29},"end":{"line":36,"column":106}},"7":{"start":{"line":49,"column":14},"end":{"line":49,"column":38}},"8":{"start":{"line":50,"column":14},"end":{"line":50,"column":34}},"9":{"start":{"line":59,"column":28},"end":{"line":59,"column":53}},"10":{"start":{"line":66,"column":0},"end":{"line":69,"column":2}}},"fnMap":{"0":{"name":"AnswerCard","decl":{"start":{"line":19,"column":24},"end":{"line":19,"column":34}},"loc":{"start":{"line":19,"column":42},"end":{"line":64,"column":1}},"line":19},"1":{"name":"(anonymous_1)","decl":{"start":{"line":36,"column":24},"end":{"line":36,"column":25}},"loc":{"start":{"line":36,"column":29},"end":{"line":36,"column":106}},"line":36},"2":{"name":"(anonymous_2)","decl":{"start":{"line":48,"column":21},"end":{"line":48,"column":22}},"loc":{"start":{"line":48,"column":27},"end":{"line":51,"column":13}},"line":48},"3":{"name":"(anonymous_3)","decl":{"start":{"line":59,"column":22},"end":{"line":59,"column":23}},"loc":{"start":{"line":59,"column":28},"end":{"line":59,"column":53}},"line":59}},"branchMap":{"0":{"loc":{"start":{"line":34,"column":7},"end":{"line":36,"column":107}},"type":"binary-expr","locations":[{"start":{"line":34,"column":7},"end":{"line":34,"column":26}},{"start":{"line":36,"column":11},"end":{"line":36,"column":107}}],"line":34},"1":{"loc":{"start":{"line":40,"column":14},"end":{"line":40,"column":94}},"type":"binary-expr","locations":[{"start":{"line":40,"column":14},"end":{"line":40,"column":56}},{"start":{"line":40,"column":60},"end":{"line":40,"column":94}}],"line":40},"2":{"loc":{"start":{"line":41,"column":11},"end":{"line":41,"column":77}},"type":"binary-expr","locations":[{"start":{"line":41,"column":11},"end":{"line":41,"column":53}},{"start":{"line":41,"column":57},"end":{"line":41,"column":77}}],"line":41}},"s":{"0":0,"1":0,"2":0,"3":0,"4":0,"5":0,"6":0,"7":0,"8":0,"9":0,"10":1},"f":{"0":0,"1":0,"2":0,"3":0},"b":{"0":[0,0],"1":[0,0],"2":[0,0]},"_coverageSchema":"1a1c01bbd47fc00a2c39e90264f33305004495a9","hash":"b70ba668d8491739ad38732132cd28ecd3005fd1"}
,"/Users/codein92/Desktop/untitled folder/NotNaked/src/features/QuestionsAndAnswers/QuestionsList/QuestionCard/AnswerCard.module.css": {"path":"/Users/codein92/Desktop/untitled folder/NotNaked/src/features/QuestionsAndAnswers/QuestionsList/QuestionCard/AnswerCard.module.css","statementMap":{"0":{"start":{"line":1,"column":13},"end":{"line":1,"column":90}},"1":{"start":{"line":3,"column":4},"end":{"line":24,"column":5}},"2":{"start":{"line":4,"column":8},"end":{"line":6,"column":11}},"3":{"start":{"line":7,"column":8},"end":{"line":18,"column":11}},"4":{"start":{"line":9,"column":16},"end":{"line":11,"column":17}},"5":{"start":{"line":10,"column":20},"end":{"line":10,"column":34}},"6":{"start":{"line":12,"column":16},"end":{"line":12,"column":36}},"7":{"start":{"line":16,"column":16},"end":{"line":16,"column":30}},"8":{"start":{"line":20,"column":8},"end":{"line":22,"column":11}},"9":{"start":{"line":23,"column":8},"end":{"line":23,"column":31}}},"fnMap":{"0":{"name":"(anonymous_0)","decl":{"start":{"line":8,"column":12},"end":{"line":8,"column":13}},"loc":{"start":{"line":8,"column":30},"end":{"line":13,"column":13}},"line":8},"1":{"name":"(anonymous_1)","decl":{"start":{"line":15,"column":12},"end":{"line":15,"column":13}},"loc":{"start":{"line":15,"column":29},"end":{"line":17,"column":13}},"line":15}},"branchMap":{"0":{"loc":{"start":{"line":3,"column":4},"end":{"line":24,"column":5}},"type":"if","locations":[{"start":{"line":3,"column":4},"end":{"line":24,"column":5}},{"start":{"line":19,"column":11},"end":{"line":24,"column":5}}],"line":3},"1":{"loc":{"start":{"line":3,"column":8},"end":{"line":3,"column":44}},"type":"binary-expr","locations":[{"start":{"line":3,"column":8},"end":{"line":3,"column":34}},{"start":{"line":3,"column":38},"end":{"line":3,"column":44}}],"line":3},"2":{"loc":{"start":{"line":9,"column":16},"end":{"line":11,"column":17}},"type":"if","locations":[{"start":{"line":9,"column":16},"end":{"line":11,"column":17}},{"start":{},"end":{}}],"line":9}},"s":{"0":1,"1":1,"2":1,"3":1,"4":1,"5":0,"6":1,"7":0,"8":0,"9":0},"f":{"0":1,"1":0},"b":{"0":[1,0],"1":[1,1],"2":[0,1]},"_coverageSchema":"1a1c01bbd47fc00a2c39e90264f33305004495a9","hash":"dd4a1804481601dfe73e3c3d86efd570a1873c2e"}
,"/Users/codein92/Desktop/untitled folder/NotNaked/src/features/QuestionsAndAnswers/QuestionsList/QuestionCard/QuestionCard.jsx": {"path":"/Users/codein92/Desktop/untitled folder/NotNaked/src/features/QuestionsAndAnswers/QuestionsList/QuestionCard/QuestionCard.jsx","statementMap":{"0":{"start":{"line":25,"column":37},"end":{"line":25,"column":70}},"1":{"start":{"line":26,"column":28},"end":{"line":26,"column":61}},"2":{"start":{"line":27,"column":23},"end":{"line":27,"column":54}},"3":{"start":{"line":28,"column":27},"end":{"line":28,"column":54}},"4":{"start":{"line":30,"column":48},"end":{"line":30,"column":59}},"5":{"start":{"line":31,"column":66},"end":{"line":31,"column":81}},"6":{"start":{"line":32,"column":40},"end":{"line":32,"column":55}},"7":{"start":{"line":33,"column":38},"end":{"line":33,"column":53}},"8":{"start":{"line":35,"column":28},"end":{"line":37,"column":3}},"9":{"start":{"line":36,"column":4},"end":{"line":36,"column":33}},"10":{"start":{"line":39,"column":2},"end":{"line":41,"column":3}},"11":{"start":{"line":40,"column":4},"end":{"line":40,"column":42}},"12":{"start":{"line":43,"column":2},"end":{"line":45,"column":3}},"13":{"start":{"line":44,"column":4},"end":{"line":44,"column":27}},"14":{"start":{"line":47,"column":2},"end":{"line":118,"column":3}},"15":{"start":{"line":48,"column":20},"end":{"line":48,"column":32}},"16":{"start":{"line":49,"column":4},"end":{"line":117,"column":6}},"17":{"start":{"line":71,"column":16},"end":{"line":71,"column":42}},"18":{"start":{"line":72,"column":16},"end":{"line":72,"column":36}},"19":{"start":{"line":84,"column":30},"end":{"line":84,"column":49}},"20":{"start":{"line":93,"column":56},"end":{"line":93,"column":94}},"21":{"start":{"line":99,"column":14},"end":{"line":99,"column":54}},"22":{"start":{"line":109,"column":14},"end":{"line":109,"column":36}},"23":{"start":{"line":121,"column":0},"end":{"line":125,"column":2}}},"fnMap":{"0":{"name":"QuestionCard","decl":{"start":{"line":24,"column":24},"end":{"line":24,"column":36}},"loc":{"start":{"line":24,"column":47},"end":{"line":119,"column":1}},"line":24},"1":{"name":"(anonymous_1)","decl":{"start":{"line":35,"column":28},"end":{"line":35,"column":29}},"loc":{"start":{"line":35,"column":34},"end":{"line":37,"column":3}},"line":35},"2":{"name":"(anonymous_2)","decl":{"start":{"line":70,"column":23},"end":{"line":70,"column":24}},"loc":{"start":{"line":70,"column":29},"end":{"line":73,"column":15}},"line":70},"3":{"name":"(anonymous_3)","decl":{"start":{"line":84,"column":24},"end":{"line":84,"column":25}},"loc":{"start":{"line":84,"column":30},"end":{"line":84,"column":49}},"line":84},"4":{"name":"(anonymous_4)","decl":{"start":{"line":93,"column":49},"end":{"line":93,"column":50}},"loc":{"start":{"line":93,"column":56},"end":{"line":93,"column":94}},"line":93},"5":{"name":"(anonymous_5)","decl":{"start":{"line":98,"column":21},"end":{"line":98,"column":22}},"loc":{"start":{"line":98,"column":27},"end":{"line":100,"column":13}},"line":98},"6":{"name":"(anonymous_6)","decl":{"start":{"line":108,"column":21},"end":{"line":108,"column":22}},"loc":{"start":{"line":108,"column":27},"end":{"line":110,"column":13}},"line":108}},"branchMap":{"0":{"loc":{"start":{"line":39,"column":2},"end":{"line":41,"column":3}},"type":"if","locations":[{"start":{"line":39,"column":2},"end":{"line":41,"column":3}},{"start":{},"end":{}}],"line":39},"1":{"loc":{"start":{"line":43,"column":2},"end":{"line":45,"column":3}},"type":"if","locations":[{"start":{"line":43,"column":2},"end":{"line":45,"column":3}},{"start":{},"end":{}}],"line":43},"2":{"loc":{"start":{"line":47,"column":2},"end":{"line":118,"column":3}},"type":"if","locations":[{"start":{"line":47,"column":2},"end":{"line":118,"column":3}},{"start":{},"end":{}}],"line":47},"3":{"loc":{"start":{"line":51,"column":9},"end":{"line":58,"column":9}},"type":"binary-expr","locations":[{"start":{"line":51,"column":9},"end":{"line":51,"column":20}},{"start":{"line":52,"column":10},"end":{"line":57,"column":12}}],"line":51},"4":{"loc":{"start":{"line":89,"column":11},"end":{"line":90,"column":61}},"type":"binary-expr","locations":[{"start":{"line":89,"column":11},"end":{"line":89,"column":31}},{"start":{"line":90,"column":13},"end":{"line":90,"column":61}}],"line":89},"5":{"loc":{"start":{"line":91,"column":11},"end":{"line":92,"column":44}},"type":"binary-expr","locations":[{"start":{"line":91,"column":11},"end":{"line":91,"column":29}},{"start":{"line":92,"column":13},"end":{"line":92,"column":44}}],"line":91},"6":{"loc":{"start":{"line":95,"column":11},"end":{"line":104,"column":9}},"type":"binary-expr","locations":[{"start":{"line":95,"column":11},"end":{"line":95,"column":43}},{"start":{"line":97,"column":10},"end":{"line":103,"column":19}}],"line":95},"7":{"loc":{"start":{"line":105,"column":11},"end":{"line":114,"column":9}},"type":"binary-expr","locations":[{"start":{"line":105,"column":12},"end":{"line":105,"column":44}},{"start":{"line":105,"column":48},"end":{"line":105,"column":67}},{"start":{"line":107,"column":10},"end":{"line":113,"column":19}}],"line":105}},"s":{"0":0,"1":0,"2":0,"3":0,"4":0,"5":0,"6":0,"7":0,"8":0,"9":0,"10":0,"11":0,"12":0,"13":0,"14":0,"15":0,"16":0,"17":0,"18":0,"19":0,"20":0,"21":0,"22":0,"23":1},"f":{"0":0,"1":0,"2":0,"3":0,"4":0,"5":0,"6":0},"b":{"0":[0,0],"1":[0,0],"2":[0,0],"3":[0,0],"4":[0,0],"5":[0,0],"6":[0,0],"7":[0,0,0]},"_coverageSchema":"1a1c01bbd47fc00a2c39e90264f33305004495a9","hash":"42defd4d4c85d7dbd5570eb7a71f936051e85d21"}
,"/Users/codein92/Desktop/untitled folder/NotNaked/src/features/QuestionsAndAnswers/QuestionsList/QuestionCard/QuestionCard.module.css": {"path":"/Users/codein92/Desktop/untitled folder/NotNaked/src/features/QuestionsAndAnswers/QuestionsList/QuestionCard/QuestionCard.module.css","statementMap":{"0":{"start":{"line":1,"column":13},"end":{"line":1,"column":80}},"1":{"start":{"line":3,"column":4},"end":{"line":24,"column":5}},"2":{"start":{"line":4,"column":8},"end":{"line":6,"column":11}},"3":{"start":{"line":7,"column":8},"end":{"line":18,"column":11}},"4":{"start":{"line":9,"column":16},"end":{"line":11,"column":17}},"5":{"start":{"line":10,"column":20},"end":{"line":10,"column":34}},"6":{"start":{"line":12,"column":16},"end":{"line":12,"column":36}},"7":{"start":{"line":16,"column":16},"end":{"line":16,"column":30}},"8":{"start":{"line":20,"column":8},"end":{"line":22,"column":11}},"9":{"start":{"line":23,"column":8},"end":{"line":23,"column":31}}},"fnMap":{"0":{"name":"(anonymous_0)","decl":{"start":{"line":8,"column":12},"end":{"line":8,"column":13}},"loc":{"start":{"line":8,"column":30},"end":{"line":13,"column":13}},"line":8},"1":{"name":"(anonymous_1)","decl":{"start":{"line":15,"column":12},"end":{"line":15,"column":13}},"loc":{"start":{"line":15,"column":29},"end":{"line":17,"column":13}},"line":15}},"branchMap":{"0":{"loc":{"start":{"line":3,"column":4},"end":{"line":24,"column":5}},"type":"if","locations":[{"start":{"line":3,"column":4},"end":{"line":24,"column":5}},{"start":{"line":19,"column":11},"end":{"line":24,"column":5}}],"line":3},"1":{"loc":{"start":{"line":3,"column":8},"end":{"line":3,"column":44}},"type":"binary-expr","locations":[{"start":{"line":3,"column":8},"end":{"line":3,"column":34}},{"start":{"line":3,"column":38},"end":{"line":3,"column":44}}],"line":3},"2":{"loc":{"start":{"line":9,"column":16},"end":{"line":11,"column":17}},"type":"if","locations":[{"start":{"line":9,"column":16},"end":{"line":11,"column":17}},{"start":{},"end":{}}],"line":9}},"s":{"0":1,"1":1,"2":1,"3":1,"4":1,"5":0,"6":1,"7":0,"8":0,"9":0},"f":{"0":1,"1":0},"b":{"0":[1,0],"1":[1,1],"2":[0,1]},"_coverageSchema":"1a1c01bbd47fc00a2c39e90264f33305004495a9","hash":"2b82a95be2488ff1e53b0f60f8bc1ed63b1bd0ca"}
,"/Users/codein92/Desktop/untitled folder/NotNaked/src/features/RatingsAndReviews/RatingBreakdown/ratingBreakdownSlice.js": {"path":"/Users/codein92/Desktop/untitled folder/NotNaked/src/features/RatingsAndReviews/RatingBreakdown/ratingBreakdownSlice.js","statementMap":{"0":{"start":{"line":4,"column":21},"end":{"line":6,"column":1}},"1":{"start":{"line":8,"column":36},"end":{"line":23,"column":2}},"2":{"start":{"line":13,"column":6},"end":{"line":20,"column":7}},"3":{"start":{"line":14,"column":8},"end":{"line":14,"column":32}},"4":{"start":{"line":15,"column":13},"end":{"line":20,"column":7}},"5":{"start":{"line":16,"column":8},"end":{"line":16,"column":48}},"6":{"start":{"line":18,"column":25},"end":{"line":18,"column":67}},"7":{"start":{"line":19,"column":8},"end":{"line":19,"column":47}},"8":{"start":{"line":25,"column":35},"end":{"line":25,"column":63}}},"fnMap":{"0":{"name":"(anonymous_0)","decl":{"start":{"line":12,"column":21},"end":{"line":12,"column":22}},"loc":{"start":{"line":12,"column":40},"end":{"line":21,"column":5}},"line":12}},"branchMap":{"0":{"loc":{"start":{"line":13,"column":6},"end":{"line":20,"column":7}},"type":"if","locations":[{"start":{"line":13,"column":6},"end":{"line":20,"column":7}},{"start":{"line":15,"column":13},"end":{"line":20,"column":7}}],"line":13},"1":{"loc":{"start":{"line":15,"column":13},"end":{"line":20,"column":7}},"type":"if","locations":[{"start":{"line":15,"column":13},"end":{"line":20,"column":7}},{"start":{"line":17,"column":13},"end":{"line":20,"column":7}}],"line":15}},"s":{"0":5,"1":5,"2":0,"3":0,"4":0,"5":0,"6":0,"7":0,"8":5},"f":{"0":0},"b":{"0":[0,0],"1":[0,0]},"_coverageSchema":"1a1c01bbd47fc00a2c39e90264f33305004495a9","hash":"185832c8fd2556fed0df32defd44d22d1b7a6c5d"}
,"/Users/codein92/Desktop/untitled folder/NotNaked/src/features/RatingsAndReviews/SortItems/sortItemsSlice.js": {"path":"/Users/codein92/Desktop/untitled folder/NotNaked/src/features/RatingsAndReviews/SortItems/sortItemsSlice.js","statementMap":{"0":{"start":{"line":3,"column":21},"end":{"line":5,"column":1}},"1":{"start":{"line":7,"column":30},"end":{"line":15,"column":2}},"2":{"start":{"line":12,"column":6},"end":{"line":12,"column":43}},"3":{"start":{"line":17,"column":36},"end":{"line":17,"column":58}}},"fnMap":{"0":{"name":"(anonymous_0)","decl":{"start":{"line":11,"column":22},"end":{"line":11,"column":23}},"loc":{"start":{"line":11,"column":41},"end":{"line":13,"column":5}},"line":11}},"branchMap":{},"s":{"0":5,"1":5,"2":0,"3":5},"f":{"0":0},"b":{},"_coverageSchema":"1a1c01bbd47fc00a2c39e90264f33305004495a9","hash":"b2c29d633bd99ac3e14001000b354b8c4962602c"}
,"/Users/codein92/Desktop/untitled folder/NotNaked/src/features/RelatedItemsAndComparison/OutfitList/OutfitList.jsx": {"path":"/Users/codein92/Desktop/untitled folder/NotNaked/src/features/RelatedItemsAndComparison/OutfitList/OutfitList.jsx","statementMap":{"0":{"start":{"line":13,"column":54},"end":{"line":13,"column":68}},"1":{"start":{"line":14,"column":43},"end":{"line":14,"column":81}},"2":{"start":{"line":15,"column":25},"end":{"line":15,"column":35}},"3":{"start":{"line":16,"column":25},"end":{"line":16,"column":79}},"4":{"start":{"line":16,"column":51},"end":{"line":16,"column":78}},"5":{"start":{"line":17,"column":19},"end":{"line":17,"column":35}},"6":{"start":{"line":19,"column":2},"end":{"line":23,"column":42}},"7":{"start":{"line":20,"column":4},"end":{"line":22,"column":5}},"8":{"start":{"line":21,"column":6},"end":{"line":21,"column":35}},"9":{"start":{"line":25,"column":26},"end":{"line":28,"column":3}},"10":{"start":{"line":26,"column":4},"end":{"line":26,"column":32}},"11":{"start":{"line":27,"column":4},"end":{"line":27,"column":43}},"12":{"start":{"line":30,"column":29},"end":{"line":32,"column":3}},"13":{"start":{"line":31,"column":4},"end":{"line":31,"column":62}},"14":{"start":{"line":34,"column":32},"end":{"line":41,"column":3}},"15":{"start":{"line":35,"column":4},"end":{"line":37,"column":5}},"16":{"start":{"line":36,"column":6},"end":{"line":36,"column":44}},"17":{"start":{"line":38,"column":4},"end":{"line":40,"column":5}},"18":{"start":{"line":39,"column":6},"end":{"line":39,"column":44}},"19":{"start":{"line":43,"column":2},"end":{"line":75,"column":4}},"20":{"start":{"line":58,"column":29},"end":{"line":58,"column":46}},"21":{"start":{"line":66,"column":14},"end":{"line":71,"column":16}},"22":{"start":{"line":70,"column":42},"end":{"line":70,"column":70}},"23":{"start":{"line":78,"column":0},"end":{"line":80,"column":2}}},"fnMap":{"0":{"name":"OutfitList","decl":{"start":{"line":12,"column":24},"end":{"line":12,"column":34}},"loc":{"start":{"line":12,"column":58},"end":{"line":76,"column":1}},"line":12},"1":{"name":"(anonymous_1)","decl":{"start":{"line":16,"column":40},"end":{"line":16,"column":41}},"loc":{"start":{"line":16,"column":51},"end":{"line":16,"column":78}},"line":16},"2":{"name":"(anonymous_2)","decl":{"start":{"line":19,"column":12},"end":{"line":19,"column":13}},"loc":{"start":{"line":19,"column":18},"end":{"line":23,"column":3}},"line":19},"3":{"name":"(anonymous_3)","decl":{"start":{"line":25,"column":26},"end":{"line":25,"column":27}},"loc":{"start":{"line":25,"column":32},"end":{"line":28,"column":3}},"line":25},"4":{"name":"(anonymous_4)","decl":{"start":{"line":30,"column":29},"end":{"line":30,"column":30}},"loc":{"start":{"line":30,"column":44},"end":{"line":32,"column":3}},"line":30},"5":{"name":"(anonymous_5)","decl":{"start":{"line":34,"column":32},"end":{"line":34,"column":33}},"loc":{"start":{"line":34,"column":45},"end":{"line":41,"column":3}},"line":34},"6":{"name":"(anonymous_6)","decl":{"start":{"line":58,"column":23},"end":{"line":58,"column":24}},"loc":{"start":{"line":58,"column":29},"end":{"line":58,"column":46}},"line":58},"7":{"name":"(anonymous_7)","decl":{"start":{"line":65,"column":17},"end":{"line":65,"column":18}},"loc":{"start":{"line":66,"column":14},"end":{"line":71,"column":16}},"line":66},"8":{"name":"(anonymous_8)","decl":{"start":{"line":70,"column":36},"end":{"line":70,"column":37}},"loc":{"start":{"line":70,"column":42},"end":{"line":70,"column":70}},"line":70}},"branchMap":{"0":{"loc":{"start":{"line":20,"column":4},"end":{"line":22,"column":5}},"type":"if","locations":[{"start":{"line":20,"column":4},"end":{"line":22,"column":5}},{"start":{},"end":{}}],"line":20},"1":{"loc":{"start":{"line":35,"column":4},"end":{"line":37,"column":5}},"type":"if","locations":[{"start":{"line":35,"column":4},"end":{"line":37,"column":5}},{"start":{},"end":{}}],"line":35},"2":{"loc":{"start":{"line":35,"column":8},"end":{"line":35,"column":54}},"type":"binary-expr","locations":[{"start":{"line":35,"column":8},"end":{"line":35,"column":26}},{"start":{"line":35,"column":30},"end":{"line":35,"column":41}},{"start":{"line":35,"column":45},"end":{"line":35,"column":54}}],"line":35},"3":{"loc":{"start":{"line":38,"column":4},"end":{"line":40,"column":5}},"type":"if","locations":[{"start":{"line":38,"column":4},"end":{"line":40,"column":5}},{"start":{},"end":{}}],"line":38},"4":{"loc":{"start":{"line":38,"column":8},"end":{"line":38,"column":90}},"type":"binary-expr","locations":[{"start":{"line":38,"column":8},"end":{"line":38,"column":26}},{"start":{"line":38,"column":30},"end":{"line":38,"column":59}},{"start":{"line":38,"column":63},"end":{"line":38,"column":90}}],"line":38},"5":{"loc":{"start":{"line":52,"column":9},"end":{"line":61,"column":9}},"type":"binary-expr","locations":[{"start":{"line":52,"column":9},"end":{"line":52,"column":28}},{"start":{"line":53,"column":10},"end":{"line":60,"column":16}}],"line":52},"6":{"loc":{"start":{"line":62,"column":9},"end":{"line":72,"column":14}},"type":"binary-expr","locations":[{"start":{"line":62,"column":9},"end":{"line":62,"column":34}},{"start":{"line":63,"column":10},"end":{"line":72,"column":14}}],"line":62}},"s":{"0":5,"1":5,"2":5,"3":5,"4":12,"5":5,"6":5,"7":3,"8":2,"9":5,"10":1,"11":1,"12":5,"13":0,"14":5,"15":0,"16":0,"17":0,"18":0,"19":5,"20":1,"21":1,"22":0,"23":1},"f":{"0":5,"1":12,"2":3,"3":1,"4":0,"5":0,"6":1,"7":1,"8":0},"b":{"0":[2,1],"1":[0,0],"2":[0,0,0],"3":[0,0],"4":[0,0,0],"5":[5,2],"6":[5,1]},"_coverageSchema":"1a1c01bbd47fc00a2c39e90264f33305004495a9","hash":"54be47c3d86936cdd02e2c5c63632c5b0040ff97"}
,"/Users/codein92/Desktop/untitled folder/NotNaked/src/features/RelatedItemsAndComparison/OutfitList/OutfitList.module.css": {"path":"/Users/codein92/Desktop/untitled folder/NotNaked/src/features/RelatedItemsAndComparison/OutfitList/OutfitList.module.css","statementMap":{"0":{"start":{"line":1,"column":13},"end":{"line":1,"column":58}},"1":{"start":{"line":3,"column":4},"end":{"line":24,"column":5}},"2":{"start":{"line":4,"column":8},"end":{"line":6,"column":11}},"3":{"start":{"line":7,"column":8},"end":{"line":18,"column":11}},"4":{"start":{"line":9,"column":16},"end":{"line":11,"column":17}},"5":{"start":{"line":10,"column":20},"end":{"line":10,"column":34}},"6":{"start":{"line":12,"column":16},"end":{"line":12,"column":36}},"7":{"start":{"line":16,"column":16},"end":{"line":16,"column":30}},"8":{"start":{"line":20,"column":8},"end":{"line":22,"column":11}},"9":{"start":{"line":23,"column":8},"end":{"line":23,"column":31}}},"fnMap":{"0":{"name":"(anonymous_0)","decl":{"start":{"line":8,"column":12},"end":{"line":8,"column":13}},"loc":{"start":{"line":8,"column":30},"end":{"line":13,"column":13}},"line":8},"1":{"name":"(anonymous_1)","decl":{"start":{"line":15,"column":12},"end":{"line":15,"column":13}},"loc":{"start":{"line":15,"column":29},"end":{"line":17,"column":13}},"line":15}},"branchMap":{"0":{"loc":{"start":{"line":3,"column":4},"end":{"line":24,"column":5}},"type":"if","locations":[{"start":{"line":3,"column":4},"end":{"line":24,"column":5}},{"start":{"line":19,"column":11},"end":{"line":24,"column":5}}],"line":3},"1":{"loc":{"start":{"line":3,"column":8},"end":{"line":3,"column":44}},"type":"binary-expr","locations":[{"start":{"line":3,"column":8},"end":{"line":3,"column":34}},{"start":{"line":3,"column":38},"end":{"line":3,"column":44}}],"line":3},"2":{"loc":{"start":{"line":9,"column":16},"end":{"line":11,"column":17}},"type":"if","locations":[{"start":{"line":9,"column":16},"end":{"line":11,"column":17}},{"start":{},"end":{}}],"line":9}},"s":{"0":1,"1":1,"2":1,"3":1,"4":5,"5":4,"6":1,"7":0,"8":0,"9":0},"f":{"0":5,"1":0},"b":{"0":[1,0],"1":[1,1],"2":[4,1]},"_coverageSchema":"1a1c01bbd47fc00a2c39e90264f33305004495a9","hash":"b4295e5ad9420bbdef8eea0cbd0e428947d3b42f"}
,"/Users/codein92/Desktop/untitled folder/NotNaked/src/features/RelatedItemsAndComparison/OutfitList/OutfitListItem.jsx": {"path":"/Users/codein92/Desktop/untitled folder/NotNaked/src/features/RelatedItemsAndComparison/OutfitList/OutfitListItem.jsx","statementMap":{"0":{"start":{"line":13,"column":37},"end":{"line":13,"column":78}},"1":{"start":{"line":14,"column":53},"end":{"line":14,"column":89}},"2":{"start":{"line":15,"column":53},"end":{"line":15,"column":85}},"3":{"start":{"line":16,"column":16},"end":{"line":16,"column":100}},"4":{"start":{"line":18,"column":2},"end":{"line":20,"column":3}},"5":{"start":{"line":19,"column":4},"end":{"line":19,"column":42}},"6":{"start":{"line":22,"column":2},"end":{"line":24,"column":3}},"7":{"start":{"line":23,"column":4},"end":{"line":23,"column":27}},"8":{"start":{"line":26,"column":2},"end":{"line":36,"column":4}},"9":{"start":{"line":39,"column":0},"end":{"line":42,"column":2}}},"fnMap":{"0":{"name":"OutfitListItem","decl":{"start":{"line":12,"column":24},"end":{"line":12,"column":38}},"loc":{"start":{"line":12,"column":74},"end":{"line":37,"column":1}},"line":12}},"branchMap":{"0":{"loc":{"start":{"line":16,"column":16},"end":{"line":16,"column":100}},"type":"binary-expr","locations":[{"start":{"line":16,"column":16},"end":{"line":16,"column":22}},{"start":{"line":16,"column":27},"end":{"line":16,"column":68}},{"start":{"line":16,"column":72},"end":{"line":16,"column":99}}],"line":16},"1":{"loc":{"start":{"line":18,"column":2},"end":{"line":20,"column":3}},"type":"if","locations":[{"start":{"line":18,"column":2},"end":{"line":20,"column":3}},{"start":{},"end":{}}],"line":18},"2":{"loc":{"start":{"line":22,"column":2},"end":{"line":24,"column":3}},"type":"if","locations":[{"start":{"line":22,"column":2},"end":{"line":24,"column":3}},{"start":{},"end":{}}],"line":22},"3":{"loc":{"start":{"line":22,"column":6},"end":{"line":22,"column":47}},"type":"binary-expr","locations":[{"start":{"line":22,"column":6},"end":{"line":22,"column":15}},{"start":{"line":22,"column":19},"end":{"line":22,"column":32}},{"start":{"line":22,"column":36},"end":{"line":22,"column":47}}],"line":22}},"s":{"0":2,"1":2,"2":2,"3":2,"4":2,"5":0,"6":2,"7":2,"8":0,"9":1},"f":{"0":2},"b":{"0":[2,0,0],"1":[0,2],"2":[2,0],"3":[2,0,0]},"_coverageSchema":"1a1c01bbd47fc00a2c39e90264f33305004495a9","hash":"ce9a5bfbc2b5785f8f8d85405dfc173fbe0ee9d9"}
,"/Users/codein92/Desktop/untitled folder/NotNaked/src/features/RelatedItemsAndComparison/OutfitList/outfitListReducer.js": {"path":"/Users/codein92/Desktop/untitled folder/NotNaked/src/features/RelatedItemsAndComparison/OutfitList/outfitListReducer.js","statementMap":{"0":{"start":{"line":1,"column":27},"end":{"line":4,"column":1}},"1":{"start":{"line":6,"column":29},"end":{"line":21,"column":1}},"2":{"start":{"line":7,"column":2},"end":{"line":20,"column":3}},"3":{"start":{"line":9,"column":6},"end":{"line":12,"column":8}},"4":{"start":{"line":14,"column":6},"end":{"line":17,"column":8}},"5":{"start":{"line":19,"column":6},"end":{"line":19,"column":54}}},"fnMap":{"0":{"name":"(anonymous_0)","decl":{"start":{"line":6,"column":29},"end":{"line":6,"column":30}},"loc":{"start":{"line":6,"column":57},"end":{"line":21,"column":1}},"line":6}},"branchMap":{"0":{"loc":{"start":{"line":7,"column":2},"end":{"line":20,"column":3}},"type":"switch","locations":[{"start":{"line":8,"column":4},"end":{"line":12,"column":8}},{"start":{"line":13,"column":4},"end":{"line":17,"column":8}},{"start":{"line":18,"column":4},"end":{"line":19,"column":54}}],"line":7},"1":{"loc":{"start":{"line":15,"column":15},"end":{"line":15,"column":44}},"type":"cond-expr","locations":[{"start":{"line":15,"column":27},"end":{"line":15,"column":36}},{"start":{"line":15,"column":39},"end":{"line":15,"column":44}}],"line":15},"2":{"loc":{"start":{"line":16,"column":13},"end":{"line":16,"column":36}},"type":"cond-expr","locations":[{"start":{"line":16,"column":23},"end":{"line":16,"column":30}},{"start":{"line":16,"column":33},"end":{"line":16,"column":36}}],"line":16}},"s":{"0":1,"1":1,"2":0,"3":0,"4":0,"5":0},"f":{"0":0},"b":{"0":[0,0,0],"1":[0,0],"2":[0,0]},"_coverageSchema":"1a1c01bbd47fc00a2c39e90264f33305004495a9","hash":"86a38a8f8a6a6f0f4e3d8149943e55a7ae7f4f13"}
,"/Users/codein92/Desktop/untitled folder/NotNaked/src/features/RelatedItemsAndComparison/OutfitList/outfitListSlice.jsx": {"path":"/Users/codein92/Desktop/untitled folder/NotNaked/src/features/RelatedItemsAndComparison/OutfitList/outfitListSlice.jsx","statementMap":{"0":{"start":{"line":3,"column":21},"end":{"line":5,"column":1}},"1":{"start":{"line":7,"column":31},"end":{"line":18,"column":2}},"2":{"start":{"line":12,"column":6},"end":{"line":12,"column":40}},"3":{"start":{"line":15,"column":6},"end":{"line":15,"column":42}},"4":{"start":{"line":20,"column":43},"end":{"line":20,"column":66}}},"fnMap":{"0":{"name":"(anonymous_0)","decl":{"start":{"line":11,"column":15},"end":{"line":11,"column":16}},"loc":{"start":{"line":11,"column":39},"end":{"line":13,"column":5}},"line":11},"1":{"name":"(anonymous_1)","decl":{"start":{"line":14,"column":18},"end":{"line":14,"column":19}},"loc":{"start":{"line":14,"column":42},"end":{"line":16,"column":5}},"line":14}},"branchMap":{},"s":{"0":5,"1":5,"2":1,"3":0,"4":5},"f":{"0":1,"1":0},"b":{},"_coverageSchema":"1a1c01bbd47fc00a2c39e90264f33305004495a9","hash":"6b1c284852f6900e0649880eb272e39c2a287880"}
,"/Users/codein92/Desktop/untitled folder/NotNaked/src/features/RelatedItemsAndComparison/helpers/ListContainer/ListContainer.jsx": {"path":"/Users/codein92/Desktop/untitled folder/NotNaked/src/features/RelatedItemsAndComparison/helpers/ListContainer/ListContainer.jsx","statementMap":{"0":{"start":{"line":15,"column":2},"end":{"line":42,"column":4}},"1":{"start":{"line":24,"column":25},"end":{"line":24,"column":54}},"2":{"start":{"line":35,"column":25},"end":{"line":35,"column":54}}},"fnMap":{"0":{"name":"ListContainer","decl":{"start":{"line":8,"column":24},"end":{"line":8,"column":37}},"loc":{"start":{"line":14,"column":3},"end":{"line":43,"column":1}},"line":14},"1":{"name":"(anonymous_1)","decl":{"start":{"line":24,"column":19},"end":{"line":24,"column":20}},"loc":{"start":{"line":24,"column":25},"end":{"line":24,"column":54}},"line":24},"2":{"name":"(anonymous_2)","decl":{"start":{"line":35,"column":19},"end":{"line":35,"column":20}},"loc":{"start":{"line":35,"column":25},"end":{"line":35,"column":54}},"line":35}},"branchMap":{"0":{"loc":{"start":{"line":20,"column":7},"end":{"line":29,"column":7}},"type":"binary-expr","locations":[{"start":{"line":20,"column":7},"end":{"line":20,"column":18}},{"start":{"line":21,"column":8},"end":{"line":28,"column":17}}],"line":20},"1":{"loc":{"start":{"line":31,"column":7},"end":{"line":40,"column":7}},"type":"binary-expr","locations":[{"start":{"line":31,"column":7},"end":{"line":31,"column":23}},{"start":{"line":32,"column":8},"end":{"line":39,"column":17}}],"line":31}},"s":{"0":9,"1":0,"2":0},"f":{"0":9,"1":0,"2":0},"b":{"0":[9,1],"1":[9,2]},"_coverageSchema":"1a1c01bbd47fc00a2c39e90264f33305004495a9","hash":"b9ef0b5c9a606397afe4dc368f0bb5d99a03a78b"}
,"/Users/codein92/Desktop/untitled folder/NotNaked/src/features/RelatedItemsAndComparison/helpers/ListContainer/ListContainer.module.css": {"path":"/Users/codein92/Desktop/untitled folder/NotNaked/src/features/RelatedItemsAndComparison/helpers/ListContainer/ListContainer.module.css","statementMap":{"0":{"start":{"line":1,"column":13},"end":{"line":1,"column":136}},"1":{"start":{"line":3,"column":4},"end":{"line":24,"column":5}},"2":{"start":{"line":4,"column":8},"end":{"line":6,"column":11}},"3":{"start":{"line":7,"column":8},"end":{"line":18,"column":11}},"4":{"start":{"line":9,"column":16},"end":{"line":11,"column":17}},"5":{"start":{"line":10,"column":20},"end":{"line":10,"column":34}},"6":{"start":{"line":12,"column":16},"end":{"line":12,"column":36}},"7":{"start":{"line":16,"column":16},"end":{"line":16,"column":30}},"8":{"start":{"line":20,"column":8},"end":{"line":22,"column":11}},"9":{"start":{"line":23,"column":8},"end":{"line":23,"column":31}}},"fnMap":{"0":{"name":"(anonymous_0)","decl":{"start":{"line":8,"column":12},"end":{"line":8,"column":13}},"loc":{"start":{"line":8,"column":30},"end":{"line":13,"column":13}},"line":8},"1":{"name":"(anonymous_1)","decl":{"start":{"line":15,"column":12},"end":{"line":15,"column":13}},"loc":{"start":{"line":15,"column":29},"end":{"line":17,"column":13}},"line":15}},"branchMap":{"0":{"loc":{"start":{"line":3,"column":4},"end":{"line":24,"column":5}},"type":"if","locations":[{"start":{"line":3,"column":4},"end":{"line":24,"column":5}},{"start":{"line":19,"column":11},"end":{"line":24,"column":5}}],"line":3},"1":{"loc":{"start":{"line":3,"column":8},"end":{"line":3,"column":44}},"type":"binary-expr","locations":[{"start":{"line":3,"column":8},"end":{"line":3,"column":34}},{"start":{"line":3,"column":38},"end":{"line":3,"column":44}}],"line":3},"2":{"loc":{"start":{"line":9,"column":16},"end":{"line":11,"column":17}},"type":"if","locations":[{"start":{"line":9,"column":16},"end":{"line":11,"column":17}},{"start":{},"end":{}}],"line":9}},"s":{"0":2,"1":2,"2":2,"3":2,"4":35,"5":33,"6":2,"7":0,"8":0,"9":0},"f":{"0":35,"1":0},"b":{"0":[2,0],"1":[2,2],"2":[33,2]},"_coverageSchema":"1a1c01bbd47fc00a2c39e90264f33305004495a9","hash":"f67b222942673de88566c1e3cf8361cd8c9416ff"}
,"/Users/codein92/Desktop/untitled folder/NotNaked/src/features/RelatedItemsAndComparison/helpers/ListItemCard/ListItemCard.jsx": {"path":"/Users/codein92/Desktop/untitled folder/NotNaked/src/features/RelatedItemsAndComparison/helpers/ListItemCard/ListItemCard.jsx","statementMap":{"0":{"start":{"line":24,"column":2},"end":{"line":24,"column":23}},"1":{"start":{"line":25,"column":2},"end":{"line":25,"column":28}},"2":{"start":{"line":26,"column":2},"end":{"line":26,"column":33}},"3":{"start":{"line":27,"column":29},"end":{"line":33,"column":3}},"4":{"start":{"line":28,"column":4},"end":{"line":28,"column":23}},"5":{"start":{"line":29,"column":4},"end":{"line":32,"column":5}},"6":{"start":{"line":30,"column":6},"end":{"line":30,"column":22}},"7":{"start":{"line":31,"column":6},"end":{"line":31,"column":26}},"8":{"start":{"line":34,"column":16},"end":{"line":34,"column":97}},"9":{"start":{"line":35,"column":24},"end":{"line":35,"column":87}},"10":{"start":{"line":36,"column":2},"end":{"line":70,"column":4}}},"fnMap":{"0":{"name":"ListItemCard","decl":{"start":{"line":15,"column":24},"end":{"line":15,"column":36}},"loc":{"start":{"line":23,"column":3},"end":{"line":71,"column":1}},"line":23},"1":{"name":"(anonymous_1)","decl":{"start":{"line":27,"column":29},"end":{"line":27,"column":30}},"loc":{"start":{"line":27,"column":36},"end":{"line":33,"column":3}},"line":27}},"branchMap":{"0":{"loc":{"start":{"line":29,"column":4},"end":{"line":32,"column":5}},"type":"if","locations":[{"start":{"line":29,"column":4},"end":{"line":32,"column":5}},{"start":{},"end":{}}],"line":29},"1":{"loc":{"start":{"line":59,"column":11},"end":{"line":65,"column":11}},"type":"cond-expr","locations":[{"start":{"line":60,"column":12},"end":{"line":62,"column":18}},{"start":{"line":64,"column":12},"end":{"line":64,"column":55}}],"line":59}},"s":{"0":2,"1":2,"2":2,"3":2,"4":0,"5":0,"6":0,"7":0,"8":2,"9":2,"10":2},"f":{"0":2,"1":0},"b":{"0":[0,0],"1":[1,1]},"_coverageSchema":"1a1c01bbd47fc00a2c39e90264f33305004495a9","hash":"4559a1bee53dace437b5ca402c634ac461c90001"}
,"/Users/codein92/Desktop/untitled folder/NotNaked/src/features/RelatedItemsAndComparison/helpers/ListItemCard/ListItemCard.module.css": {"path":"/Users/codein92/Desktop/untitled folder/NotNaked/src/features/RelatedItemsAndComparison/helpers/ListItemCard/ListItemCard.module.css","statementMap":{"0":{"start":{"line":1,"column":13},"end":{"line":1,"column":368}},"1":{"start":{"line":3,"column":4},"end":{"line":24,"column":5}},"2":{"start":{"line":4,"column":8},"end":{"line":6,"column":11}},"3":{"start":{"line":7,"column":8},"end":{"line":18,"column":11}},"4":{"start":{"line":9,"column":16},"end":{"line":11,"column":17}},"5":{"start":{"line":10,"column":20},"end":{"line":10,"column":34}},"6":{"start":{"line":12,"column":16},"end":{"line":12,"column":36}},"7":{"start":{"line":16,"column":16},"end":{"line":16,"column":30}},"8":{"start":{"line":20,"column":8},"end":{"line":22,"column":11}},"9":{"start":{"line":23,"column":8},"end":{"line":23,"column":31}}},"fnMap":{"0":{"name":"(anonymous_0)","decl":{"start":{"line":8,"column":12},"end":{"line":8,"column":13}},"loc":{"start":{"line":8,"column":30},"end":{"line":13,"column":13}},"line":8},"1":{"name":"(anonymous_1)","decl":{"start":{"line":15,"column":12},"end":{"line":15,"column":13}},"loc":{"start":{"line":15,"column":29},"end":{"line":17,"column":13}},"line":15}},"branchMap":{"0":{"loc":{"start":{"line":3,"column":4},"end":{"line":24,"column":5}},"type":"if","locations":[{"start":{"line":3,"column":4},"end":{"line":24,"column":5}},{"start":{"line":19,"column":11},"end":{"line":24,"column":5}}],"line":3},"1":{"loc":{"start":{"line":3,"column":8},"end":{"line":3,"column":44}},"type":"binary-expr","locations":[{"start":{"line":3,"column":8},"end":{"line":3,"column":34}},{"start":{"line":3,"column":38},"end":{"line":3,"column":44}}],"line":3},"2":{"loc":{"start":{"line":9,"column":16},"end":{"line":11,"column":17}},"type":"if","locations":[{"start":{"line":9,"column":16},"end":{"line":11,"column":17}},{"start":{},"end":{}}],"line":9}},"s":{"0":2,"1":2,"2":2,"3":2,"4":21,"5":19,"6":2,"7":0,"8":0,"9":0},"f":{"0":21,"1":0},"b":{"0":[2,0],"1":[2,2],"2":[19,2]},"_coverageSchema":"1a1c01bbd47fc00a2c39e90264f33305004495a9","hash":"ec46914dcdfd4c63bb177822fa76dfac7ef20e54"}
,"/Users/codein92/Desktop/untitled folder/NotNaked/src/features/RelatedItemsAndComparison/helpers/SalePrice/SalePrice.jsx": {"path":"/Users/codein92/Desktop/untitled folder/NotNaked/src/features/RelatedItemsAndComparison/helpers/SalePrice/SalePrice.jsx","statementMap":{"0":{"start":{"line":5,"column":2},"end":{"line":28,"column":3}},"1":{"start":{"line":6,"column":4},"end":{"line":19,"column":5}},"2":{"start":{"line":7,"column":6},"end":{"line":18,"column":8}},"3":{"start":{"line":20,"column":4},"end":{"line":27,"column":6}}},"fnMap":{"0":{"name":"SalePrice","decl":{"start":{"line":4,"column":24},"end":{"line":4,"column":33}},"loc":{"start":{"line":4,"column":64},"end":{"line":29,"column":1}},"line":4}},"branchMap":{"0":{"loc":{"start":{"line":5,"column":2},"end":{"line":28,"column":3}},"type":"if","locations":[{"start":{"line":5,"column":2},"end":{"line":28,"column":3}},{"start":{},"end":{}}],"line":5},"1":{"loc":{"start":{"line":6,"column":4},"end":{"line":19,"column":5}},"type":"if","locations":[{"start":{"line":6,"column":4},"end":{"line":19,"column":5}},{"start":{},"end":{}}],"line":6}},"s":{"0":2,"1":2,"2":0,"3":2},"f":{"0":2},"b":{"0":[2,0],"1":[0,2]},"_coverageSchema":"1a1c01bbd47fc00a2c39e90264f33305004495a9","hash":"1efc43dfc1f39a9c72cf4fa53555021e93b11cd8"}
,"/Users/codein92/Desktop/untitled folder/NotNaked/src/features/RelatedItemsAndComparison/helpers/SalePrice/SalePrice.module.css": {"path":"/Users/codein92/Desktop/untitled folder/NotNaked/src/features/RelatedItemsAndComparison/helpers/SalePrice/SalePrice.module.css","statementMap":{"0":{"start":{"line":1,"column":13},"end":{"line":1,"column":80}},"1":{"start":{"line":3,"column":4},"end":{"line":24,"column":5}},"2":{"start":{"line":4,"column":8},"end":{"line":6,"column":11}},"3":{"start":{"line":7,"column":8},"end":{"line":18,"column":11}},"4":{"start":{"line":9,"column":16},"end":{"line":11,"column":17}},"5":{"start":{"line":10,"column":20},"end":{"line":10,"column":34}},"6":{"start":{"line":12,"column":16},"end":{"line":12,"column":36}},"7":{"start":{"line":16,"column":16},"end":{"line":16,"column":30}},"8":{"start":{"line":20,"column":8},"end":{"line":22,"column":11}},"9":{"start":{"line":23,"column":8},"end":{"line":23,"column":31}}},"fnMap":{"0":{"name":"(anonymous_0)","decl":{"start":{"line":8,"column":12},"end":{"line":8,"column":13}},"loc":{"start":{"line":8,"column":30},"end":{"line":13,"column":13}},"line":8},"1":{"name":"(anonymous_1)","decl":{"start":{"line":15,"column":12},"end":{"line":15,"column":13}},"loc":{"start":{"line":15,"column":29},"end":{"line":17,"column":13}},"line":15}},"branchMap":{"0":{"loc":{"start":{"line":3,"column":4},"end":{"line":24,"column":5}},"type":"if","locations":[{"start":{"line":3,"column":4},"end":{"line":24,"column":5}},{"start":{"line":19,"column":11},"end":{"line":24,"column":5}}],"line":3},"1":{"loc":{"start":{"line":3,"column":8},"end":{"line":3,"column":44}},"type":"binary-expr","locations":[{"start":{"line":3,"column":8},"end":{"line":3,"column":34}},{"start":{"line":3,"column":38},"end":{"line":3,"column":44}}],"line":3},"2":{"loc":{"start":{"line":9,"column":16},"end":{"line":11,"column":17}},"type":"if","locations":[{"start":{"line":9,"column":16},"end":{"line":11,"column":17}},{"start":{},"end":{}}],"line":9}},"s":{"0":2,"1":2,"2":2,"3":2,"4":2,"5":0,"6":2,"7":0,"8":0,"9":0},"f":{"0":2,"1":0},"b":{"0":[2,0],"1":[2,2],"2":[0,2]},"_coverageSchema":"1a1c01bbd47fc00a2c39e90264f33305004495a9","hash":"00ad0aa0233ea2a9b67c1c915c8bb1aeb64c50df"}
,"/Users/codein92/Desktop/untitled folder/NotNaked/src/features/UI/Button.jsx": {"path":"/Users/codein92/Desktop/untitled folder/NotNaked/src/features/UI/Button.jsx","statementMap":{"0":{"start":{"line":8,"column":2},"end":{"line":17,"column":4}}},"fnMap":{"0":{"name":"Button","decl":{"start":{"line":7,"column":24},"end":{"line":7,"column":30}},"loc":{"start":{"line":7,"column":81},"end":{"line":18,"column":1}},"line":7}},"branchMap":{},"s":{"0":0},"f":{"0":0},"b":{},"_coverageSchema":"1a1c01bbd47fc00a2c39e90264f33305004495a9","hash":"3ee4542e00bf1ed40b1e186dcfdd646b15b29947"}
,"/Users/codein92/Desktop/untitled folder/NotNaked/src/features/UI/Button.module.css": {"path":"/Users/codein92/Desktop/untitled folder/NotNaked/src/features/UI/Button.module.css","statementMap":{"0":{"start":{"line":1,"column":13},"end":{"line":1,"column":32}},"1":{"start":{"line":3,"column":4},"end":{"line":24,"column":5}},"2":{"start":{"line":4,"column":8},"end":{"line":6,"column":11}},"3":{"start":{"line":7,"column":8},"end":{"line":18,"column":11}},"4":{"start":{"line":9,"column":16},"end":{"line":11,"column":17}},"5":{"start":{"line":10,"column":20},"end":{"line":10,"column":34}},"6":{"start":{"line":12,"column":16},"end":{"line":12,"column":36}},"7":{"start":{"line":16,"column":16},"end":{"line":16,"column":30}},"8":{"start":{"line":20,"column":8},"end":{"line":22,"column":11}},"9":{"start":{"line":23,"column":8},"end":{"line":23,"column":31}}},"fnMap":{"0":{"name":"(anonymous_0)","decl":{"start":{"line":8,"column":12},"end":{"line":8,"column":13}},"loc":{"start":{"line":8,"column":30},"end":{"line":13,"column":13}},"line":8},"1":{"name":"(anonymous_1)","decl":{"start":{"line":15,"column":12},"end":{"line":15,"column":13}},"loc":{"start":{"line":15,"column":29},"end":{"line":17,"column":13}},"line":15}},"branchMap":{"0":{"loc":{"start":{"line":3,"column":4},"end":{"line":24,"column":5}},"type":"if","locations":[{"start":{"line":3,"column":4},"end":{"line":24,"column":5}},{"start":{"line":19,"column":11},"end":{"line":24,"column":5}}],"line":3},"1":{"loc":{"start":{"line":3,"column":8},"end":{"line":3,"column":44}},"type":"binary-expr","locations":[{"start":{"line":3,"column":8},"end":{"line":3,"column":34}},{"start":{"line":3,"column":38},"end":{"line":3,"column":44}}],"line":3},"2":{"loc":{"start":{"line":9,"column":16},"end":{"line":11,"column":17}},"type":"if","locations":[{"start":{"line":9,"column":16},"end":{"line":11,"column":17}},{"start":{},"end":{}}],"line":9}},"s":{"0":1,"1":1,"2":1,"3":1,"4":1,"5":0,"6":1,"7":0,"8":0,"9":0},"f":{"0":1,"1":0},"b":{"0":[1,0],"1":[1,1],"2":[0,1]},"_coverageSchema":"1a1c01bbd47fc00a2c39e90264f33305004495a9","hash":"d3b1bacc1ab5f36f04e4ab5bcc68f625a7016c11"}
,"/Users/codein92/Desktop/untitled folder/NotNaked/src/features/UI/Card.jsx": {"path":"/Users/codein92/Desktop/untitled folder/NotNaked/src/features/UI/Card.jsx","statementMap":{"0":{"start":{"line":11,"column":2},"end":{"line":19,"column":4}}},"fnMap":{"0":{"name":"Card","decl":{"start":{"line":10,"column":24},"end":{"line":10,"column":28}},"loc":{"start":{"line":10,"column":36},"end":{"line":20,"column":1}},"line":10}},"branchMap":{},"s":{"0":3},"f":{"0":3},"b":{},"_coverageSchema":"1a1c01bbd47fc00a2c39e90264f33305004495a9","hash":"8254a97796cf5f5109238a5bc13c3dfb649ed931"}
,"/Users/codein92/Desktop/untitled folder/NotNaked/src/features/UI/Card.module.css": {"path":"/Users/codein92/Desktop/untitled folder/NotNaked/src/features/UI/Card.module.css","statementMap":{"0":{"start":{"line":1,"column":13},"end":{"line":1,"column":28}},"1":{"start":{"line":3,"column":4},"end":{"line":24,"column":5}},"2":{"start":{"line":4,"column":8},"end":{"line":6,"column":11}},"3":{"start":{"line":7,"column":8},"end":{"line":18,"column":11}},"4":{"start":{"line":9,"column":16},"end":{"line":11,"column":17}},"5":{"start":{"line":10,"column":20},"end":{"line":10,"column":34}},"6":{"start":{"line":12,"column":16},"end":{"line":12,"column":36}},"7":{"start":{"line":16,"column":16},"end":{"line":16,"column":30}},"8":{"start":{"line":20,"column":8},"end":{"line":22,"column":11}},"9":{"start":{"line":23,"column":8},"end":{"line":23,"column":31}}},"fnMap":{"0":{"name":"(anonymous_0)","decl":{"start":{"line":8,"column":12},"end":{"line":8,"column":13}},"loc":{"start":{"line":8,"column":30},"end":{"line":13,"column":13}},"line":8},"1":{"name":"(anonymous_1)","decl":{"start":{"line":15,"column":12},"end":{"line":15,"column":13}},"loc":{"start":{"line":15,"column":29},"end":{"line":17,"column":13}},"line":15}},"branchMap":{"0":{"loc":{"start":{"line":3,"column":4},"end":{"line":24,"column":5}},"type":"if","locations":[{"start":{"line":3,"column":4},"end":{"line":24,"column":5}},{"start":{"line":19,"column":11},"end":{"line":24,"column":5}}],"line":3},"1":{"loc":{"start":{"line":3,"column":8},"end":{"line":3,"column":44}},"type":"binary-expr","locations":[{"start":{"line":3,"column":8},"end":{"line":3,"column":34}},{"start":{"line":3,"column":38},"end":{"line":3,"column":44}}],"line":3},"2":{"loc":{"start":{"line":9,"column":16},"end":{"line":11,"column":17}},"type":"if","locations":[{"start":{"line":9,"column":16},"end":{"line":11,"column":17}},{"start":{},"end":{}}],"line":9}},"s":{"0":3,"1":3,"2":3,"3":3,"4":6,"5":3,"6":3,"7":0,"8":0,"9":0},"f":{"0":6,"1":0},"b":{"0":[3,0],"1":[3,3],"2":[3,3]},"_coverageSchema":"1a1c01bbd47fc00a2c39e90264f33305004495a9","hash":"28a1b5cd9cfd994ce9b73f2cad682ff5ca948392"}
,"/Users/codein92/Desktop/untitled folder/NotNaked/src/features/UI/Modal.jsx": {"path":"/Users/codein92/Desktop/untitled folder/NotNaked/src/features/UI/Modal.jsx","statementMap":{"0":{"start":{"line":10,"column":2},"end":{"line":10,"column":45}},"1":{"start":{"line":14,"column":2},"end":{"line":19,"column":4}}},"fnMap":{"0":{"name":"Backdrop","decl":{"start":{"line":9,"column":9},"end":{"line":9,"column":17}},"loc":{"start":{"line":9,"column":20},"end":{"line":11,"column":1}},"line":9},"1":{"name":"Modal","decl":{"start":{"line":13,"column":24},"end":{"line":13,"column":29}},"loc":{"start":{"line":13,"column":55},"end":{"line":20,"column":1}},"line":13}},"branchMap":{},"s":{"0":0,"1":0},"f":{"0":0,"1":0},"b":{},"_coverageSchema":"1a1c01bbd47fc00a2c39e90264f33305004495a9","hash":"df572693c91562e94a89c9c3dbaf3775044c7b02"}
,"/Users/codein92/Desktop/untitled folder/NotNaked/src/features/UI/Modal.module.css": {"path":"/Users/codein92/Desktop/untitled folder/NotNaked/src/features/UI/Modal.module.css","statementMap":{"0":{"start":{"line":1,"column":13},"end":{"line":1,"column":52}},"1":{"start":{"line":3,"column":4},"end":{"line":24,"column":5}},"2":{"start":{"line":4,"column":8},"end":{"line":6,"column":11}},"3":{"start":{"line":7,"column":8},"end":{"line":18,"column":11}},"4":{"start":{"line":9,"column":16},"end":{"line":11,"column":17}},"5":{"start":{"line":10,"column":20},"end":{"line":10,"column":34}},"6":{"start":{"line":12,"column":16},"end":{"line":12,"column":36}},"7":{"start":{"line":16,"column":16},"end":{"line":16,"column":30}},"8":{"start":{"line":20,"column":8},"end":{"line":22,"column":11}},"9":{"start":{"line":23,"column":8},"end":{"line":23,"column":31}}},"fnMap":{"0":{"name":"(anonymous_0)","decl":{"start":{"line":8,"column":12},"end":{"line":8,"column":13}},"loc":{"start":{"line":8,"column":30},"end":{"line":13,"column":13}},"line":8},"1":{"name":"(anonymous_1)","decl":{"start":{"line":15,"column":12},"end":{"line":15,"column":13}},"loc":{"start":{"line":15,"column":29},"end":{"line":17,"column":13}},"line":15}},"branchMap":{"0":{"loc":{"start":{"line":3,"column":4},"end":{"line":24,"column":5}},"type":"if","locations":[{"start":{"line":3,"column":4},"end":{"line":24,"column":5}},{"start":{"line":19,"column":11},"end":{"line":24,"column":5}}],"line":3},"1":{"loc":{"start":{"line":3,"column":8},"end":{"line":3,"column":44}},"type":"binary-expr","locations":[{"start":{"line":3,"column":8},"end":{"line":3,"column":34}},{"start":{"line":3,"column":38},"end":{"line":3,"column":44}}],"line":3},"2":{"loc":{"start":{"line":9,"column":16},"end":{"line":11,"column":17}},"type":"if","locations":[{"start":{"line":9,"column":16},"end":{"line":11,"column":17}},{"start":{},"end":{}}],"line":9}},"s":{"0":1,"1":1,"2":1,"3":1,"4":1,"5":0,"6":1,"7":0,"8":0,"9":0},"f":{"0":1,"1":0},"b":{"0":[1,0],"1":[1,1],"2":[0,1]},"_coverageSchema":"1a1c01bbd47fc00a2c39e90264f33305004495a9","hash":"37d4ef9becf0957e0a87bf275a1d7a1bea10d807"}
,"/Users/codein92/Desktop/untitled folder/NotNaked/src/helpers/RatingToDuckFeet.jsx": {"path":"/Users/codein92/Desktop/untitled folder/NotNaked/src/helpers/RatingToDuckFeet.jsx","statementMap":{"0":{"start":{"line":12,"column":20},"end":{"line":12,"column":81}},"1":{"start":{"line":12,"column":35},"end":{"line":12,"column":81}},"2":{"start":{"line":14,"column":17},"end":{"line":14,"column":35}},"3":{"start":{"line":15,"column":19},"end":{"line":15,"column":52}},"4":{"start":{"line":16,"column":15},"end":{"line":16,"column":36}},"5":{"start":{"line":18,"column":19},"end":{"line":33,"column":3}},"6":{"start":{"line":19,"column":4},"end":{"line":32,"column":5}},"7":{"start":{"line":21,"column":8},"end":{"line":21,"column":25}},"8":{"start":{"line":23,"column":8},"end":{"line":23,"column":27}},"9":{"start":{"line":25,"column":8},"end":{"line":25,"column":24}},"10":{"start":{"line":27,"column":8},"end":{"line":27,"column":25}},"11":{"start":{"line":29,"column":8},"end":{"line":29,"column":24}},"12":{"start":{"line":31,"column":8},"end":{"line":31,"column":20}},"13":{"start":{"line":35,"column":20},"end":{"line":35,"column":22}},"14":{"start":{"line":37,"column":2},"end":{"line":41,"column":3}},"15":{"start":{"line":38,"column":4},"end":{"line":40,"column":5}},"16":{"start":{"line":38,"column":17},"end":{"line":38,"column":18}},"17":{"start":{"line":39,"column":6},"end":{"line":39,"column":104}},"18":{"start":{"line":42,"column":16},"end":{"line":42,"column":26}},"19":{"start":{"line":44,"column":2},"end":{"line":46,"column":3}},"20":{"start":{"line":45,"column":4},"end":{"line":45,"column":99}},"21":{"start":{"line":48,"column":2},"end":{"line":52,"column":3}},"22":{"start":{"line":49,"column":4},"end":{"line":51,"column":5}},"23":{"start":{"line":49,"column":17},"end":{"line":49,"column":18}},"24":{"start":{"line":50,"column":6},"end":{"line":50,"column":106}},"25":{"start":{"line":54,"column":2},"end":{"line":58,"column":4}},"26":{"start":{"line":56,"column":30},"end":{"line":56,"column":33}},"27":{"start":{"line":61,"column":0},"end":{"line":63,"column":2}}},"fnMap":{"0":{"name":"RatingToDuckFeet","decl":{"start":{"line":11,"column":24},"end":{"line":11,"column":40}},"loc":{"start":{"line":11,"column":53},"end":{"line":59,"column":1}},"line":11},"1":{"name":"(anonymous_1)","decl":{"start":{"line":12,"column":20},"end":{"line":12,"column":21}},"loc":{"start":{"line":12,"column":35},"end":{"line":12,"column":81}},"line":12},"2":{"name":"(anonymous_2)","decl":{"start":{"line":18,"column":19},"end":{"line":18,"column":20}},"loc":{"start":{"line":18,"column":25},"end":{"line":33,"column":3}},"line":18},"3":{"name":"(anonymous_3)","decl":{"start":{"line":56,"column":21},"end":{"line":56,"column":22}},"loc":{"start":{"line":56,"column":30},"end":{"line":56,"column":33}},"line":56}},"branchMap":{"0":{"loc":{"start":{"line":12,"column":21},"end":{"line":12,"column":30}},"type":"default-arg","locations":[{"start":{"line":12,"column":29},"end":{"line":12,"column":30}}],"line":12},"1":{"loc":{"start":{"line":19,"column":4},"end":{"line":32,"column":5}},"type":"switch","locations":[{"start":{"line":20,"column":6},"end":{"line":21,"column":25}},{"start":{"line":22,"column":6},"end":{"line":23,"column":27}},{"start":{"line":24,"column":6},"end":{"line":25,"column":24}},{"start":{"line":26,"column":6},"end":{"line":27,"column":25}},{"start":{"line":28,"column":6},"end":{"line":29,"column":24}},{"start":{"line":30,"column":6},"end":{"line":31,"column":20}}],"line":19},"2":{"loc":{"start":{"line":37,"column":2},"end":{"line":41,"column":3}},"type":"if","locations":[{"start":{"line":37,"column":2},"end":{"line":41,"column":3}},{"start":{},"end":{}}],"line":37},"3":{"loc":{"start":{"line":44,"column":2},"end":{"line":46,"column":3}},"type":"if","locations":[{"start":{"line":44,"column":2},"end":{"line":46,"column":3}},{"start":{},"end":{}}],"line":44},"4":{"loc":{"start":{"line":48,"column":2},"end":{"line":52,"column":3}},"type":"if","locations":[{"start":{"line":48,"column":2},"end":{"line":52,"column":3}},{"start":{},"end":{}}],"line":48},"5":{"loc":{"start":{"line":48,"column":6},"end":{"line":48,"column":61}},"type":"binary-expr","locations":[{"start":{"line":48,"column":6},"end":{"line":48,"column":12}},{"start":{"line":48,"column":16},"end":{"line":48,"column":22}},{"start":{"line":48,"column":26},"end":{"line":48,"column":36}},{"start":{"line":48,"column":40},"end":{"line":48,"column":61}}],"line":48}},"s":{"0":4,"1":20,"2":4,"3":4,"4":4,"5":4,"6":4,"7":0,"8":4,"9":0,"10":0,"11":0,"12":0,"13":4,"14":4,"15":4,"16":4,"17":12,"18":4,"19":4,"20":4,"21":4,"22":4,"23":4,"24":4,"25":4,"26":20,"27":3},"f":{"0":4,"1":20,"2":4,"3":20},"b":{"0":[4],"1":[0,4,0,0,0,0],"2":[4,0],"3":[4,0],"4":[4,0],"5":[4,4,4,4]},"_coverageSchema":"1a1c01bbd47fc00a2c39e90264f33305004495a9","hash":"39cc61247a9ff774d20ac35b35cc5bd56308ddf8"}
,"/Users/codein92/Desktop/untitled folder/NotNaked/src/helpers/RatingToDuckFeet.module.css": {"path":"/Users/codein92/Desktop/untitled folder/NotNaked/src/helpers/RatingToDuckFeet.module.css","statementMap":{"0":{"start":{"line":1,"column":13},"end":{"line":1,"column":54}},"1":{"start":{"line":3,"column":4},"end":{"line":24,"column":5}},"2":{"start":{"line":4,"column":8},"end":{"line":6,"column":11}},"3":{"start":{"line":7,"column":8},"end":{"line":18,"column":11}},"4":{"start":{"line":9,"column":16},"end":{"line":11,"column":17}},"5":{"start":{"line":10,"column":20},"end":{"line":10,"column":34}},"6":{"start":{"line":12,"column":16},"end":{"line":12,"column":36}},"7":{"start":{"line":16,"column":16},"end":{"line":16,"column":30}},"8":{"start":{"line":20,"column":8},"end":{"line":22,"column":11}},"9":{"start":{"line":23,"column":8},"end":{"line":23,"column":31}}},"fnMap":{"0":{"name":"(anonymous_0)","decl":{"start":{"line":8,"column":12},"end":{"line":8,"column":13}},"loc":{"start":{"line":8,"column":30},"end":{"line":13,"column":13}},"line":8},"1":{"name":"(anonymous_1)","decl":{"start":{"line":15,"column":12},"end":{"line":15,"column":13}},"loc":{"start":{"line":15,"column":29},"end":{"line":17,"column":13}},"line":15}},"branchMap":{"0":{"loc":{"start":{"line":3,"column":4},"end":{"line":24,"column":5}},"type":"if","locations":[{"start":{"line":3,"column":4},"end":{"line":24,"column":5}},{"start":{"line":19,"column":11},"end":{"line":24,"column":5}}],"line":3},"1":{"loc":{"start":{"line":3,"column":8},"end":{"line":3,"column":44}},"type":"binary-expr","locations":[{"start":{"line":3,"column":8},"end":{"line":3,"column":34}},{"start":{"line":3,"column":38},"end":{"line":3,"column":44}}],"line":3},"2":{"loc":{"start":{"line":9,"column":16},"end":{"line":11,"column":17}},"type":"if","locations":[{"start":{"line":9,"column":16},"end":{"line":11,"column":17}},{"start":{},"end":{}}],"line":9}},"s":{"0":3,"1":3,"2":3,"3":3,"4":27,"5":24,"6":3,"7":0,"8":0,"9":0},"f":{"0":27,"1":0},"b":{"0":[3,0],"1":[3,3],"2":[24,3]},"_coverageSchema":"1a1c01bbd47fc00a2c39e90264f33305004495a9","hash":"89e49a4567a3477f916cdffb0e49bbf257a3b7e5"}
,"/Users/codein92/Desktop/untitled folder/NotNaked/src/helpers/getAverageRating/getAverageRating.js": {"path":"/Users/codein92/Desktop/untitled folder/NotNaked/src/helpers/getAverageRating/getAverageRating.js","statementMap":{"0":{"start":{"line":1,"column":25},"end":{"line":9,"column":1}},"1":{"start":{"line":2,"column":21},"end":{"line":2,"column":22}},"2":{"start":{"line":3,"column":20},"end":{"line":3,"column":21}},"3":{"start":{"line":4,"column":2},"end":{"line":7,"column":3}},"4":{"start":{"line":4,"column":15},"end":{"line":4,"column":16}},"5":{"start":{"line":5,"column":4},"end":{"line":5,"column":36}},"6":{"start":{"line":6,"column":4},"end":{"line":6,"column":31}},"7":{"start":{"line":8,"column":2},"end":{"line":8,"column":36}}},"fnMap":{"0":{"name":"(anonymous_0)","decl":{"start":{"line":1,"column":25},"end":{"line":1,"column":26}},"loc":{"start":{"line":1,"column":42},"end":{"line":9,"column":1}},"line":1}},"branchMap":{},"s":{"0":3,"1":4,"2":4,"3":4,"4":4,"5":20,"6":20,"7":4},"f":{"0":4},"b":{},"_coverageSchema":"1a1c01bbd47fc00a2c39e90264f33305004495a9","hash":"8fd013770a85636be75d0debff615145ddba46ce"}
,"/Users/codein92/Desktop/untitled folder/NotNaked/src/services/products.js": {"path":"/Users/codein92/Desktop/untitled folder/NotNaked/src/services/products.js","statementMap":{"0":{"start":{"line":4,"column":27},"end":{"line":30,"column":2}},"1":{"start":{"line":9,"column":6},"end":{"line":9,"column":49}},"2":{"start":{"line":10,"column":6},"end":{"line":10,"column":21}},"3":{"start":{"line":13,"column":27},"end":{"line":29,"column":3}},"4":{"start":{"line":15,"column":19},"end":{"line":15,"column":36}},"5":{"start":{"line":18,"column":34},"end":{"line":18,"column":64}},"6":{"start":{"line":21,"column":28},"end":{"line":21,"column":43}},"7":{"start":{"line":24,"column":28},"end":{"line":24,"column":51}},"8":{"start":{"line":27,"column":28},"end":{"line":27,"column":50}},"9":{"start":{"line":38,"column":4},"end":{"line":38,"column":15}}},"fnMap":{"0":{"name":"(anonymous_0)","decl":{"start":{"line":8,"column":4},"end":{"line":8,"column":5}},"loc":{"start":{"line":8,"column":28},"end":{"line":11,"column":5}},"line":8},"1":{"name":"(anonymous_1)","decl":{"start":{"line":13,"column":13},"end":{"line":13,"column":14}},"loc":{"start":{"line":13,"column":27},"end":{"line":29,"column":3}},"line":13},"2":{"name":"(anonymous_2)","decl":{"start":{"line":15,"column":13},"end":{"line":15,"column":14}},"loc":{"start":{"line":15,"column":19},"end":{"line":15,"column":36}},"line":15},"3":{"name":"(anonymous_3)","decl":{"start":{"line":18,"column":13},"end":{"line":18,"column":14}},"loc":{"start":{"line":18,"column":34},"end":{"line":18,"column":64}},"line":18},"4":{"name":"(anonymous_4)","decl":{"start":{"line":21,"column":13},"end":{"line":21,"column":14}},"loc":{"start":{"line":21,"column":28},"end":{"line":21,"column":43}},"line":21},"5":{"name":"(anonymous_5)","decl":{"start":{"line":24,"column":13},"end":{"line":24,"column":14}},"loc":{"start":{"line":24,"column":28},"end":{"line":24,"column":51}},"line":24},"6":{"name":"(anonymous_6)","decl":{"start":{"line":27,"column":13},"end":{"line":27,"column":14}},"loc":{"start":{"line":27,"column":28},"end":{"line":27,"column":50}},"line":27}},"branchMap":{},"s":{"0":5,"1":3,"2":3,"3":5,"4":0,"5":0,"6":2,"7":0,"8":1,"9":5},"f":{"0":3,"1":5,"2":0,"3":0,"4":2,"5":0,"6":1},"b":{},"_coverageSchema":"1a1c01bbd47fc00a2c39e90264f33305004495a9","hash":"015c3b1aa2c48b99ae2ebf9e2f50ded4fd77c776"}
,"/Users/codein92/Desktop/untitled folder/NotNaked/src/services/questions.js": {"path":"/Users/codein92/Desktop/untitled folder/NotNaked/src/services/questions.js","statementMap":{"0":{"start":{"line":4,"column":28},"end":{"line":81,"column":2}},"1":{"start":{"line":9,"column":6},"end":{"line":9,"column":49}},"2":{"start":{"line":10,"column":6},"end":{"line":10,"column":21}},"3":{"start":{"line":14,"column":27},"end":{"line":80,"column":3}},"4":{"start":{"line":16,"column":28},"end":{"line":16,"column":73}},"5":{"start":{"line":22,"column":13},"end":{"line":31,"column":7}},"6":{"start":{"line":35,"column":30},"end":{"line":38,"column":7}},"7":{"start":{"line":42,"column":30},"end":{"line":45,"column":7}},"8":{"start":{"line":49,"column":29},"end":{"line":49,"column":63}},"9":{"start":{"line":55,"column":13},"end":{"line":63,"column":7}},"10":{"start":{"line":67,"column":28},"end":{"line":70,"column":7}},"11":{"start":{"line":74,"column":30},"end":{"line":77,"column":7}},"12":{"start":{"line":92,"column":4},"end":{"line":92,"column":16}}},"fnMap":{"0":{"name":"(anonymous_0)","decl":{"start":{"line":8,"column":4},"end":{"line":8,"column":5}},"loc":{"start":{"line":8,"column":28},"end":{"line":11,"column":5}},"line":8},"1":{"name":"(anonymous_1)","decl":{"start":{"line":14,"column":13},"end":{"line":14,"column":14}},"loc":{"start":{"line":14,"column":27},"end":{"line":80,"column":3}},"line":14},"2":{"name":"(anonymous_2)","decl":{"start":{"line":16,"column":13},"end":{"line":16,"column":14}},"loc":{"start":{"line":16,"column":28},"end":{"line":16,"column":73}},"line":16},"3":{"name":"(anonymous_3)","decl":{"start":{"line":20,"column":13},"end":{"line":20,"column":14}},"loc":{"start":{"line":22,"column":13},"end":{"line":31,"column":7}},"line":22},"4":{"name":"(anonymous_4)","decl":{"start":{"line":35,"column":13},"end":{"line":35,"column":14}},"loc":{"start":{"line":35,"column":30},"end":{"line":38,"column":7}},"line":35},"5":{"name":"(anonymous_5)","decl":{"start":{"line":42,"column":13},"end":{"line":42,"column":14}},"loc":{"start":{"line":42,"column":30},"end":{"line":45,"column":7}},"line":42},"6":{"name":"(anonymous_6)","decl":{"start":{"line":49,"column":13},"end":{"line":49,"column":14}},"loc":{"start":{"line":49,"column":29},"end":{"line":49,"column":63}},"line":49},"7":{"name":"(anonymous_7)","decl":{"start":{"line":53,"column":13},"end":{"line":53,"column":14}},"loc":{"start":{"line":55,"column":13},"end":{"line":63,"column":7}},"line":55},"8":{"name":"(anonymous_8)","decl":{"start":{"line":67,"column":13},"end":{"line":67,"column":14}},"loc":{"start":{"line":67,"column":28},"end":{"line":70,"column":7}},"line":67},"9":{"name":"(anonymous_9)","decl":{"start":{"line":74,"column":13},"end":{"line":74,"column":14}},"loc":{"start":{"line":74,"column":30},"end":{"line":77,"column":7}},"line":74}},"branchMap":{},"s":{"0":5,"1":1,"2":1,"3":5,"4":1,"5":0,"6":0,"7":0,"8":0,"9":0,"10":0,"11":0,"12":5},"f":{"0":1,"1":5,"2":1,"3":0,"4":0,"5":0,"6":0,"7":0,"8":0,"9":0},"b":{},"_coverageSchema":"1a1c01bbd47fc00a2c39e90264f33305004495a9","hash":"498029f4c00e2da8a819a48ab2f9fcfe720ef9c4"}
,"/Users/codein92/Desktop/untitled folder/NotNaked/src/services/reviews.js": {"path":"/Users/codein92/Desktop/untitled folder/NotNaked/src/services/reviews.js","statementMap":{"0":{"start":{"line":5,"column":26},"end":{"line":46,"column":2}},"1":{"start":{"line":10,"column":6},"end":{"line":10,"column":44}},"2":{"start":{"line":11,"column":6},"end":{"line":11,"column":21}},"3":{"start":{"line":15,"column":27},"end":{"line":45,"column":3}},"4":{"start":{"line":17,"column":62},"end":{"line":17,"column":133}},"5":{"start":{"line":21,"column":28},"end":{"line":21,"column":59}},"6":{"start":{"line":25,"column":40},"end":{"line":29,"column":7}},"7":{"start":{"line":33,"column":28},"end":{"line":36,"column":7}},"8":{"start":{"line":40,"column":28},"end":{"line":43,"column":7}},"9":{"start":{"line":54,"column":4},"end":{"line":54,"column":14}}},"fnMap":{"0":{"name":"(anonymous_0)","decl":{"start":{"line":9,"column":4},"end":{"line":9,"column":5}},"loc":{"start":{"line":9,"column":28},"end":{"line":12,"column":5}},"line":9},"1":{"name":"(anonymous_1)","decl":{"start":{"line":15,"column":13},"end":{"line":15,"column":14}},"loc":{"start":{"line":15,"column":27},"end":{"line":45,"column":3}},"line":15},"2":{"name":"(anonymous_2)","decl":{"start":{"line":17,"column":13},"end":{"line":17,"column":14}},"loc":{"start":{"line":17,"column":62},"end":{"line":17,"column":133}},"line":17},"3":{"name":"(anonymous_3)","decl":{"start":{"line":21,"column":13},"end":{"line":21,"column":14}},"loc":{"start":{"line":21,"column":28},"end":{"line":21,"column":59}},"line":21},"4":{"name":"(anonymous_4)","decl":{"start":{"line":25,"column":13},"end":{"line":25,"column":14}},"loc":{"start":{"line":25,"column":40},"end":{"line":29,"column":7}},"line":25},"5":{"name":"(anonymous_5)","decl":{"start":{"line":33,"column":13},"end":{"line":33,"column":14}},"loc":{"start":{"line":33,"column":28},"end":{"line":36,"column":7}},"line":33},"6":{"name":"(anonymous_6)","decl":{"start":{"line":40,"column":13},"end":{"line":40,"column":14}},"loc":{"start":{"line":40,"column":28},"end":{"line":43,"column":7}},"line":40}},"branchMap":{},"s":{"0":5,"1":1,"2":1,"3":5,"4":0,"5":1,"6":0,"7":0,"8":0,"9":5},"f":{"0":1,"1":5,"2":0,"3":1,"4":0,"5":0,"6":0},"b":{},"_coverageSchema":"1a1c01bbd47fc00a2c39e90264f33305004495a9","hash":"b7dcc5df60987da5673d861075b3b5cdcc0bc9b1"}
}
