TN:
SF:src/app/test-utils.jsx
FN:20,reducer
FN:36,(anonymous_1)
FN:42,Wrapper
FNF:3
FNH:3
FNDA:4,reducer
FNDA:4,(anonymous_1)
FNDA:4,Wrapper
DA:36,4
DA:43,4
DA:49,4
LF:3
LH:3
BRDA:22,0,0,4
BRDA:24,1,0,4
BRF:2
BRH:2
end_of_record
TN:
SF:src/config/config.js
FNF:0
FNH:0
DA:2,1
LF:1
LH:1
BRF:0
BRH:0
end_of_record
TN:
SF:src/features/Overview/StyleSelector/styleSlice.js
FN:14,(anonymous_0)
FNF:1
FNH:0
FNDA:0,(anonymous_0)
DA:6,1
DA:10,1
DA:15,0
DA:20,1
LF:4
LH:3
BRF:0
BRH:0
end_of_record
TN:
SF:src/features/QuestionsAndAnswers/questionsAndAnswersSlice.jsx
FN:12,(anonymous_0)
FNF:1
FNH:0
FNDA:0,(anonymous_0)
DA:4,1
DA:8,1
DA:13,0
DA:18,1
LF:4
LH:3
BRF:0
BRH:0
end_of_record
TN:
SF:src/features/RatingsAndReviews/RatingsAndReviews.jsx
FN:11,RatingsAndReviews
FN:23,(anonymous_1)
FN:26,(anonymous_2)
FNF:3
FNH:3
FNDA:12,RatingsAndReviews
FNDA:12,(anonymous_1)
FNDA:60,(anonymous_2)
DA:12,12
DA:14,12
DA:15,0
DA:18,12
DA:19,8
DA:22,4
DA:23,4
DA:24,12
DA:25,12
DA:26,12
DA:27,60
DA:29,12
DA:31,4
DA:52,1
LF:14
LH:13
BRDA:14,0,0,0
BRDA:14,0,1,12
BRDA:18,1,0,8
BRDA:18,1,1,4
BRDA:22,2,0,4
BRDA:22,2,1,0
BRF:6
BRH:4
end_of_record
TN:
SF:src/features/RatingsAndReviews/RatingsAndReviews.module.css
FN:8,(anonymous_0)
FN:15,(anonymous_1)
FNF:2
FNH:1
FNDA:21,(anonymous_0)
FNDA:0,(anonymous_1)
DA:1,1
DA:3,1
DA:4,1
DA:7,1
DA:9,21
DA:10,20
DA:12,1
DA:16,0
DA:20,0
DA:23,0
LF:10
LH:7
BRDA:3,0,0,1
BRDA:3,0,1,0
BRDA:3,1,0,1
BRDA:3,1,1,1
BRDA:9,2,0,20
BRDA:9,2,1,1
BRF:6
BRH:5
end_of_record
TN:
SF:src/features/RatingsAndReviews/AddReviewModal/AddReviewModal.jsx
FN:19,(anonymous_0)
FN:42,(anonymous_1)
FN:47,(anonymous_2)
FN:52,(anonymous_3)
FN:56,(anonymous_4)
FN:60,(anonymous_5)
FN:106,(anonymous_6)
FN:109,(anonymous_7)
FN:116,(anonymous_8)
FNF:9
FNH:0
FNDA:0,(anonymous_0)
FNDA:0,(anonymous_1)
FNDA:0,(anonymous_2)
FNDA:0,(anonymous_3)
FNDA:0,(anonymous_4)
FNDA:0,(anonymous_5)
FNDA:0,(anonymous_6)
FNDA:0,(anonymous_7)
FNDA:0,(anonymous_8)
DA:20,0
DA:22,0
DA:36,0
DA:37,0
DA:38,0
DA:39,0
DA:43,0
DA:44,0
DA:48,0
DA:49,0
DA:53,0
DA:57,0
DA:61,0
DA:64,0
DA:66,0
DA:106,0
DA:109,0
DA:116,0
DA:124,1
LF:19
LH:1
BRF:0
BRH:0
end_of_record
TN:
SF:src/features/RatingsAndReviews/AddReviewModal/AddReviewModal.module.css
FN:8,(anonymous_0)
FN:15,(anonymous_1)
FNF:2
FNH:1
FNDA:3,(anonymous_0)
FNDA:0,(anonymous_1)
DA:1,1
DA:3,1
DA:4,1
DA:7,1
DA:9,3
DA:10,0
DA:12,3
DA:16,0
DA:20,0
DA:23,0
LF:10
LH:6
BRDA:3,0,0,1
BRDA:3,0,1,0
BRDA:3,1,0,1
BRDA:3,1,1,1
BRDA:9,2,0,0
BRDA:9,2,1,3
BRF:6
BRH:4
end_of_record
TN:
SF:src/features/RatingsAndReviews/AddReviewModal/CharacteristicsTable.jsx
FN:8,CharacteristicsTable
FN:34,(anonymous_1)
FNF:2
FNH:0
FNDA:0,CharacteristicsTable
FNDA:0,(anonymous_1)
DA:9,0
DA:10,0
DA:11,0
DA:35,0
LF:4
LH:0
BRF:0
BRH:0
end_of_record
TN:
SF:src/features/RatingsAndReviews/AddReviewModal/StarRating.jsx
FN:8,StarRating
FN:13,(anonymous_1)
FN:21,(anonymous_2)
FN:22,(anonymous_3)
FN:23,(anonymous_4)
FNF:5
FNH:0
FNDA:0,StarRating
FNDA:0,(anonymous_1)
FNDA:0,(anonymous_2)
FNDA:0,(anonymous_3)
FNDA:0,(anonymous_4)
DA:9,0
DA:10,0
DA:11,0
DA:14,0
DA:15,0
DA:16,0
DA:21,0
DA:22,0
DA:23,0
LF:9
LH:0
BRDA:15,0,0,0
BRDA:15,0,1,0
BRDA:15,1,0,0
BRDA:15,1,1,0
BRF:4
BRH:0
end_of_record
TN:
SF:src/features/RatingsAndReviews/ProductBreakdown/ProductBreakdown.jsx
FN:7,ProductBreakdown
FN:19,(anonymous_1)
FN:62,(anonymous_2)
FNF:3
FNH:3
FNDA:4,ProductBreakdown
FNDA:16,(anonymous_1)
FNDA:16,(anonymous_2)
DA:8,4
DA:10,4
DA:11,0
DA:14,4
DA:15,0
DA:18,4
DA:19,4
DA:20,16
DA:21,16
DA:23,16
DA:25,4
DA:26,4
DA:27,4
DA:29,0
DA:30,0
DA:31,0
DA:33,4
DA:34,4
DA:35,4
DA:37,0
DA:38,0
DA:39,0
DA:41,4
DA:42,4
DA:43,4
DA:45,4
DA:46,4
DA:47,4
DA:49,0
DA:52,16
DA:60,4
DA:63,16
DA:70,1
LF:33
LH:24
BRDA:10,0,0,0
BRDA:10,0,1,4
BRDA:14,1,0,0
BRDA:14,1,1,4
BRDA:18,2,0,4
BRDA:18,2,1,0
BRDA:23,3,0,4
BRDA:23,3,1,0
BRDA:23,3,2,4
BRDA:23,3,3,0
BRDA:23,3,4,4
BRDA:23,3,5,4
BRDA:23,3,6,0
BRF:13
BRH:7
end_of_record
TN:
SF:src/features/RatingsAndReviews/ProductBreakdown/ProductBreakdown.module.css
FN:8,(anonymous_0)
FN:15,(anonymous_1)
FNF:2
FNH:1
FNDA:152,(anonymous_0)
FNDA:0,(anonymous_1)
DA:1,1
DA:3,1
DA:4,1
DA:7,1
DA:9,152
DA:10,148
DA:12,4
DA:16,0
DA:20,0
DA:23,0
LF:10
LH:7
BRDA:3,0,0,1
BRDA:3,0,1,0
BRDA:3,1,0,1
BRDA:3,1,1,1
BRDA:9,2,0,148
BRDA:9,2,1,4
BRF:6
BRH:5
end_of_record
TN:
SF:src/features/RatingsAndReviews/ProductBreakdown/ProductScaleFeature/CharacteristicBar.jsx
FN:5,CharacterBar
FNF:1
FNH:1
FNDA:48,CharacterBar
DA:6,48
DA:16,1
LF:2
LH:2
BRF:0
BRH:0
end_of_record
TN:
SF:src/features/RatingsAndReviews/ProductBreakdown/ProductScaleFeature/Pointer.jsx
FN:6,Pointer
FNF:1
FNH:1
FNDA:16,Pointer
DA:7,16
DA:10,1
LF:2
LH:2
BRF:0
BRH:0
end_of_record
TN:
SF:src/features/RatingsAndReviews/ProductBreakdown/ProductScaleFeature/ProductScaleFeature.jsx
FN:7,ProductScaleFeature
FNF:1
FNH:1
FNDA:16,ProductScaleFeature
DA:8,16
DA:23,1
LF:2
LH:2
BRF:0
BRH:0
end_of_record
TN:
SF:src/features/RatingsAndReviews/RatingBreakdown/RatingBreakdown.jsx
FN:15,RatingBreakdown
FN:16,(anonymous_1)
FN:35,(anonymous_2)
FN:42,(anonymous_3)
FN:79,(anonymous_4)
FN:82,(anonymous_5)
FN:88,(anonymous_6)
FN:120,(anonymous_7)
FN:133,(anonymous_8)
FN:146,(anonymous_9)
FN:159,(anonymous_10)
FN:172,(anonymous_11)
FN:187,(anonymous_12)
FN:196,(anonymous_13)
FNF:14
FNH:2
FNDA:8,RatingBreakdown
FNDA:24,(anonymous_1)
FNDA:0,(anonymous_2)
FNDA:0,(anonymous_3)
FNDA:0,(anonymous_4)
FNDA:0,(anonymous_5)
FNDA:0,(anonymous_6)
FNDA:0,(anonymous_7)
FNDA:0,(anonymous_8)
FNDA:0,(anonymous_9)
FNDA:0,(anonymous_10)
FNDA:0,(anonymous_11)
FNDA:0,(anonymous_12)
FNDA:0,(anonymous_13)
DA:16,24
DA:17,8
DA:18,8
DA:19,8
DA:21,8
DA:29,8
DA:31,8
DA:33,8
DA:35,8
DA:36,0
DA:37,0
DA:38,0
DA:39,0
DA:42,8
DA:43,0
DA:44,0
DA:45,0
DA:47,0
DA:48,0
DA:49,0
DA:51,0
DA:52,0
DA:53,0
DA:55,0
DA:56,0
DA:57,0
DA:59,0
DA:60,0
DA:61,0
DA:66,8
DA:68,8
DA:69,0
DA:72,8
DA:73,8
DA:76,0
DA:77,0
DA:78,0
DA:79,0
DA:80,0
DA:81,0
DA:83,0
DA:84,0
DA:86,0
DA:88,0
DA:89,0
DA:91,0
DA:92,0
DA:93,0
DA:94,0
DA:95,0
DA:97,0
DA:121,0
DA:122,0
DA:134,0
DA:135,0
DA:147,0
DA:148,0
DA:160,0
DA:161,0
DA:173,0
DA:174,0
DA:188,0
DA:189,0
DA:190,0
DA:197,0
DA:210,1
LF:66
LH:15
BRDA:43,0,0,0
BRDA:43,0,1,0
BRDA:44,1,0,0
BRDA:44,1,1,0
BRDA:47,2,0,0
BRDA:47,2,1,0
BRDA:48,3,0,0
BRDA:48,3,1,0
BRDA:51,4,0,0
BRDA:51,4,1,0
BRDA:52,5,0,0
BRDA:52,5,1,0
BRDA:55,6,0,0
BRDA:55,6,1,0
BRDA:56,7,0,0
BRDA:56,7,1,0
BRDA:59,8,0,0
BRDA:59,8,1,0
BRDA:60,9,0,0
BRDA:60,9,1,0
BRDA:68,10,0,0
BRDA:68,10,1,8
BRDA:72,11,0,8
BRDA:72,11,1,0
BRDA:72,12,0,8
BRDA:72,12,1,8
BRDA:76,13,0,0
BRDA:76,13,1,0
BRDA:76,14,0,0
BRDA:76,14,1,0
BRDA:83,15,0,0
BRDA:83,15,1,0
BRDA:184,16,0,0
BRDA:184,16,1,0
BRF:34
BRH:4
end_of_record
TN:
SF:src/features/RatingsAndReviews/RatingBreakdown/RatingBreakdown.module.css
FN:8,(anonymous_0)
FN:15,(anonymous_1)
FNF:2
FNH:1
FNDA:3,(anonymous_0)
FNDA:0,(anonymous_1)
DA:1,1
DA:3,1
DA:4,1
DA:7,1
DA:9,3
DA:10,0
DA:12,3
DA:16,0
DA:20,0
DA:23,0
LF:10
LH:6
BRDA:3,0,0,1
BRDA:3,0,1,0
BRDA:3,1,0,1
BRDA:3,1,1,1
BRDA:9,2,0,0
BRDA:9,2,1,3
BRF:6
BRH:4
end_of_record
TN:
SF:src/features/RatingsAndReviews/RatingBreakdown/ratingBreakdownSlice.js
FN:12,(anonymous_0)
FNF:1
FNH:0
FNDA:0,(anonymous_0)
DA:4,1
DA:8,1
DA:13,0
DA:14,0
DA:15,0
DA:16,0
DA:18,0
DA:19,0
DA:25,1
LF:9
LH:3
BRDA:13,0,0,0
BRDA:13,0,1,0
BRDA:15,1,0,0
BRDA:15,1,1,0
BRF:4
BRH:0
end_of_record
TN:
SF:src/features/RatingsAndReviews/RatingBreakdown/RatingBarFeature/Filler.jsx
FN:5,Filler
FNF:1
FNH:0
FNDA:0,Filler
DA:6,0
DA:9,1
LF:2
LH:1
BRF:0
BRH:0
end_of_record
TN:
SF:src/features/RatingsAndReviews/RatingBreakdown/RatingBarFeature/RatingBarFeature.jsx
FN:6,RatingBarFeature
FNF:1
FNH:0
FNDA:0,RatingBarFeature
DA:7,0
DA:14,1
LF:2
LH:1
BRF:0
BRH:0
end_of_record
TN:
SF:src/features/RatingsAndReviews/Reviews/ReviewList.jsx
FN:13,ReviewList
FN:14,(anonymous_1)
FN:19,(anonymous_2)
FN:33,(anonymous_3)
FN:39,(anonymous_4)
FN:45,(anonymous_5)
FN:50,(anonymous_6)
FN:59,(anonymous_7)
FNF:8
FNH:3
FNDA:8,ReviewList
FNDA:16,(anonymous_1)
FNDA:12,(anonymous_2)
FNDA:0,(anonymous_3)
FNDA:0,(anonymous_4)
FNDA:0,(anonymous_5)
FNDA:0,(anonymous_6)
FNDA:0,(anonymous_7)
DA:14,16
DA:15,8
DA:17,8
DA:18,8
DA:19,12
DA:22,8
DA:23,0
DA:26,8
DA:27,8
DA:30,0
DA:33,0
DA:34,0
DA:35,0
DA:39,0
DA:40,0
DA:41,0
DA:45,0
DA:47,0
DA:51,0
DA:60,0
DA:61,0
DA:76,1
LF:22
LH:9
BRDA:22,0,0,0
BRDA:22,0,1,8
BRDA:26,1,0,8
BRDA:26,1,1,0
BRDA:30,2,0,0
BRDA:30,2,1,0
BRDA:34,3,0,0
BRDA:34,3,1,0
BRDA:40,4,0,0
BRDA:40,4,1,0
BRDA:45,5,0,0
BRDA:45,5,1,0
BRDA:58,6,0,0
BRDA:58,6,1,0
BRF:14
BRH:2
end_of_record
TN:
SF:src/features/RatingsAndReviews/Reviews/ReviewList.module.css
FN:8,(anonymous_0)
FN:15,(anonymous_1)
FNF:2
FNH:1
FNDA:1,(anonymous_0)
FNDA:0,(anonymous_1)
DA:1,1
DA:3,1
DA:4,1
DA:7,1
DA:9,1
DA:10,0
DA:12,1
DA:16,0
DA:20,0
DA:23,0
LF:10
LH:6
BRDA:3,0,0,1
BRDA:3,0,1,0
BRDA:3,1,0,1
BRDA:3,1,1,1
BRDA:9,2,0,0
BRDA:9,2,1,1
BRF:6
BRH:4
end_of_record
TN:
SF:src/features/RatingsAndReviews/Reviews/ReviewCard/ImageModal.jsx
FN:7,ImageModal
FN:12,(anonymous_1)
FNF:2
FNH:0
FNDA:0,ImageModal
FNDA:0,(anonymous_1)
DA:8,0
DA:12,0
DA:20,1
LF:3
LH:1
BRF:0
BRH:0
end_of_record
TN:
SF:src/features/RatingsAndReviews/Reviews/ReviewCard/ReviewCard.jsx
FN:13,ReviewCard
FN:23,(anonymous_1)
FN:33,(anonymous_2)
FN:45,(anonymous_3)
FN:51,(anonymous_4)
FN:72,(anonymous_5)
FN:98,(anonymous_6)
FN:110,(anonymous_7)
FNF:8
FNH:0
FNDA:0,ReviewCard
FNDA:0,(anonymous_1)
FNDA:0,(anonymous_2)
FNDA:0,(anonymous_3)
FNDA:0,(anonymous_4)
FNDA:0,(anonymous_5)
FNDA:0,(anonymous_6)
FNDA:0,(anonymous_7)
DA:14,0
DA:15,0
DA:16,0
DA:18,0
DA:19,0
DA:21,0
DA:23,0
DA:24,0
DA:25,0
DA:29,0
DA:30,0
DA:33,0
DA:37,0
DA:38,0
DA:45,0
DA:51,0
DA:52,0
DA:55,0
DA:73,0
DA:99,0
DA:100,0
DA:110,0
DA:121,1
LF:23
LH:1
BRDA:24,0,0,0
BRDA:24,0,1,0
BRDA:29,1,0,0
BRDA:29,1,1,0
BRDA:72,2,0,0
BRDA:72,2,1,0
BRDA:74,3,0,0
BRDA:74,3,1,0
BRDA:83,4,0,0
BRDA:83,4,1,0
BRDA:89,5,0,0
BRDA:89,5,1,0
BRF:12
BRH:0
end_of_record
TN:
SF:src/features/RatingsAndReviews/Reviews/ReviewCard/ReviewCard.module.css
FN:8,(anonymous_0)
FN:15,(anonymous_1)
FNF:2
FNH:1
FNDA:2,(anonymous_0)
FNDA:0,(anonymous_1)
DA:1,1
DA:3,1
DA:4,1
DA:7,1
DA:9,2
DA:10,0
DA:12,2
DA:16,0
DA:20,0
DA:23,0
LF:10
LH:6
BRDA:3,0,0,1
BRDA:3,0,1,0
BRDA:3,1,0,1
BRDA:3,1,1,1
BRDA:9,2,0,0
BRDA:9,2,1,2
BRF:6
BRH:4
end_of_record
TN:
SF:src/features/RatingsAndReviews/SortItems/SortItems.jsx
FN:8,SortItems
FN:11,handleChange
FNF:2
FNH:1
FNDA:4,SortItems
FNDA:0,handleChange
DA:9,4
DA:12,0
DA:13,0
DA:18,4
DA:31,1
LF:5
LH:3
BRF:0
BRH:0
end_of_record
TN:
SF:src/features/RatingsAndReviews/SortItems/SortItems.module.css
FN:8,(anonymous_0)
FN:15,(anonymous_1)
FNF:2
FNH:1
FNDA:9,(anonymous_0)
FNDA:0,(anonymous_1)
DA:1,1
DA:3,1
DA:4,1
DA:7,1
DA:9,9
DA:10,8
DA:12,1
DA:16,0
DA:20,0
DA:23,0
LF:10
LH:7
BRDA:3,0,0,1
BRDA:3,0,1,0
BRDA:3,1,0,1
BRDA:3,1,1,1
BRDA:9,2,0,8
BRDA:9,2,1,1
BRF:6
BRH:5
end_of_record
TN:
SF:src/features/RatingsAndReviews/SortItems/sortItemsSlice.js
FN:11,(anonymous_0)
FNF:1
FNH:0
FNDA:0,(anonymous_0)
DA:3,1
DA:7,1
DA:12,0
DA:17,1
LF:4
LH:3
BRF:0
BRH:0
end_of_record
TN:
SF:src/features/RelatedItemsAndComparison/OutfitList/outfitListSlice.jsx
FN:11,(anonymous_0)
FN:14,(anonymous_1)
FNF:2
FNH:0
FNDA:0,(anonymous_0)
FNDA:0,(anonymous_1)
DA:3,1
DA:7,1
DA:12,0
DA:15,0
DA:20,1
LF:5
LH:3
BRF:0
BRH:0
end_of_record
TN:
SF:src/features/UI/Button.jsx
FN:7,Button
FNF:1
FNH:0
FNDA:0,Button
DA:8,0
LF:1
LH:0
BRF:0
BRH:0
end_of_record
TN:
SF:src/features/UI/Button.module.css
FN:8,(anonymous_0)
FN:15,(anonymous_1)
FNF:2
FNH:1
FNDA:1,(anonymous_0)
FNDA:0,(anonymous_1)
DA:1,1
DA:3,1
DA:4,1
DA:7,1
DA:9,1
DA:10,0
DA:12,1
DA:16,0
DA:20,0
DA:23,0
LF:10
LH:6
BRDA:3,0,0,1
BRDA:3,0,1,0
BRDA:3,1,0,1
BRDA:3,1,1,1
BRDA:9,2,0,0
BRDA:9,2,1,1
BRF:6
BRH:4
end_of_record
TN:
SF:src/features/UI/Card.jsx
FN:10,Card
FNF:1
FNH:0
FNDA:0,Card
DA:11,0
LF:1
LH:0
BRF:0
BRH:0
end_of_record
TN:
SF:src/features/UI/Card.module.css
FN:8,(anonymous_0)
FN:15,(anonymous_1)
FNF:2
FNH:1
FNDA:1,(anonymous_0)
FNDA:0,(anonymous_1)
DA:1,1
DA:3,1
DA:4,1
DA:7,1
DA:9,1
DA:10,0
DA:12,1
DA:16,0
DA:20,0
DA:23,0
LF:10
LH:6
BRDA:3,0,0,1
BRDA:3,0,1,0
BRDA:3,1,0,1
BRDA:3,1,1,1
BRDA:9,2,0,0
BRDA:9,2,1,1
BRF:6
BRH:4
end_of_record
TN:
SF:src/features/UI/Modal.jsx
FN:9,Backdrop
FN:13,Modal
FNF:2
FNH:0
FNDA:0,Backdrop
FNDA:0,Modal
DA:10,0
DA:14,0
LF:2
LH:0
BRF:0
BRH:0
end_of_record
TN:
SF:src/features/UI/Modal.module.css
FN:8,(anonymous_0)
FN:15,(anonymous_1)
FNF:2
FNH:1
FNDA:1,(anonymous_0)
FNDA:0,(anonymous_1)
DA:1,1
DA:3,1
DA:4,1
DA:7,1
DA:9,1
DA:10,0
DA:12,1
DA:16,0
DA:20,0
DA:23,0
LF:10
LH:6
BRDA:3,0,0,1
BRDA:3,0,1,0
BRDA:3,1,0,1
BRDA:3,1,1,1
BRDA:9,2,0,0
BRDA:9,2,1,1
BRF:6
BRH:4
end_of_record
TN:
SF:src/helpers/RatingToDuckFeet.jsx
FN:11,RatingToDuckFeet
FN:12,(anonymous_1)
FN:18,(anonymous_2)
FN:56,(anonymous_3)
FNF:4
FNH:0
FNDA:0,RatingToDuckFeet
FNDA:0,(anonymous_1)
FNDA:0,(anonymous_2)
FNDA:0,(anonymous_3)
DA:12,0
DA:14,0
DA:15,0
DA:16,0
DA:18,0
DA:19,0
DA:21,0
DA:23,0
DA:25,0
DA:27,0
DA:29,0
DA:31,0
DA:35,0
DA:37,0
DA:38,0
DA:39,0
DA:42,0
DA:44,0
DA:45,0
DA:48,0
DA:49,0
DA:50,0
DA:54,0
DA:56,0
DA:61,1
LF:25
LH:1
BRDA:12,0,0,0
BRDA:16,1,0,0
BRDA:16,1,1,0
BRDA:19,2,0,0
BRDA:19,2,1,0
BRDA:19,2,2,0
BRDA:19,2,3,0
BRDA:19,2,4,0
BRDA:19,2,5,0
BRDA:37,3,0,0
BRDA:37,3,1,0
BRDA:44,4,0,0
BRDA:44,4,1,0
BRDA:44,5,0,0
BRDA:44,5,1,0
BRDA:48,6,0,0
BRDA:48,6,1,0
BRF:17
BRH:0
end_of_record
TN:
SF:src/helpers/RatingToDuckFeet.module.css
FN:8,(anonymous_0)
FN:15,(anonymous_1)
FNF:2
FNH:1
FNDA:1,(anonymous_0)
FNDA:0,(anonymous_1)
DA:1,1
DA:3,1
DA:4,1
DA:7,1
DA:9,1
DA:10,0
DA:12,1
DA:16,0
DA:20,0
DA:23,0
LF:10
LH:6
BRDA:3,0,0,1
BRDA:3,0,1,0
BRDA:3,1,0,1
BRDA:3,1,1,1
BRDA:9,2,0,0
BRDA:9,2,1,1
BRF:6
BRH:4
end_of_record
TN:
SF:src/helpers/getAverageRating/getAverageRating.js
FN:1,(anonymous_0)
FNF:1
FNH:0
FNDA:0,(anonymous_0)
DA:1,1
DA:2,0
DA:3,0
DA:4,0
DA:5,0
DA:6,0
DA:8,0
LF:7
LH:1
BRF:0
BRH:0
end_of_record
TN:
SF:src/services/products.js
FN:8,(anonymous_0)
FN:13,(anonymous_1)
FN:15,(anonymous_2)
FN:18,(anonymous_3)
FN:21,(anonymous_4)
FN:24,(anonymous_5)
FN:27,(anonymous_6)
FNF:7
FNH:1
FNDA:0,(anonymous_0)
FNDA:1,(anonymous_1)
FNDA:0,(anonymous_2)
FNDA:0,(anonymous_3)
FNDA:0,(anonymous_4)
FNDA:0,(anonymous_5)
FNDA:0,(anonymous_6)
DA:4,1
DA:9,0
DA:10,0
DA:13,1
DA:15,0
DA:18,0
DA:21,0
DA:24,0
DA:27,0
DA:38,1
LF:10
LH:3
BRF:0
BRH:0
end_of_record
TN:
SF:src/services/questions.js
FN:8,(anonymous_0)
FN:14,(anonymous_1)
FN:16,(anonymous_2)
FN:20,(anonymous_3)
FN:35,(anonymous_4)
FN:42,(anonymous_5)
FN:49,(anonymous_6)
FN:53,(anonymous_7)
FN:67,(anonymous_8)
FN:74,(anonymous_9)
FNF:10
FNH:1
FNDA:0,(anonymous_0)
FNDA:1,(anonymous_1)
FNDA:0,(anonymous_2)
FNDA:0,(anonymous_3)
FNDA:0,(anonymous_4)
FNDA:0,(anonymous_5)
FNDA:0,(anonymous_6)
FNDA:0,(anonymous_7)
FNDA:0,(anonymous_8)
FNDA:0,(anonymous_9)
DA:4,1
DA:9,0
DA:10,0
DA:14,1
DA:16,0
DA:22,0
DA:35,0
DA:42,0
DA:49,0
DA:55,0
DA:67,0
DA:74,0
DA:92,1
LF:13
LH:3
BRF:0
BRH:0
end_of_record
TN:
SF:src/services/reviews.js
FN:9,(anonymous_0)
FN:15,(anonymous_1)
FN:17,(anonymous_2)
FN:21,(anonymous_3)
FN:25,(anonymous_4)
FN:33,(anonymous_5)
FN:40,(anonymous_6)
FNF:7
FNH:4
FNDA:8,(anonymous_0)
FNDA:1,(anonymous_1)
FNDA:4,(anonymous_2)
FNDA:4,(anonymous_3)
FNDA:0,(anonymous_4)
FNDA:0,(anonymous_5)
FNDA:0,(anonymous_6)
DA:5,1
DA:10,8
DA:11,8
DA:15,1
DA:17,4
DA:21,4
DA:25,0
DA:33,0
DA:40,0
DA:54,1
LF:10
LH:7
BRF:0
BRH:0
end_of_record
