TN:
SF:src/app/test-utils.jsx
FN:20,reducer
FN:36,(anonymous_1)
FN:42,Wrapper
FNF:3
FNH:3
FNDA:10,reducer
FNDA:10,(anonymous_1)
FNDA:10,Wrapper
DA:36,10
DA:43,10
DA:49,10
LF:3
LH:3
BRDA:22,0,0,10
BRDA:24,1,0,10
BRF:2
BRH:2
end_of_record
TN:
SF:src/config/config.js
FNF:0
FNH:0
DA:4,1
LF:1
LH:1
BRF:0
BRH:0
end_of_record
TN:
SF:src/features/Overview/StyleSelector/styleSlice.js
FN:14,(anonymous_0)
FNF:1
FNH:0
FNDA:0,(anonymous_0)
DA:6,1
DA:10,1
DA:15,0
DA:20,1
LF:4
LH:3
BRF:0
BRH:0
end_of_record
TN:
SF:src/features/QuestionsAndAnswers/QuestionsAndAnswers.jsx
FN:10,QuestionsAndAnswers
FNF:1
FNH:1
FNDA:5,QuestionsAndAnswers
DA:11,5
DA:23,1
LF:2
LH:2
BRF:0
BRH:0
end_of_record
TN:
SF:src/features/QuestionsAndAnswers/QuestionsAndAnswers.module.css
FN:8,(anonymous_0)
FN:15,(anonymous_1)
FNF:2
FNH:1
FNDA:11,(anonymous_0)
FNDA:0,(anonymous_1)
DA:1,1
DA:3,1
DA:4,1
DA:7,1
DA:9,11
DA:10,10
DA:12,1
DA:16,0
DA:20,0
DA:23,0
LF:10
LH:7
BRDA:3,0,0,1
BRDA:3,0,1,0
BRDA:3,1,0,1
BRDA:3,1,1,1
BRDA:9,2,0,10
BRDA:9,2,1,1
BRF:6
BRH:5
end_of_record
TN:
SF:src/features/QuestionsAndAnswers/questionsAndAnswersSlice.jsx
FN:12,(anonymous_0)
FNF:1
FNH:0
FNDA:0,(anonymous_0)
DA:4,1
DA:8,1
DA:13,0
DA:18,1
LF:4
LH:3
BRF:0
BRH:0
end_of_record
TN:
SF:src/features/QuestionsAndAnswers/QAModals/AddQA.jsx
FN:10,AddQA
FN:21,(anonymous_1)
FN:45,(anonymous_2)
FN:63,(anonymous_3)
FN:69,(anonymous_4)
FN:79,(anonymous_5)
FNF:6
FNH:1
FNDA:5,AddQA
FNDA:0,(anonymous_1)
FNDA:0,(anonymous_2)
FNDA:0,(anonymous_3)
FNDA:0,(anonymous_4)
FNDA:0,(anonymous_5)
DA:13,5
DA:14,5
DA:15,5
DA:16,5
DA:17,5
DA:19,5
DA:21,0
DA:46,0
DA:47,0
DA:53,0
DA:54,0
DA:56,0
DA:58,0
DA:63,0
DA:69,0
DA:79,0
DA:89,1
LF:17
LH:7
BRDA:11,0,0,5
BRDA:24,1,0,5
BRDA:24,1,1,0
BRDA:26,2,0,5
BRDA:26,2,1,0
BRDA:35,3,0,5
BRDA:35,3,1,5
BRDA:37,4,0,5
BRDA:37,4,1,5
BRDA:53,5,0,0
BRDA:53,5,1,0
BRDA:74,6,0,5
BRDA:74,6,1,0
BRDA:76,7,0,5
BRDA:76,7,1,5
BRF:15
BRH:10
end_of_record
TN:
SF:src/features/QuestionsAndAnswers/QAModals/AddQA.module.css
FN:8,(anonymous_0)
FN:15,(anonymous_1)
FNF:2
FNH:1
FNDA:36,(anonymous_0)
FNDA:0,(anonymous_1)
DA:1,1
DA:3,1
DA:4,1
DA:7,1
DA:9,36
DA:10,35
DA:12,1
DA:16,0
DA:20,0
DA:23,0
LF:10
LH:7
BRDA:3,0,0,1
BRDA:3,0,1,0
BRDA:3,1,0,1
BRDA:3,1,1,1
BRDA:9,2,0,35
BRDA:9,2,1,1
BRF:6
BRH:5
end_of_record
TN:
SF:src/features/QuestionsAndAnswers/QASearch/Search.jsx
FN:9,Search
FN:11,(anonymous_1)
FN:14,(anonymous_2)
FN:15,(anonymous_3)
FNF:4
FNH:2
FNDA:5,Search
FNDA:70,(anonymous_1)
FNDA:0,(anonymous_2)
FNDA:0,(anonymous_3)
DA:10,5
DA:11,70
DA:13,5
DA:14,0
DA:15,0
LF:5
LH:3
BRF:0
BRH:0
end_of_record
TN:
SF:src/features/QuestionsAndAnswers/QASearch/Search.module.css
FN:8,(anonymous_0)
FN:15,(anonymous_1)
FNF:2
FNH:1
FNDA:16,(anonymous_0)
FNDA:0,(anonymous_1)
DA:1,1
DA:3,1
DA:4,1
DA:7,1
DA:9,16
DA:10,15
DA:12,1
DA:16,0
DA:20,0
DA:23,0
LF:10
LH:7
BRDA:3,0,0,1
BRDA:3,0,1,0
BRDA:3,1,0,1
BRDA:3,1,1,1
BRDA:9,2,0,15
BRDA:9,2,1,1
BRF:6
BRH:5
end_of_record
TN:
SF:src/features/QuestionsAndAnswers/QuestionsList/QuestionsList.jsx
FN:13,QuestionsList
FN:17,(anonymous_1)
FN:28,(anonymous_2)
FN:33,(anonymous_3)
FN:34,(anonymous_4)
FN:42,(anonymous_5)
FN:55,(anonymous_6)
FN:73,(anonymous_7)
FN:78,(anonymous_8)
FN:85,(anonymous_9)
FNF:10
FNH:7
FNDA:33,QuestionsList
FNDA:78,(anonymous_1)
FNDA:0,(anonymous_2)
FNDA:20,(anonymous_3)
FNDA:90,(anonymous_4)
FNDA:20,(anonymous_5)
FNDA:180,(anonymous_6)
FNDA:24,(anonymous_7)
FNDA:0,(anonymous_8)
FNDA:0,(anonymous_9)
DA:14,33
DA:15,33
DA:17,78
DA:19,33
DA:20,33
DA:23,33
DA:24,33
DA:26,33
DA:28,33
DA:29,0
DA:33,33
DA:34,90
DA:35,20
DA:36,0
DA:38,20
DA:42,33
DA:43,20
DA:46,33
DA:47,0
DA:50,33
DA:51,21
DA:54,12
DA:55,180
DA:56,12
DA:73,24
DA:79,0
DA:85,0
DA:94,1
LF:28
LH:23
BRDA:19,0,0,33
BRDA:19,0,1,0
BRDA:35,1,0,0
BRDA:35,1,1,20
BRDA:35,2,0,20
BRDA:35,2,1,20
BRDA:46,3,0,0
BRDA:46,3,1,33
BRDA:50,4,0,21
BRDA:50,4,1,12
BRDA:54,5,0,12
BRDA:54,5,1,0
BRDA:58,6,0,12
BRDA:58,6,1,0
BRDA:65,7,0,12
BRDA:65,7,1,0
BRDA:75,8,0,12
BRDA:75,8,1,12
BRF:18
BRH:12
end_of_record
TN:
SF:src/features/QuestionsAndAnswers/QuestionsList/QuestionsList.module.css
FN:8,(anonymous_0)
FN:15,(anonymous_1)
FNF:2
FNH:1
FNDA:13,(anonymous_0)
FNDA:0,(anonymous_1)
DA:1,1
DA:3,1
DA:4,1
DA:7,1
DA:9,13
DA:10,12
DA:12,1
DA:16,0
DA:20,0
DA:23,0
LF:10
LH:7
BRDA:3,0,0,1
BRDA:3,0,1,0
BRDA:3,1,0,1
BRDA:3,1,1,1
BRDA:9,2,0,12
BRDA:9,2,1,1
BRF:6
BRH:5
end_of_record
TN:
SF:src/features/QuestionsAndAnswers/QuestionsList/QuestionCard/AnswerCard.jsx
FN:19,AnswerCard
FN:36,(anonymous_1)
FN:48,(anonymous_2)
FN:59,(anonymous_3)
FNF:4
FNH:2
FNDA:20,AnswerCard
FNDA:25,(anonymous_1)
FNDA:0,(anonymous_2)
FNDA:0,(anonymous_3)
DA:20,20
DA:21,20
DA:23,20
DA:24,20
DA:25,20
DA:27,20
DA:36,25
DA:49,0
DA:50,0
DA:59,0
DA:66,1
LF:11
LH:8
BRDA:34,0,0,20
BRDA:34,0,1,15
BRDA:40,1,0,20
BRDA:40,1,1,0
BRDA:41,2,0,20
BRDA:41,2,1,20
BRF:6
BRH:5
end_of_record
TN:
SF:src/features/QuestionsAndAnswers/QuestionsList/QuestionCard/AnswerCard.module.css
FN:8,(anonymous_0)
FN:15,(anonymous_1)
FNF:2
FNH:1
FNDA:126,(anonymous_0)
FNDA:0,(anonymous_1)
DA:1,1
DA:3,1
DA:4,1
DA:7,1
DA:9,126
DA:10,125
DA:12,1
DA:16,0
DA:20,0
DA:23,0
LF:10
LH:7
BRDA:3,0,0,1
BRDA:3,0,1,0
BRDA:3,1,0,1
BRDA:3,1,1,1
BRDA:9,2,0,125
BRDA:9,2,1,1
BRF:6
BRH:5
end_of_record
TN:
SF:src/features/QuestionsAndAnswers/QuestionsList/QuestionCard/QuestionCard.jsx
FN:24,QuestionCard
FN:35,(anonymous_1)
FN:70,(anonymous_2)
FN:84,(anonymous_3)
FN:93,(anonymous_4)
FN:98,(anonymous_5)
FN:108,(anonymous_6)
FNF:7
FNH:2
FNDA:32,QuestionCard
FNDA:0,(anonymous_1)
FNDA:0,(anonymous_2)
FNDA:0,(anonymous_3)
FNDA:20,(anonymous_4)
FNDA:0,(anonymous_5)
FNDA:0,(anonymous_6)
DA:25,32
DA:26,32
DA:27,32
DA:28,32
DA:30,32
DA:31,32
DA:32,32
DA:33,32
DA:35,32
DA:36,0
DA:39,32
DA:40,0
DA:43,32
DA:44,22
DA:47,10
DA:48,10
DA:49,10
DA:71,0
DA:72,0
DA:84,0
DA:93,20
DA:99,0
DA:109,0
DA:121,1
LF:24
LH:17
BRDA:39,0,0,0
BRDA:39,0,1,32
BRDA:43,1,0,22
BRDA:43,1,1,10
BRDA:47,2,0,10
BRDA:47,2,1,0
BRDA:51,3,0,10
BRDA:51,3,1,0
BRDA:89,4,0,10
BRDA:89,4,1,0
BRDA:91,5,0,10
BRDA:91,5,1,10
BRDA:95,6,0,10
BRDA:95,6,1,10
BRDA:105,7,0,10
BRDA:105,7,1,0
BRDA:105,7,2,0
BRF:17
BRH:11
end_of_record
TN:
SF:src/features/QuestionsAndAnswers/QuestionsList/QuestionCard/QuestionCard.module.css
FN:8,(anonymous_0)
FN:15,(anonymous_1)
FNF:2
FNH:1
FNDA:41,(anonymous_0)
FNDA:0,(anonymous_1)
DA:1,1
DA:3,1
DA:4,1
DA:7,1
DA:9,41
DA:10,40
DA:12,1
DA:16,0
DA:20,0
DA:23,0
LF:10
LH:7
BRDA:3,0,0,1
BRDA:3,0,1,0
BRDA:3,1,0,1
BRDA:3,1,1,1
BRDA:9,2,0,40
BRDA:9,2,1,1
BRF:6
BRH:5
end_of_record
TN:
SF:src/features/RatingsAndReviews/RatingBreakdown/ratingBreakdownSlice.js
FN:12,(anonymous_0)
FNF:1
FNH:0
FNDA:0,(anonymous_0)
DA:4,1
DA:8,1
DA:13,0
DA:14,0
DA:15,0
DA:16,0
DA:18,0
DA:19,0
DA:25,1
LF:9
LH:3
BRDA:13,0,0,0
BRDA:13,0,1,0
BRDA:15,1,0,0
BRDA:15,1,1,0
BRF:4
BRH:0
end_of_record
TN:
SF:src/features/RatingsAndReviews/SortItems/sortItemsSlice.js
FN:11,(anonymous_0)
FNF:1
FNH:0
FNDA:0,(anonymous_0)
DA:3,1
DA:7,1
DA:12,0
DA:17,1
LF:4
LH:3
BRF:0
BRH:0
end_of_record
TN:
SF:src/features/RelatedItemsAndComparison/OutfitList/outfitListSlice.jsx
FN:11,(anonymous_0)
FN:14,(anonymous_1)
FNF:2
FNH:0
FNDA:0,(anonymous_0)
FNDA:0,(anonymous_1)
DA:3,1
DA:7,1
DA:12,0
DA:15,0
DA:20,1
LF:5
LH:3
BRF:0
BRH:0
end_of_record
TN:
SF:src/features/UI/Button.jsx
FN:7,Button
FNF:1
FNH:1
FNDA:22,Button
DA:8,22
LF:1
LH:1
BRF:0
BRH:0
end_of_record
TN:
SF:src/features/UI/Button.module.css
FN:8,(anonymous_0)
FN:15,(anonymous_1)
FNF:2
FNH:1
FNDA:23,(anonymous_0)
FNDA:0,(anonymous_1)
DA:1,1
DA:3,1
DA:4,1
DA:7,1
DA:9,23
DA:10,22
DA:12,1
DA:16,0
DA:20,0
DA:23,0
LF:10
LH:7
BRDA:3,0,0,1
BRDA:3,0,1,0
BRDA:3,1,0,1
BRDA:3,1,1,1
BRDA:9,2,0,22
BRDA:9,2,1,1
BRF:6
BRH:5
end_of_record
TN:
SF:src/features/UI/Card.jsx
FN:10,Card
FNF:1
FNH:0
FNDA:0,Card
DA:11,0
LF:1
LH:0
BRF:0
BRH:0
end_of_record
TN:
SF:src/features/UI/Card.module.css
FN:8,(anonymous_0)
FN:15,(anonymous_1)
FNF:2
FNH:1
FNDA:1,(anonymous_0)
FNDA:0,(anonymous_1)
DA:1,1
DA:3,1
DA:4,1
DA:7,1
DA:9,1
DA:10,0
DA:12,1
DA:16,0
DA:20,0
DA:23,0
LF:10
LH:6
BRDA:3,0,0,1
BRDA:3,0,1,0
BRDA:3,1,0,1
BRDA:3,1,1,1
BRDA:9,2,0,0
BRDA:9,2,1,1
BRF:6
BRH:4
end_of_record
TN:
SF:src/features/UI/Modal.jsx
FN:9,Backdrop
FN:13,Modal
FNF:2
FNH:1
FNDA:0,Backdrop
FNDA:10,Modal
DA:10,0
DA:14,10
LF:2
LH:1
BRF:0
BRH:0
end_of_record
TN:
SF:src/features/UI/Modal.module.css
FN:8,(anonymous_0)
FN:15,(anonymous_1)
FNF:2
FNH:1
FNDA:1,(anonymous_0)
FNDA:0,(anonymous_1)
DA:1,1
DA:3,1
DA:4,1
DA:7,1
DA:9,1
DA:10,0
DA:12,1
DA:16,0
DA:20,0
DA:23,0
LF:10
LH:6
BRDA:3,0,0,1
BRDA:3,0,1,0
BRDA:3,1,0,1
BRDA:3,1,1,1
BRDA:9,2,0,0
BRDA:9,2,1,1
BRF:6
BRH:4
end_of_record
TN:
SF:src/services/products.js
FN:8,(anonymous_0)
FN:13,(anonymous_1)
FN:15,(anonymous_2)
FN:18,(anonymous_3)
FN:21,(anonymous_4)
FN:24,(anonymous_5)
FN:27,(anonymous_6)
FNF:7
FNH:3
FNDA:5,(anonymous_0)
FNDA:1,(anonymous_1)
FNDA:0,(anonymous_2)
FNDA:0,(anonymous_3)
FNDA:5,(anonymous_4)
FNDA:0,(anonymous_5)
FNDA:0,(anonymous_6)
DA:4,1
DA:9,5
DA:10,5
DA:13,1
DA:15,0
DA:18,0
DA:21,5
DA:24,0
DA:27,0
DA:38,1
LF:10
LH:6
BRF:0
BRH:0
end_of_record
TN:
SF:src/services/questions.js
FN:8,(anonymous_0)
FN:14,(anonymous_1)
FN:16,(anonymous_2)
FN:20,(anonymous_3)
FN:35,(anonymous_4)
FN:42,(anonymous_5)
FN:49,(anonymous_6)
FN:53,(anonymous_7)
FN:67,(anonymous_8)
FN:74,(anonymous_9)
FNF:10
FNH:4
FNDA:15,(anonymous_0)
FNDA:1,(anonymous_1)
FNDA:5,(anonymous_2)
FNDA:0,(anonymous_3)
FNDA:0,(anonymous_4)
FNDA:0,(anonymous_5)
FNDA:10,(anonymous_6)
FNDA:0,(anonymous_7)
FNDA:0,(anonymous_8)
FNDA:0,(anonymous_9)
DA:4,1
DA:9,15
DA:10,15
DA:14,1
DA:16,5
DA:22,0
DA:35,0
DA:42,0
DA:49,10
DA:55,0
DA:67,0
DA:74,0
DA:92,1
LF:13
LH:7
BRF:0
BRH:0
end_of_record
TN:
SF:src/services/reviews.js
FN:9,(anonymous_0)
FN:15,(anonymous_1)
FN:17,(anonymous_2)
FN:21,(anonymous_3)
FN:25,(anonymous_4)
FN:33,(anonymous_5)
FN:40,(anonymous_6)
FNF:7
FNH:1
FNDA:0,(anonymous_0)
FNDA:1,(anonymous_1)
FNDA:0,(anonymous_2)
FNDA:0,(anonymous_3)
FNDA:0,(anonymous_4)
FNDA:0,(anonymous_5)
FNDA:0,(anonymous_6)
DA:5,1
DA:10,0
DA:11,0
DA:15,1
DA:17,0
DA:21,0
DA:25,0
DA:33,0
DA:40,0
DA:54,1
LF:10
LH:3
BRF:0
BRH:0
end_of_record
